


 $$$$$   $$$   $      $$$  $$$$    $$$   $$$$$     $    $$$    $$$ 
 $      $   $  $       $   $   $  $   $  $        $$   $   $  $   $
 $      $      $       $   $   $  $      $         $   $   $  $   $
 $$$$   $      $       $   $$$$    $$$   $$$$      $   $   $  $   $
 $      $      $       $   $          $  $         $   $   $  $   $
 $      $   $  $       $   $      $   $  $         $   $   $  $   $
 $$$$$   $$$   $$$$$  $$$  $       $$$   $$$$$    $$$   $$$    $$$ 



                       $$$$$   $$$   $      $$$  $$$$    $$$   $$$$$     $    $$$    $$$ 
                       $      $   $  $       $   $   $  $   $  $        $$   $   $  $   $
                       $      $      $       $   $   $  $      $         $   $   $  $   $
                       $$$$   $      $       $   $$$$    $$$   $$$$      $   $   $  $   $
                       $      $      $       $   $          $  $         $   $   $  $   $
                       $      $   $  $       $   $      $   $  $         $   $   $  $   $
                       $$$$$   $$$   $$$$$  $$$  $       $$$   $$$$$    $$$   $$$    $$$ 



                                             $$$$$   $$$   $      $$$  $$$$    $$$   $$$$$     $    $$$    $$$ 
                                             $      $   $  $       $   $   $  $   $  $        $$   $   $  $   $
                                             $      $      $       $   $   $  $      $         $   $   $  $   $
                                             $$$$   $      $       $   $$$$    $$$   $$$$      $   $   $  $   $
                                             $      $      $       $   $          $  $         $   $   $  $   $
                                             $      $   $  $       $   $      $   $  $         $   $   $  $   $
                                             $$$$$   $$$   $$$$$  $$$  $       $$$   $$$$$    $$$   $$$    $$$ 



                                                                   $$$$$   $$$   $      $$$  $$$$    $$$   $$$$$     $    $$$    $$$ 
                                                                   $      $   $  $       $   $   $  $   $  $        $$   $   $  $   $
                                                                   $      $      $       $   $   $  $      $         $   $   $  $   $
                                                                   $$$$   $      $       $   $$$$    $$$   $$$$      $   $   $  $   $
                                                                   $      $      $       $   $          $  $         $   $   $  $   $
                                                                   $      $   $  $       $   $      $   $  $         $   $   $  $   $
                                                                   $$$$$   $$$   $$$$$  $$$  $       $$$   $$$$$    $$$   $$$    $$$ 

Proprietary Notice
This application contains the confidential and proprietary trade secrets of Schlumberger and may not be copied or stored in an
information retrieval system, transferred, used, distributed, translated, or retransmitted in any form or by any means, electron
or mechanical, in whole or in part, without the express written permission of the copyright owner.

ECLIPSE is a mark of Schlumberger. Copyright (c) 1981-2013 Schlumberger. All rights reserved.

Version =  2013.2  
Arch    =  Linux X86_64 (64 bit, LINUX_REL5IL64OPT)

Annex    | Modification date    | Update date          | baseline             
=====    | =================    | ===========          | ========             
ECLIPSE  | 09-OCT-2013 15:41:21 | 07-NOV-2013 13:52:05 | 2013.2_461250
petlast  | 19-MAR-2013 10:22:06 | 07-NOV-2013 13:52:08 | 2013.2_461250
system   | 20-JUN-2013 08:29:01 | 07-NOV-2013 13:52:09 | 2013.2_461250
tpb      | 19-MAR-2013 10:22:06 | 07-NOV-2013 13:52:09 | 2013.2_461250
utility  | 21-JUN-2013 12:40:03 | 07-NOV-2013 13:52:09 | 2013.2_461250
 
 HOST be-lcf01-01-08 USER kflik ARCH  

1

 ******** ECHO OF INPUT DATA FOR RUN SPE3_MODIFIED

 0: -- SLIGHTLY EDITED SPE3-CASE. MINUMUM BHP FOR PRODUCER INCREASED TO PREVENT
 0: -- NEGATIVE REGATIVE RV
 0: --
 0: RUNSPEC
 0: TITLE
 0:    GAS CONDENSATE TEST
 0: 
 0: DIMENS
 0:    9   9    4  /
 0: 
 0: NONNC
 0: 
 0: OIL
 0: 
 0: WATER
 0: 
 0: GAS
 0: 
 0: VAPOIL
 0: 
 0: FIELD
 0: 
 0: --EQLDIMS
 0: --1  100   10    1    1 /
 0: 
 0: TABDIMS
 0:     1    1   25   25    1   15 /
 0: 
 0: WELLDIMS
 0:     18    2    2    10 /
 0: 
 0: NUPCOL
 0:     4 /
 0: 
 0: VFPPDIMS
 0:     7    3    4    2    0    1 /
 0: 
 0: VFPIDIMS
 0:     6    3    1 /
 0: 
 0: 
 0: START
 0:   1 'NOV' 2004  /
 0: 
 0: NSTACK
 0:    25 /
 0: 
 0: UNIFOUT
 0: 
 0: UNIFIN
 0: 
 0: 
 0: 
 0: --Grid Properties ======================================================
 0: -------- IN THIS SECTION , THE GEOMETRY OF THE  SIMULATION GRID AND THE
 0: -------- ROCK PERMEABILITIES AND POROSITIES ARE DEFINED.
 0: ------------------------------------------------------------------------
 0: --  THE X AND Y DIRECTION CELL SIZES ( DX, DY ) AND THE POROSITIES ARE
 0: --  CONSTANT THROUGHOUT THE GRID. THESE ARE SET IN THE FIRST 3 LINES
 0: --  AFTER THE EQUALS KEYWORD. THE CELL THICKNESSES ( DZ ) AND
 0: --  PERMEABILITES ARE THEN SET FOR EACH  LAYER. THE CELL TOP DEPTHS
 0: --  ( TOPS ) ARE NEEDED ONLY IN THE TOP LAYER ( THOUGH THEY COULD BE.
 0: --  SET THROUGHOUT THE GRID ). THE SPECIFIED MULTZ VALUES ACT AS
 0: --  MULTIPLIERS ON THE TRANSMISSIBILITIES BETWEEN THE CURRENT LAYER
 0: --  AND THE LAYER BELOW.
 0: GRID
 0: INIT
 0: --     ARRAY  VALUE     ------- BOX ------
 0: -- EQUALS
 0: -- 'DX' 293.3 /
 0: -- 'DY' 293.3 /
 0: -- 'PORO' 0.13 /
 0: 
 0: --    DZ      Depth    Nxmin   Nxmax   Nymin   Nymax   DZmin  DZmax
 0: --   'DZ'     30	1	9 	1	9	1	2  /
 0: --   'DZ'     50	1	9 	1	9	3	4  /
 0: 
 0: --   'PERMX'  130       1	9 	1	9	1	1  /
 0: --   'PERMX'  40        1	9 	1	9	2	2  /
 0: --   'PERMX'  20        1	9 	1	9	3	3  /
 0: --   'PERMX'  150       1	9 	1	9	4	4  /
 0: 
 0: --   'PERMZ'  13        1	9 	1	9	1	1  /
 0: --   'PERMZ'  4         1	9 	1	9	2	2  /
 0: --   'PERMZ'  2         1	9 	1	9	3	3  /
 0: --   'PERMZ'  15        1	9 	1	9	4	4  /
 0: 
 0: --   'TOPS'   7315      1	9	1	9	1	1  /
 0: -- /
 0: -- COPY
 0: --  'PERMX' 'PERMY' /
 0: -- /
 0: INCLUDE

 ******** START OF INCLUDED FILE ./SPE3.GRDECL                                                                                                                       

 1: -- The following file was written from MATLAB using the MRST toolbox.
 1: 
 1: SPECGRID
 1: 9 9 4 1 F
 1: /
 1: 
 1: COORD
 1:     0.000000     0.000000  7315.000000     0.000000     0.000000  7475.000000
 1:   293.300000     0.000000  7315.000000   293.300000     0.000000  7475.000000
 1:   586.600000     0.000000  7315.000000   586.600000     0.000000  7475.000000
 1:   879.900000     0.000000  7315.000000   879.900000     0.000000  7475.000000
 1:  1173.200000     0.000000  7315.000000  1173.200000     0.000000  7475.000000
 1:  1466.500000     0.000000  7315.000000  1466.500000     0.000000  7475.000000
 1:  1759.800000     0.000000  7315.000000  1759.800000     0.000000  7475.000000
 1:  2053.100000     0.000000  7315.000000  2053.100000     0.000000  7475.000000
 1:  2346.400000     0.000000  7315.000000  2346.400000     0.000000  7475.000000
 1:  2639.700000     0.000000  7315.000000  2639.700000     0.000000  7475.000000
 1:     0.000000   293.300000  7315.000000     0.000000   293.300000  7475.000000
 1:   293.300000   293.300000  7315.000000   293.300000   293.300000  7475.000000
 1:   586.600000   293.300000  7315.000000   586.600000   293.300000  7475.000000
 1:   879.900000   293.300000  7315.000000   879.900000   293.300000  7475.000000
 1:  1173.200000   293.300000  7315.000000  1173.200000   293.300000  7475.000000
 1:  1466.500000   293.300000  7315.000000  1466.500000   293.300000  7475.000000
 1:  1759.800000   293.300000  7315.000000  1759.800000   293.300000  7475.000000
 1:  2053.100000   293.300000  7315.000000  2053.100000   293.300000  7475.000000
 1:  2346.400000   293.300000  7315.000000  2346.400000   293.300000  7475.000000
 1:  2639.700000   293.300000  7315.000000  2639.700000   293.300000  7475.000000
 1:     0.000000   586.600000  7315.000000     0.000000   586.600000  7475.000000
 1:   293.300000   586.600000  7315.000000   293.300000   586.600000  7475.000000
 1:   586.600000   586.600000  7315.000000   586.600000   586.600000  7475.000000
 1:   879.900000   586.600000  7315.000000   879.900000   586.600000  7475.000000
 1:  1173.200000   586.600000  7315.000000  1173.200000   586.600000  7475.000000
 1:  1466.500000   586.600000  7315.000000  1466.500000   586.600000  7475.000000
 1:  1759.800000   586.600000  7315.000000  1759.800000   586.600000  7475.000000
 1:  2053.100000   586.600000  7315.000000  2053.100000   586.600000  7475.000000
 1:  2346.400000   586.600000  7315.000000  2346.400000   586.600000  7475.000000
 1:  2639.700000   586.600000  7315.000000  2639.700000   586.600000  7475.000000
 1:     0.000000   879.900000  7315.000000     0.000000   879.900000  7475.000000
 1:   293.300000   879.900000  7315.000000   293.300000   879.900000  7475.000000
 1:   586.600000   879.900000  7315.000000   586.600000   879.900000  7475.000000
 1:   879.900000   879.900000  7315.000000   879.900000   879.900000  7475.000000
 1:  1173.200000   879.900000  7315.000000  1173.200000   879.900000  7475.000000
 1:  1466.500000   879.900000  7315.000000  1466.500000   879.900000  7475.000000
 1:  1759.800000   879.900000  7315.000000  1759.800000   879.900000  7475.000000
 1:  2053.100000   879.900000  7315.000000  2053.100000   879.900000  7475.000000
 1:  2346.400000   879.900000  7315.000000  2346.400000   879.900000  7475.000000
 1:  2639.700000   879.900000  7315.000000  2639.700000   879.900000  7475.000000
 1:     0.000000  1173.200000  7315.000000     0.000000  1173.200000  7475.000000
 1:   293.300000  1173.200000  7315.000000   293.300000  1173.200000  7475.000000
 1:   586.600000  1173.200000  7315.000000   586.600000  1173.200000  7475.000000
 1:   879.900000  1173.200000  7315.000000   879.900000  1173.200000  7475.000000
 1:  1173.200000  1173.200000  7315.000000  1173.200000  1173.200000  7475.000000
 1:  1466.500000  1173.200000  7315.000000  1466.500000  1173.200000  7475.000000
 1:  1759.800000  1173.200000  7315.000000  1759.800000  1173.200000  7475.000000
 1:  2053.100000  1173.200000  7315.000000  2053.100000  1173.200000  7475.000000
 1:  2346.400000  1173.200000  7315.000000  2346.400000  1173.200000  7475.000000
 1:  2639.700000  1173.200000  7315.000000  2639.700000  1173.200000  7475.000000
 1:     0.000000  1466.500000  7315.000000     0.000000  1466.500000  7475.000000
 1:   293.300000  1466.500000  7315.000000   293.300000  1466.500000  7475.000000
 1:   586.600000  1466.500000  7315.000000   586.600000  1466.500000  7475.000000
 1:   879.900000  1466.500000  7315.000000   879.900000  1466.500000  7475.000000
 1:  1173.200000  1466.500000  7315.000000  1173.200000  1466.500000  7475.000000
 1:  1466.500000  1466.500000  7315.000000  1466.500000  1466.500000  7475.000000
 1:  1759.800000  1466.500000  7315.000000  1759.800000  1466.500000  7475.000000
 1:  2053.100000  1466.500000  7315.000000  2053.100000  1466.500000  7475.000000
 1:  2346.400000  1466.500000  7315.000000  2346.400000  1466.500000  7475.000000
 1:  2639.700000  1466.500000  7315.000000  2639.700000  1466.500000  7475.000000
 1:     0.000000  1759.800000  7315.000000     0.000000  1759.800000  7475.000000
 1:   293.300000  1759.800000  7315.000000   293.300000  1759.800000  7475.000000
 1:   586.600000  1759.800000  7315.000000   586.600000  1759.800000  7475.000000
 1:   879.900000  1759.800000  7315.000000   879.900000  1759.800000  7475.000000
 1:  1173.200000  1759.800000  7315.000000  1173.200000  1759.800000  7475.000000
 1:  1466.500000  1759.800000  7315.000000  1466.500000  1759.800000  7475.000000
 1:  1759.800000  1759.800000  7315.000000  1759.800000  1759.800000  7475.000000
 1:  2053.100000  1759.800000  7315.000000  2053.100000  1759.800000  7475.000000
 1:  2346.400000  1759.800000  7315.000000  2346.400000  1759.800000  7475.000000
 1:  2639.700000  1759.800000  7315.000000  2639.700000  1759.800000  7475.000000
 1:     0.000000  2053.100000  7315.000000     0.000000  2053.100000  7475.000000
 1:   293.300000  2053.100000  7315.000000   293.300000  2053.100000  7475.000000
 1:   586.600000  2053.100000  7315.000000   586.600000  2053.100000  7475.000000
 1:   879.900000  2053.100000  7315.000000   879.900000  2053.100000  7475.000000
 1:  1173.200000  2053.100000  7315.000000  1173.200000  2053.100000  7475.000000
 1:  1466.500000  2053.100000  7315.000000  1466.500000  2053.100000  7475.000000
 1:  1759.800000  2053.100000  7315.000000  1759.800000  2053.100000  7475.000000
 1:  2053.100000  2053.100000  7315.000000  2053.100000  2053.100000  7475.000000
 1:  2346.400000  2053.100000  7315.000000  2346.400000  2053.100000  7475.000000
 1:  2639.700000  2053.100000  7315.000000  2639.700000  2053.100000  7475.000000
 1:     0.000000  2346.400000  7315.000000     0.000000  2346.400000  7475.000000
 1:   293.300000  2346.400000  7315.000000   293.300000  2346.400000  7475.000000
 1:   586.600000  2346.400000  7315.000000   586.600000  2346.400000  7475.000000
 1:   879.900000  2346.400000  7315.000000   879.900000  2346.400000  7475.000000
 1:  1173.200000  2346.400000  7315.000000  1173.200000  2346.400000  7475.000000
 1:  1466.500000  2346.400000  7315.000000  1466.500000  2346.400000  7475.000000
 1:  1759.800000  2346.400000  7315.000000  1759.800000  2346.400000  7475.000000
 1:  2053.100000  2346.400000  7315.000000  2053.100000  2346.400000  7475.000000
 1:  2346.400000  2346.400000  7315.000000  2346.400000  2346.400000  7475.000000
 1:  2639.700000  2346.400000  7315.000000  2639.700000  2346.400000  7475.000000
 1:     0.000000  2639.700000  7315.000000     0.000000  2639.700000  7475.000000
 1:   293.300000  2639.700000  7315.000000   293.300000  2639.700000  7475.000000
 1:   586.600000  2639.700000  7315.000000   586.600000  2639.700000  7475.000000
 1:   879.900000  2639.700000  7315.000000   879.900000  2639.700000  7475.000000
 1:  1173.200000  2639.700000  7315.000000  1173.200000  2639.700000  7475.000000
 1:  1466.500000  2639.700000  7315.000000  1466.500000  2639.700000  7475.000000
 1:  1759.800000  2639.700000  7315.000000  1759.800000  2639.700000  7475.000000
 1:  2053.100000  2639.700000  7315.000000  2053.100000  2639.700000  7475.000000
 1:  2346.400000  2639.700000  7315.000000  2346.400000  2639.700000  7475.000000
 1:  2639.700000  2639.700000  7315.000000  2639.700000  2639.700000  7475.000000
 1: /
 1: 
 1: ZCORN
 1:  7315.000000  7315.000000  7315.000000  7315.000000  7315.000000  7315.000000  7315.000000  7315.000000
 1:  7315.000000  7315.000000  7315.000000  7315.000000  7315.000000  7315.000000  7315.000000  7315.000000
 1:  7315.000000  7315.000000  7315.000000  7315.000000  7315.000000  7315.000000  7315.000000  7315.000000
 1:  7315.000000  7315.000000  7315.000000  7315.000000  7315.000000  7315.000000  7315.000000  7315.000000
 1:  7315.000000  7315.000000  7315.000000  7315.000000  7315.000000  7315.000000  7315.000000  7315.000000
 1:  7315.000000  7315.000000  7315.000000  7315.000000  7315.000000  7315.000000  7315.000000  7315.000000
 1:  7315.000000  7315.000000  7315.000000  7315.000000  7315.000000  7315.000000  7315.000000  7315.000000
 1:  7315.000000  7315.000000  7315.000000  7315.000000  7315.000000  7315.000000  7315.000000  7315.000000
 1:  7315.000000  7315.000000  7315.000000  7315.000000  7315.000000  7315.000000  7315.000000  7315.000000
 1:  7315.000000  7315.000000  7315.000000  7315.000000  7315.000000  7315.000000  7315.000000  7315.000000
 1:  7315.000000  7315.000000  7315.000000  7315.000000  7315.000000  7315.000000  7315.000000  7315.000000
 1:  7315.000000  7315.000000  7315.000000  7315.000000  7315.000000  7315.000000  7315.000000  7315.000000
 1:  7315.000000  7315.000000  7315.000000  7315.000000  7315.000000  7315.000000  7315.000000  7315.000000
 1:  7315.000000  7315.000000  7315.000000  7315.000000  7315.000000  7315.000000  7315.000000  7315.000000
 1:  7315.000000  7315.000000  7315.000000  7315.000000  7315.000000  7315.000000  7315.000000  7315.000000
 1:  7315.000000  7315.000000  7315.000000  7315.000000  7315.000000  7315.000000  7315.000000  7315.000000
 1:  7315.000000  7315.000000  7315.000000  7315.000000  7315.000000  7315.000000  7315.000000  7315.000000
 1:  7315.000000  7315.000000  7315.000000  7315.000000  7315.000000  7315.000000  7315.000000  7315.000000
 1:  7315.000000  7315.000000  7315.000000  7315.000000  7315.000000  7315.000000  7315.000000  7315.000000
 1:  7315.000000  7315.000000  7315.000000  7315.000000  7315.000000  7315.000000  7315.000000  7315.000000
 1:  7315.000000  7315.000000  7315.000000  7315.000000  7315.000000  7315.000000  7315.000000  7315.000000
 1:  7315.000000  7315.000000  7315.000000  7315.000000  7315.000000  7315.000000  7315.000000  7315.000000
 1:  7315.000000  7315.000000  7315.000000  7315.000000  7315.000000  7315.000000  7315.000000  7315.000000
 1:  7315.000000  7315.000000  7315.000000  7315.000000  7315.000000  7315.000000  7315.000000  7315.000000
 1:  7315.000000  7315.000000  7315.000000  7315.000000  7315.000000  7315.000000  7315.000000  7315.000000
 1:  7315.000000  7315.000000  7315.000000  7315.000000  7315.000000  7315.000000  7315.000000  7315.000000
 1:  7315.000000  7315.000000  7315.000000  7315.000000  7315.000000  7315.000000  7315.000000  7315.000000
 1:  7315.000000  7315.000000  7315.000000  7315.000000  7315.000000  7315.000000  7315.000000  7315.000000
 1:  7315.000000  7315.000000  7315.000000  7315.000000  7315.000000  7315.000000  7315.000000  7315.000000
 1:  7315.000000  7315.000000  7315.000000  7315.000000  7315.000000  7315.000000  7315.000000  7315.000000
 1:  7315.000000  7315.000000  7315.000000  7315.000000  7315.000000  7315.000000  7315.000000  7315.000000
 1:  7315.000000  7315.000000  7315.000000  7315.000000  7315.000000  7315.000000  7315.000000  7315.000000
 1:  7315.000000  7315.000000  7315.000000  7315.000000  7315.000000  7315.000000  7315.000000  7315.000000
 1:  7315.000000  7315.000000  7315.000000  7315.000000  7315.000000  7315.000000  7315.000000  7315.000000
 1:  7315.000000  7315.000000  7315.000000  7315.000000  7315.000000  7315.000000  7315.000000  7315.000000
 1:  7315.000000  7315.000000  7315.000000  7315.000000  7315.000000  7315.000000  7315.000000  7315.000000
 1:  7315.000000  7315.000000  7315.000000  7315.000000  7315.000000  7315.000000  7315.000000  7315.000000
 1:  7315.000000  7315.000000  7315.000000  7315.000000  7315.000000  7315.000000  7315.000000  7315.000000
 1:  7315.000000  7315.000000  7315.000000  7315.000000  7315.000000  7315.000000  7315.000000  7315.000000
 1:  7315.000000  7315.000000  7315.000000  7315.000000  7315.000000  7315.000000  7315.000000  7315.000000
 1:  7315.000000  7315.000000  7315.000000  7315.000000  7345.000000  7345.000000  7345.000000  7345.000000
 1:  7345.000000  7345.000000  7345.000000  7345.000000  7345.000000  7345.000000  7345.000000  7345.000000
 1:  7345.000000  7345.000000  7345.000000  7345.000000  7345.000000  7345.000000  7345.000000  7345.000000
 1:  7345.000000  7345.000000  7345.000000  7345.000000  7345.000000  7345.000000  7345.000000  7345.000000
 1:  7345.000000  7345.000000  7345.000000  7345.000000  7345.000000  7345.000000  7345.000000  7345.000000
 1:  7345.000000  7345.000000  7345.000000  7345.000000  7345.000000  7345.000000  7345.000000  7345.000000
 1:  7345.000000  7345.000000  7345.000000  7345.000000  7345.000000  7345.000000  7345.000000  7345.000000
 1:  7345.000000  7345.000000  7345.000000  7345.000000  7345.000000  7345.000000  7345.000000  7345.000000
 1:  7345.000000  7345.000000  7345.000000  7345.000000  7345.000000  7345.000000  7345.000000  7345.000000
 1:  7345.000000  7345.000000  7345.000000  7345.000000  7345.000000  7345.000000  7345.000000  7345.000000
 1:  7345.000000  7345.000000  7345.000000  7345.000000  7345.000000  7345.000000  7345.000000  7345.000000
 1:  7345.000000  7345.000000  7345.000000  7345.000000  7345.000000  7345.000000  7345.000000  7345.000000
 1:  7345.000000  7345.000000  7345.000000  7345.000000  7345.000000  7345.000000  7345.000000  7345.000000
 1:  7345.000000  7345.000000  7345.000000  7345.000000  7345.000000  7345.000000  7345.000000  7345.000000
 1:  7345.000000  7345.000000  7345.000000  7345.000000  7345.000000  7345.000000  7345.000000  7345.000000
 1:  7345.000000  7345.000000  7345.000000  7345.000000  7345.000000  7345.000000  7345.000000  7345.000000
 1:  7345.000000  7345.000000  7345.000000  7345.000000  7345.000000  7345.000000  7345.000000  7345.000000
 1:  7345.000000  7345.000000  7345.000000  7345.000000  7345.000000  7345.000000  7345.000000  7345.000000
 1:  7345.000000  7345.000000  7345.000000  7345.000000  7345.000000  7345.000000  7345.000000  7345.000000
 1:  7345.000000  7345.000000  7345.000000  7345.000000  7345.000000  7345.000000  7345.000000  7345.000000
 1:  7345.000000  7345.000000  7345.000000  7345.000000  7345.000000  7345.000000  7345.000000  7345.000000
 1:  7345.000000  7345.000000  7345.000000  7345.000000  7345.000000  7345.000000  7345.000000  7345.000000
 1:  7345.000000  7345.000000  7345.000000  7345.000000  7345.000000  7345.000000  7345.000000  7345.000000
 1:  7345.000000  7345.000000  7345.000000  7345.000000  7345.000000  7345.000000  7345.000000  7345.000000
 1:  7345.000000  7345.000000  7345.000000  7345.000000  7345.000000  7345.000000  7345.000000  7345.000000
 1:  7345.000000  7345.000000  7345.000000  7345.000000  7345.000000  7345.000000  7345.000000  7345.000000
 1:  7345.000000  7345.000000  7345.000000  7345.000000  7345.000000  7345.000000  7345.000000  7345.000000
 1:  7345.000000  7345.000000  7345.000000  7345.000000  7345.000000  7345.000000  7345.000000  7345.000000
 1:  7345.000000  7345.000000  7345.000000  7345.000000  7345.000000  7345.000000  7345.000000  7345.000000
 1:  7345.000000  7345.000000  7345.000000  7345.000000  7345.000000  7345.000000  7345.000000  7345.000000
 1:  7345.000000  7345.000000  7345.000000  7345.000000  7345.000000  7345.000000  7345.000000  7345.000000
 1:  7345.000000  7345.000000  7345.000000  7345.000000  7345.000000  7345.000000  7345.000000  7345.000000
 1:  7345.000000  7345.000000  7345.000000  7345.000000  7345.000000  7345.000000  7345.000000  7345.000000
 1:  7345.000000  7345.000000  7345.000000  7345.000000  7345.000000  7345.000000  7345.000000  7345.000000
 1:  7345.000000  7345.000000  7345.000000  7345.000000  7345.000000  7345.000000  7345.000000  7345.000000
 1:  7345.000000  7345.000000  7345.000000  7345.000000  7345.000000  7345.000000  7345.000000  7345.000000
 1:  7345.000000  7345.000000  7345.000000  7345.000000  7345.000000  7345.000000  7345.000000  7345.000000
 1:  7345.000000  7345.000000  7345.000000  7345.000000  7345.000000  7345.000000  7345.000000  7345.000000
 1:  7345.000000  7345.000000  7345.000000  7345.000000  7345.000000  7345.000000  7345.000000  7345.000000
 1:  7345.000000  7345.000000  7345.000000  7345.000000  7345.000000  7345.000000  7345.000000  7345.000000
 1:  7345.000000  7345.000000  7345.000000  7345.000000  7345.000000  7345.000000  7345.000000  7345.000000
 1:  7345.000000  7345.000000  7345.000000  7345.000000  7345.000000  7345.000000  7345.000000  7345.000000
 1:  7345.000000  7345.000000  7345.000000  7345.000000  7345.000000  7345.000000  7345.000000  7345.000000
 1:  7345.000000  7345.000000  7345.000000  7345.000000  7345.000000  7345.000000  7345.000000  7345.000000
 1:  7345.000000  7345.000000  7345.000000  7345.000000  7345.000000  7345.000000  7345.000000  7345.000000
 1:  7345.000000  7345.000000  7345.000000  7345.000000  7345.000000  7345.000000  7345.000000  7345.000000
 1:  7345.000000  7345.000000  7345.000000  7345.000000  7345.000000  7345.000000  7345.000000  7345.000000
 1:  7345.000000  7345.000000  7345.000000  7345.000000  7345.000000  7345.000000  7345.000000  7345.000000
 1:  7345.000000  7345.000000  7345.000000  7345.000000  7345.000000  7345.000000  7345.000000  7345.000000
 1:  7345.000000  7345.000000  7345.000000  7345.000000  7345.000000  7345.000000  7345.000000  7345.000000
 1:  7345.000000  7345.000000  7345.000000  7345.000000  7345.000000  7345.000000  7345.000000  7345.000000
 1:  7345.000000  7345.000000  7345.000000  7345.000000  7345.000000  7345.000000  7345.000000  7345.000000
 1:  7345.000000  7345.000000  7345.000000  7345.000000  7345.000000  7345.000000  7345.000000  7345.000000
 1:  7345.000000  7345.000000  7345.000000  7345.000000  7345.000000  7345.000000  7345.000000  7345.000000
 1:  7345.000000  7345.000000  7345.000000  7345.000000  7345.000000  7345.000000  7345.000000  7345.000000
 1:  7345.000000  7345.000000  7345.000000  7345.000000  7345.000000  7345.000000  7345.000000  7345.000000
 1:  7345.000000  7345.000000  7345.000000  7345.000000  7345.000000  7345.000000  7345.000000  7345.000000
 1:  7345.000000  7345.000000  7345.000000  7345.000000  7345.000000  7345.000000  7345.000000  7345.000000
 1:  7345.000000  7345.000000  7345.000000  7345.000000  7345.000000  7345.000000  7345.000000  7345.000000
 1:  7345.000000  7345.000000  7345.000000  7345.000000  7345.000000  7345.000000  7345.000000  7345.000000
 1:  7345.000000  7345.000000  7345.000000  7345.000000  7345.000000  7345.000000  7345.000000  7345.000000
 1:  7345.000000  7345.000000  7345.000000  7345.000000  7345.000000  7345.000000  7345.000000  7345.000000
 1:  7345.000000  7345.000000  7345.000000  7345.000000  7345.000000  7345.000000  7345.000000  7345.000000
 1:  7345.000000  7345.000000  7345.000000  7345.000000  7345.000000  7345.000000  7345.000000  7345.000000
 1:  7345.000000  7345.000000  7345.000000  7345.000000  7345.000000  7345.000000  7345.000000  7345.000000
 1:  7345.000000  7345.000000  7345.000000  7345.000000  7345.000000  7345.000000  7345.000000  7345.000000
 1:  7345.000000  7345.000000  7345.000000  7345.000000  7345.000000  7345.000000  7345.000000  7345.000000
 1:  7345.000000  7345.000000  7345.000000  7345.000000  7345.000000  7345.000000  7345.000000  7345.000000
 1:  7345.000000  7345.000000  7345.000000  7345.000000  7345.000000  7345.000000  7345.000000  7345.000000
 1:  7345.000000  7345.000000  7345.000000  7345.000000  7345.000000  7345.000000  7345.000000  7345.000000
 1:  7345.000000  7345.000000  7345.000000  7345.000000  7345.000000  7345.000000  7345.000000  7345.000000
 1:  7345.000000  7345.000000  7345.000000  7345.000000  7345.000000  7345.000000  7345.000000  7345.000000
 1:  7345.000000  7345.000000  7345.000000  7345.000000  7345.000000  7345.000000  7345.000000  7345.000000
 1:  7345.000000  7345.000000  7345.000000  7345.000000  7345.000000  7345.000000  7345.000000  7345.000000
 1:  7345.000000  7345.000000  7345.000000  7345.000000  7345.000000  7345.000000  7345.000000  7345.000000
 1:  7345.000000  7345.000000  7345.000000  7345.000000  7345.000000  7345.000000  7345.000000  7345.000000
 1:  7345.000000  7345.000000  7345.000000  7345.000000  7345.000000  7345.000000  7345.000000  7345.000000
 1:  7345.000000  7345.000000  7345.000000  7345.000000  7345.000000  7345.000000  7345.000000  7345.000000
 1:  7345.000000  7345.000000  7345.000000  7345.000000  7345.000000  7345.000000  7345.000000  7345.000000
 1:  7345.000000  7345.000000  7345.000000  7345.000000  7345.000000  7345.000000  7345.000000  7345.000000
 1:  7345.000000  7345.000000  7345.000000  7345.000000  7345.000000  7345.000000  7345.000000  7345.000000
 1:  7345.000000  7345.000000  7345.000000  7345.000000  7375.000000  7375.000000  7375.000000  7375.000000
 1:  7375.000000  7375.000000  7375.000000  7375.000000  7375.000000  7375.000000  7375.000000  7375.000000
 1:  7375.000000  7375.000000  7375.000000  7375.000000  7375.000000  7375.000000  7375.000000  7375.000000
 1:  7375.000000  7375.000000  7375.000000  7375.000000  7375.000000  7375.000000  7375.000000  7375.000000
 1:  7375.000000  7375.000000  7375.000000  7375.000000  7375.000000  7375.000000  7375.000000  7375.000000
 1:  7375.000000  7375.000000  7375.000000  7375.000000  7375.000000  7375.000000  7375.000000  7375.000000
 1:  7375.000000  7375.000000  7375.000000  7375.000000  7375.000000  7375.000000  7375.000000  7375.000000
 1:  7375.000000  7375.000000  7375.000000  7375.000000  7375.000000  7375.000000  7375.000000  7375.000000
 1:  7375.000000  7375.000000  7375.000000  7375.000000  7375.000000  7375.000000  7375.000000  7375.000000
 1:  7375.000000  7375.000000  7375.000000  7375.000000  7375.000000  7375.000000  7375.000000  7375.000000
 1:  7375.000000  7375.000000  7375.000000  7375.000000  7375.000000  7375.000000  7375.000000  7375.000000
 1:  7375.000000  7375.000000  7375.000000  7375.000000  7375.000000  7375.000000  7375.000000  7375.000000
 1:  7375.000000  7375.000000  7375.000000  7375.000000  7375.000000  7375.000000  7375.000000  7375.000000
 1:  7375.000000  7375.000000  7375.000000  7375.000000  7375.000000  7375.000000  7375.000000  7375.000000
 1:  7375.000000  7375.000000  7375.000000  7375.000000  7375.000000  7375.000000  7375.000000  7375.000000
 1:  7375.000000  7375.000000  7375.000000  7375.000000  7375.000000  7375.000000  7375.000000  7375.000000
 1:  7375.000000  7375.000000  7375.000000  7375.000000  7375.000000  7375.000000  7375.000000  7375.000000
 1:  7375.000000  7375.000000  7375.000000  7375.000000  7375.000000  7375.000000  7375.000000  7375.000000
 1:  7375.000000  7375.000000  7375.000000  7375.000000  7375.000000  7375.000000  7375.000000  7375.000000
 1:  7375.000000  7375.000000  7375.000000  7375.000000  7375.000000  7375.000000  7375.000000  7375.000000
 1:  7375.000000  7375.000000  7375.000000  7375.000000  7375.000000  7375.000000  7375.000000  7375.000000
 1:  7375.000000  7375.000000  7375.000000  7375.000000  7375.000000  7375.000000  7375.000000  7375.000000
 1:  7375.000000  7375.000000  7375.000000  7375.000000  7375.000000  7375.000000  7375.000000  7375.000000
 1:  7375.000000  7375.000000  7375.000000  7375.000000  7375.000000  7375.000000  7375.000000  7375.000000
 1:  7375.000000  7375.000000  7375.000000  7375.000000  7375.000000  7375.000000  7375.000000  7375.000000
 1:  7375.000000  7375.000000  7375.000000  7375.000000  7375.000000  7375.000000  7375.000000  7375.000000
 1:  7375.000000  7375.000000  7375.000000  7375.000000  7375.000000  7375.000000  7375.000000  7375.000000
 1:  7375.000000  7375.000000  7375.000000  7375.000000  7375.000000  7375.000000  7375.000000  7375.000000
 1:  7375.000000  7375.000000  7375.000000  7375.000000  7375.000000  7375.000000  7375.000000  7375.000000
 1:  7375.000000  7375.000000  7375.000000  7375.000000  7375.000000  7375.000000  7375.000000  7375.000000
 1:  7375.000000  7375.000000  7375.000000  7375.000000  7375.000000  7375.000000  7375.000000  7375.000000
 1:  7375.000000  7375.000000  7375.000000  7375.000000  7375.000000  7375.000000  7375.000000  7375.000000
 1:  7375.000000  7375.000000  7375.000000  7375.000000  7375.000000  7375.000000  7375.000000  7375.000000
 1:  7375.000000  7375.000000  7375.000000  7375.000000  7375.000000  7375.000000  7375.000000  7375.000000
 1:  7375.000000  7375.000000  7375.000000  7375.000000  7375.000000  7375.000000  7375.000000  7375.000000
 1:  7375.000000  7375.000000  7375.000000  7375.000000  7375.000000  7375.000000  7375.000000  7375.000000
 1:  7375.000000  7375.000000  7375.000000  7375.000000  7375.000000  7375.000000  7375.000000  7375.000000
 1:  7375.000000  7375.000000  7375.000000  7375.000000  7375.000000  7375.000000  7375.000000  7375.000000
 1:  7375.000000  7375.000000  7375.000000  7375.000000  7375.000000  7375.000000  7375.000000  7375.000000
 1:  7375.000000  7375.000000  7375.000000  7375.000000  7375.000000  7375.000000  7375.000000  7375.000000
 1:  7375.000000  7375.000000  7375.000000  7375.000000  7375.000000  7375.000000  7375.000000  7375.000000
 1:  7375.000000  7375.000000  7375.000000  7375.000000  7375.000000  7375.000000  7375.000000  7375.000000
 1:  7375.000000  7375.000000  7375.000000  7375.000000  7375.000000  7375.000000  7375.000000  7375.000000
 1:  7375.000000  7375.000000  7375.000000  7375.000000  7375.000000  7375.000000  7375.000000  7375.000000
 1:  7375.000000  7375.000000  7375.000000  7375.000000  7375.000000  7375.000000  7375.000000  7375.000000
 1:  7375.000000  7375.000000  7375.000000  7375.000000  7375.000000  7375.000000  7375.000000  7375.000000
 1:  7375.000000  7375.000000  7375.000000  7375.000000  7375.000000  7375.000000  7375.000000  7375.000000
 1:  7375.000000  7375.000000  7375.000000  7375.000000  7375.000000  7375.000000  7375.000000  7375.000000
 1:  7375.000000  7375.000000  7375.000000  7375.000000  7375.000000  7375.000000  7375.000000  7375.000000
 1:  7375.000000  7375.000000  7375.000000  7375.000000  7375.000000  7375.000000  7375.000000  7375.000000
 1:  7375.000000  7375.000000  7375.000000  7375.000000  7375.000000  7375.000000  7375.000000  7375.000000
 1:  7375.000000  7375.000000  7375.000000  7375.000000  7375.000000  7375.000000  7375.000000  7375.000000
 1:  7375.000000  7375.000000  7375.000000  7375.000000  7375.000000  7375.000000  7375.000000  7375.000000
 1:  7375.000000  7375.000000  7375.000000  7375.000000  7375.000000  7375.000000  7375.000000  7375.000000
 1:  7375.000000  7375.000000  7375.000000  7375.000000  7375.000000  7375.000000  7375.000000  7375.000000
 1:  7375.000000  7375.000000  7375.000000  7375.000000  7375.000000  7375.000000  7375.000000  7375.000000
 1:  7375.000000  7375.000000  7375.000000  7375.000000  7375.000000  7375.000000  7375.000000  7375.000000
 1:  7375.000000  7375.000000  7375.000000  7375.000000  7375.000000  7375.000000  7375.000000  7375.000000
 1:  7375.000000  7375.000000  7375.000000  7375.000000  7375.000000  7375.000000  7375.000000  7375.000000
 1:  7375.000000  7375.000000  7375.000000  7375.000000  7375.000000  7375.000000  7375.000000  7375.000000
 1:  7375.000000  7375.000000  7375.000000  7375.000000  7375.000000  7375.000000  7375.000000  7375.000000
 1:  7375.000000  7375.000000  7375.000000  7375.000000  7375.000000  7375.000000  7375.000000  7375.000000
 1:  7375.000000  7375.000000  7375.000000  7375.000000  7375.000000  7375.000000  7375.000000  7375.000000
 1:  7375.000000  7375.000000  7375.000000  7375.000000  7375.000000  7375.000000  7375.000000  7375.000000
 1:  7375.000000  7375.000000  7375.000000  7375.000000  7375.000000  7375.000000  7375.000000  7375.000000
 1:  7375.000000  7375.000000  7375.000000  7375.000000  7375.000000  7375.000000  7375.000000  7375.000000
 1:  7375.000000  7375.000000  7375.000000  7375.000000  7375.000000  7375.000000  7375.000000  7375.000000
 1:  7375.000000  7375.000000  7375.000000  7375.000000  7375.000000  7375.000000  7375.000000  7375.000000
 1:  7375.000000  7375.000000  7375.000000  7375.000000  7375.000000  7375.000000  7375.000000  7375.000000
 1:  7375.000000  7375.000000  7375.000000  7375.000000  7375.000000  7375.000000  7375.000000  7375.000000
 1:  7375.000000  7375.000000  7375.000000  7375.000000  7375.000000  7375.000000  7375.000000  7375.000000
 1:  7375.000000  7375.000000  7375.000000  7375.000000  7375.000000  7375.000000  7375.000000  7375.000000
 1:  7375.000000  7375.000000  7375.000000  7375.000000  7375.000000  7375.000000  7375.000000  7375.000000
 1:  7375.000000  7375.000000  7375.000000  7375.000000  7375.000000  7375.000000  7375.000000  7375.000000
 1:  7375.000000  7375.000000  7375.000000  7375.000000  7375.000000  7375.000000  7375.000000  7375.000000
 1:  7375.000000  7375.000000  7375.000000  7375.000000  7375.000000  7375.000000  7375.000000  7375.000000
 1:  7375.000000  7375.000000  7375.000000  7375.000000  7375.000000  7375.000000  7375.000000  7375.000000
 1:  7375.000000  7375.000000  7375.000000  7375.000000  7375.000000  7375.000000  7375.000000  7375.000000
 1:  7375.000000  7375.000000  7375.000000  7375.000000  7375.000000  7375.000000  7375.000000  7375.000000
 1:  7375.000000  7375.000000  7375.000000  7375.000000  7375.000000  7375.000000  7375.000000  7375.000000
 1:  7375.000000  7375.000000  7375.000000  7375.000000  7375.000000  7375.000000  7375.000000  7375.000000
 1:  7375.000000  7375.000000  7375.000000  7375.000000  7425.000000  7425.000000  7425.000000  7425.000000
 1:  7425.000000  7425.000000  7425.000000  7425.000000  7425.000000  7425.000000  7425.000000  7425.000000
 1:  7425.000000  7425.000000  7425.000000  7425.000000  7425.000000  7425.000000  7425.000000  7425.000000
 1:  7425.000000  7425.000000  7425.000000  7425.000000  7425.000000  7425.000000  7425.000000  7425.000000
 1:  7425.000000  7425.000000  7425.000000  7425.000000  7425.000000  7425.000000  7425.000000  7425.000000
 1:  7425.000000  7425.000000  7425.000000  7425.000000  7425.000000  7425.000000  7425.000000  7425.000000
 1:  7425.000000  7425.000000  7425.000000  7425.000000  7425.000000  7425.000000  7425.000000  7425.000000
 1:  7425.000000  7425.000000  7425.000000  7425.000000  7425.000000  7425.000000  7425.000000  7425.000000
 1:  7425.000000  7425.000000  7425.000000  7425.000000  7425.000000  7425.000000  7425.000000  7425.000000
 1:  7425.000000  7425.000000  7425.000000  7425.000000  7425.000000  7425.000000  7425.000000  7425.000000
 1:  7425.000000  7425.000000  7425.000000  7425.000000  7425.000000  7425.000000  7425.000000  7425.000000
 1:  7425.000000  7425.000000  7425.000000  7425.000000  7425.000000  7425.000000  7425.000000  7425.000000
 1:  7425.000000  7425.000000  7425.000000  7425.000000  7425.000000  7425.000000  7425.000000  7425.000000
 1:  7425.000000  7425.000000  7425.000000  7425.000000  7425.000000  7425.000000  7425.000000  7425.000000
 1:  7425.000000  7425.000000  7425.000000  7425.000000  7425.000000  7425.000000  7425.000000  7425.000000
 1:  7425.000000  7425.000000  7425.000000  7425.000000  7425.000000  7425.000000  7425.000000  7425.000000
 1:  7425.000000  7425.000000  7425.000000  7425.000000  7425.000000  7425.000000  7425.000000  7425.000000
 1:  7425.000000  7425.000000  7425.000000  7425.000000  7425.000000  7425.000000  7425.000000  7425.000000
 1:  7425.000000  7425.000000  7425.000000  7425.000000  7425.000000  7425.000000  7425.000000  7425.000000
 1:  7425.000000  7425.000000  7425.000000  7425.000000  7425.000000  7425.000000  7425.000000  7425.000000
 1:  7425.000000  7425.000000  7425.000000  7425.000000  7425.000000  7425.000000  7425.000000  7425.000000
 1:  7425.000000  7425.000000  7425.000000  7425.000000  7425.000000  7425.000000  7425.000000  7425.000000
 1:  7425.000000  7425.000000  7425.000000  7425.000000  7425.000000  7425.000000  7425.000000  7425.000000
 1:  7425.000000  7425.000000  7425.000000  7425.000000  7425.000000  7425.000000  7425.000000  7425.000000
 1:  7425.000000  7425.000000  7425.000000  7425.000000  7425.000000  7425.000000  7425.000000  7425.000000
 1:  7425.000000  7425.000000  7425.000000  7425.000000  7425.000000  7425.000000  7425.000000  7425.000000
 1:  7425.000000  7425.000000  7425.000000  7425.000000  7425.000000  7425.000000  7425.000000  7425.000000
 1:  7425.000000  7425.000000  7425.000000  7425.000000  7425.000000  7425.000000  7425.000000  7425.000000
 1:  7425.000000  7425.000000  7425.000000  7425.000000  7425.000000  7425.000000  7425.000000  7425.000000
 1:  7425.000000  7425.000000  7425.000000  7425.000000  7425.000000  7425.000000  7425.000000  7425.000000
 1:  7425.000000  7425.000000  7425.000000  7425.000000  7425.000000  7425.000000  7425.000000  7425.000000
 1:  7425.000000  7425.000000  7425.000000  7425.000000  7425.000000  7425.000000  7425.000000  7425.000000
 1:  7425.000000  7425.000000  7425.000000  7425.000000  7425.000000  7425.000000  7425.000000  7425.000000
 1:  7425.000000  7425.000000  7425.000000  7425.000000  7425.000000  7425.000000  7425.000000  7425.000000
 1:  7425.000000  7425.000000  7425.000000  7425.000000  7425.000000  7425.000000  7425.000000  7425.000000
 1:  7425.000000  7425.000000  7425.000000  7425.000000  7425.000000  7425.000000  7425.000000  7425.000000
 1:  7425.000000  7425.000000  7425.000000  7425.000000  7425.000000  7425.000000  7425.000000  7425.000000
 1:  7425.000000  7425.000000  7425.000000  7425.000000  7425.000000  7425.000000  7425.000000  7425.000000
 1:  7425.000000  7425.000000  7425.000000  7425.000000  7425.000000  7425.000000  7425.000000  7425.000000
 1:  7425.000000  7425.000000  7425.000000  7425.000000  7425.000000  7425.000000  7425.000000  7425.000000
 1:  7425.000000  7425.000000  7425.000000  7425.000000  7425.000000  7425.000000  7425.000000  7425.000000
 1:  7425.000000  7425.000000  7425.000000  7425.000000  7425.000000  7425.000000  7425.000000  7425.000000
 1:  7425.000000  7425.000000  7425.000000  7425.000000  7425.000000  7425.000000  7425.000000  7425.000000
 1:  7425.000000  7425.000000  7425.000000  7425.000000  7425.000000  7425.000000  7425.000000  7425.000000
 1:  7425.000000  7425.000000  7425.000000  7425.000000  7425.000000  7425.000000  7425.000000  7425.000000
 1:  7425.000000  7425.000000  7425.000000  7425.000000  7425.000000  7425.000000  7425.000000  7425.000000
 1:  7425.000000  7425.000000  7425.000000  7425.000000  7425.000000  7425.000000  7425.000000  7425.000000
 1:  7425.000000  7425.000000  7425.000000  7425.000000  7425.000000  7425.000000  7425.000000  7425.000000
 1:  7425.000000  7425.000000  7425.000000  7425.000000  7425.000000  7425.000000  7425.000000  7425.000000
 1:  7425.000000  7425.000000  7425.000000  7425.000000  7425.000000  7425.000000  7425.000000  7425.000000
 1:  7425.000000  7425.000000  7425.000000  7425.000000  7425.000000  7425.000000  7425.000000  7425.000000
 1:  7425.000000  7425.000000  7425.000000  7425.000000  7425.000000  7425.000000  7425.000000  7425.000000
 1:  7425.000000  7425.000000  7425.000000  7425.000000  7425.000000  7425.000000  7425.000000  7425.000000
 1:  7425.000000  7425.000000  7425.000000  7425.000000  7425.000000  7425.000000  7425.000000  7425.000000
 1:  7425.000000  7425.000000  7425.000000  7425.000000  7425.000000  7425.000000  7425.000000  7425.000000
 1:  7425.000000  7425.000000  7425.000000  7425.000000  7425.000000  7425.000000  7425.000000  7425.000000
 1:  7425.000000  7425.000000  7425.000000  7425.000000  7425.000000  7425.000000  7425.000000  7425.000000
 1:  7425.000000  7425.000000  7425.000000  7425.000000  7425.000000  7425.000000  7425.000000  7425.000000
 1:  7425.000000  7425.000000  7425.000000  7425.000000  7425.000000  7425.000000  7425.000000  7425.000000
 1:  7425.000000  7425.000000  7425.000000  7425.000000  7425.000000  7425.000000  7425.000000  7425.000000
 1:  7425.000000  7425.000000  7425.000000  7425.000000  7425.000000  7425.000000  7425.000000  7425.000000
 1:  7425.000000  7425.000000  7425.000000  7425.000000  7425.000000  7425.000000  7425.000000  7425.000000
 1:  7425.000000  7425.000000  7425.000000  7425.000000  7425.000000  7425.000000  7425.000000  7425.000000
 1:  7425.000000  7425.000000  7425.000000  7425.000000  7425.000000  7425.000000  7425.000000  7425.000000
 1:  7425.000000  7425.000000  7425.000000  7425.000000  7425.000000  7425.000000  7425.000000  7425.000000
 1:  7425.000000  7425.000000  7425.000000  7425.000000  7425.000000  7425.000000  7425.000000  7425.000000
 1:  7425.000000  7425.000000  7425.000000  7425.000000  7425.000000  7425.000000  7425.000000  7425.000000
 1:  7425.000000  7425.000000  7425.000000  7425.000000  7425.000000  7425.000000  7425.000000  7425.000000
 1:  7425.000000  7425.000000  7425.000000  7425.000000  7425.000000  7425.000000  7425.000000  7425.000000
 1:  7425.000000  7425.000000  7425.000000  7425.000000  7425.000000  7425.000000  7425.000000  7425.000000
 1:  7425.000000  7425.000000  7425.000000  7425.000000  7425.000000  7425.000000  7425.000000  7425.000000
 1:  7425.000000  7425.000000  7425.000000  7425.000000  7425.000000  7425.000000  7425.000000  7425.000000
 1:  7425.000000  7425.000000  7425.000000  7425.000000  7425.000000  7425.000000  7425.000000  7425.000000
 1:  7425.000000  7425.000000  7425.000000  7425.000000  7425.000000  7425.000000  7425.000000  7425.000000
 1:  7425.000000  7425.000000  7425.000000  7425.000000  7425.000000  7425.000000  7425.000000  7425.000000
 1:  7425.000000  7425.000000  7425.000000  7425.000000  7425.000000  7425.000000  7425.000000  7425.000000
 1:  7425.000000  7425.000000  7425.000000  7425.000000  7425.000000  7425.000000  7425.000000  7425.000000
 1:  7425.000000  7425.000000  7425.000000  7425.000000  7425.000000  7425.000000  7425.000000  7425.000000
 1:  7425.000000  7425.000000  7425.000000  7425.000000  7425.000000  7425.000000  7425.000000  7425.000000
 1:  7425.000000  7425.000000  7425.000000  7425.000000  7425.000000  7425.000000  7425.000000  7425.000000
 1:  7425.000000  7425.000000  7425.000000  7425.000000  7425.000000  7425.000000  7425.000000  7425.000000
 1:  7425.000000  7425.000000  7425.000000  7425.000000  7475.000000  7475.000000  7475.000000  7475.000000
 1:  7475.000000  7475.000000  7475.000000  7475.000000  7475.000000  7475.000000  7475.000000  7475.000000
 1:  7475.000000  7475.000000  7475.000000  7475.000000  7475.000000  7475.000000  7475.000000  7475.000000
 1:  7475.000000  7475.000000  7475.000000  7475.000000  7475.000000  7475.000000  7475.000000  7475.000000
 1:  7475.000000  7475.000000  7475.000000  7475.000000  7475.000000  7475.000000  7475.000000  7475.000000
 1:  7475.000000  7475.000000  7475.000000  7475.000000  7475.000000  7475.000000  7475.000000  7475.000000
 1:  7475.000000  7475.000000  7475.000000  7475.000000  7475.000000  7475.000000  7475.000000  7475.000000
 1:  7475.000000  7475.000000  7475.000000  7475.000000  7475.000000  7475.000000  7475.000000  7475.000000
 1:  7475.000000  7475.000000  7475.000000  7475.000000  7475.000000  7475.000000  7475.000000  7475.000000
 1:  7475.000000  7475.000000  7475.000000  7475.000000  7475.000000  7475.000000  7475.000000  7475.000000
 1:  7475.000000  7475.000000  7475.000000  7475.000000  7475.000000  7475.000000  7475.000000  7475.000000
 1:  7475.000000  7475.000000  7475.000000  7475.000000  7475.000000  7475.000000  7475.000000  7475.000000
 1:  7475.000000  7475.000000  7475.000000  7475.000000  7475.000000  7475.000000  7475.000000  7475.000000
 1:  7475.000000  7475.000000  7475.000000  7475.000000  7475.000000  7475.000000  7475.000000  7475.000000
 1:  7475.000000  7475.000000  7475.000000  7475.000000  7475.000000  7475.000000  7475.000000  7475.000000
 1:  7475.000000  7475.000000  7475.000000  7475.000000  7475.000000  7475.000000  7475.000000  7475.000000
 1:  7475.000000  7475.000000  7475.000000  7475.000000  7475.000000  7475.000000  7475.000000  7475.000000
 1:  7475.000000  7475.000000  7475.000000  7475.000000  7475.000000  7475.000000  7475.000000  7475.000000
 1:  7475.000000  7475.000000  7475.000000  7475.000000  7475.000000  7475.000000  7475.000000  7475.000000
 1:  7475.000000  7475.000000  7475.000000  7475.000000  7475.000000  7475.000000  7475.000000  7475.000000
 1:  7475.000000  7475.000000  7475.000000  7475.000000  7475.000000  7475.000000  7475.000000  7475.000000
 1:  7475.000000  7475.000000  7475.000000  7475.000000  7475.000000  7475.000000  7475.000000  7475.000000
 1:  7475.000000  7475.000000  7475.000000  7475.000000  7475.000000  7475.000000  7475.000000  7475.000000
 1:  7475.000000  7475.000000  7475.000000  7475.000000  7475.000000  7475.000000  7475.000000  7475.000000
 1:  7475.000000  7475.000000  7475.000000  7475.000000  7475.000000  7475.000000  7475.000000  7475.000000
 1:  7475.000000  7475.000000  7475.000000  7475.000000  7475.000000  7475.000000  7475.000000  7475.000000
 1:  7475.000000  7475.000000  7475.000000  7475.000000  7475.000000  7475.000000  7475.000000  7475.000000
 1:  7475.000000  7475.000000  7475.000000  7475.000000  7475.000000  7475.000000  7475.000000  7475.000000
 1:  7475.000000  7475.000000  7475.000000  7475.000000  7475.000000  7475.000000  7475.000000  7475.000000
 1:  7475.000000  7475.000000  7475.000000  7475.000000  7475.000000  7475.000000  7475.000000  7475.000000
 1:  7475.000000  7475.000000  7475.000000  7475.000000  7475.000000  7475.000000  7475.000000  7475.000000
 1:  7475.000000  7475.000000  7475.000000  7475.000000  7475.000000  7475.000000  7475.000000  7475.000000
 1:  7475.000000  7475.000000  7475.000000  7475.000000  7475.000000  7475.000000  7475.000000  7475.000000
 1:  7475.000000  7475.000000  7475.000000  7475.000000  7475.000000  7475.000000  7475.000000  7475.000000
 1:  7475.000000  7475.000000  7475.000000  7475.000000  7475.000000  7475.000000  7475.000000  7475.000000
 1:  7475.000000  7475.000000  7475.000000  7475.000000  7475.000000  7475.000000  7475.000000  7475.000000
 1:  7475.000000  7475.000000  7475.000000  7475.000000  7475.000000  7475.000000  7475.000000  7475.000000
 1:  7475.000000  7475.000000  7475.000000  7475.000000  7475.000000  7475.000000  7475.000000  7475.000000
 1:  7475.000000  7475.000000  7475.000000  7475.000000  7475.000000  7475.000000  7475.000000  7475.000000
 1:  7475.000000  7475.000000  7475.000000  7475.000000  7475.000000  7475.000000  7475.000000  7475.000000
 1:  7475.000000  7475.000000  7475.000000  7475.000000  7475.000000  7475.000000  7475.000000  7475.000000
 1: /
 1: 
 1: ACTNUM
 1: 1 1 1 1 1 1 1 1 1 1 1 1 1 1 1 1 1 1 1 1
 1: 1 1 1 1 1 1 1 1 1 1 1 1 1 1 1 1 1 1 1 1
 1: 1 1 1 1 1 1 1 1 1 1 1 1 1 1 1 1 1 1 1 1
 1: 1 1 1 1 1 1 1 1 1 1 1 1 1 1 1 1 1 1 1 1
 1: 1 1 1 1 1 1 1 1 1 1 1 1 1 1 1 1 1 1 1 1
 1: 1 1 1 1 1 1 1 1 1 1 1 1 1 1 1 1 1 1 1 1
 1: 1 1 1 1 1 1 1 1 1 1 1 1 1 1 1 1 1 1 1 1
 1: 1 1 1 1 1 1 1 1 1 1 1 1 1 1 1 1 1 1 1 1
 1: 1 1 1 1 1 1 1 1 1 1 1 1 1 1 1 1 1 1 1 1
 1: 1 1 1 1 1 1 1 1 1 1 1 1 1 1 1 1 1 1 1 1
 1: 1 1 1 1 1 1 1 1 1 1 1 1 1 1 1 1 1 1 1 1
 1: 1 1 1 1 1 1 1 1 1 1 1 1 1 1 1 1 1 1 1 1
 1: 1 1 1 1 1 1 1 1 1 1 1 1 1 1 1 1 1 1 1 1
 1: 1 1 1 1 1 1 1 1 1 1 1 1 1 1 1 1 1 1 1 1
 1: 1 1 1 1 1 1 1 1 1 1 1 1 1 1 1 1 1 1 1 1
 1: 1 1 1 1 1 1 1 1 1 1 1 1 1 1 1 1 1 1 1 1
 1: 1 1 1 1 /

 ******** END OF INCLUDED FILE 

 0: 
 0: PORO
 0: 324*0.13
 0: /
 0: 
 0: PERMX
 0: 81*130.0
 0: 81*40.0
 0: 81*20.0
 0: 81*150.0
 0: /
 0: 
 0: PERMY
 0: 81*130.0
 0: 81*40.0
 0: 81*20.0
 0: 81*150.0
 0: /
 0: 
 0: PERMZ
 0: 81*13.0
 0: 81*4.0
 0: 81*2.0
 0: 81*15.0
 0: /
 0: 
 0: 
 0: -- OUTPUT OF DX, DY, DZ, PERMX, PERMY, PERMZ, MULTZ, PORO AND TOPS DATA
 0: -- IS REQUESTED, AND OF THE CALCULATED PORE VOLUMES AND X, Y AND Z
 0: -- TRANSMISSIBILITIES
 0: --RPTGRID
 0: --1  1  1  1  1  1  0  0  1  1  0  1  1  0  1  1  1 /
 0: 
 0: -------- THE PROPS SECTION DEFINES THE REL. PERMEABILITIES, CAPILLARY
 0: -------- PRESSURES, AND THE PVT PROPERTIES OF THE RESERVOIR FLUIDS
 0: ----------------------------------------------------------------------
 0: -- WATER RELATIVE PERMEABILITY AND CAPILLARY PRESSURE ARE TABULATED AS
 0: -- A FUNCTION OF WATER SATURATION.
 0: --
 0: PROPS
 0: 
 0: --water saturation function
 0: --Sw   Kro   Krow Pcg-w
 0: SWOF
 0:  0.16  0.000  0.800 50.0
 0:  0.20  0.002  0.650 32.0
 0:  0.24  0.010  0.513 21.0
 0:  0.28  0.020  0.400 15.5
 0:  0.32  0.033  0.315 12.0
 0:  0.36  0.049  0.250 9.2
 0:  0.40  0.066  0.196 7.0
 0:  0.44  0.090  0.150 5.3
 0:  0.48  0.119  0.112 4.2
 0:  0.52  0.150  0.082 3.4
 0:  0.56  0.186  0.060 2.7
 0:  0.60  0.227  0.040 2.1
 0:  0.68  0.330  0.012 1.3
 0:  0.72  0.390  0.005 1.0
 0:  0.76  0.462  0.000 0.7
 0:  0.80  0.540  0.000 0.5
 0:  0.88  0.710  0.000 0.3
 0:  0.96  0.900  0.000 0.1
 0:  1.00  1.000  0     0.0 /
 0: 
 0: --Gas Saturation Function Data
 0: --Sg   Krg     krog Pcog
 0: SGOF
 0:  0.00  0.000   0.800 0
 0:  0.04  0.005   0.800 0
 0:  0.08 0.013   0.800 0
 0:  0.12  0.026   0.800 0
 0:  0.16  0.040   0.800 0
 0:  0.20  0.058   0.650 0
 0:  0.24  0.078   0.513 0
 0:  0.28  0.100   0.400 0
 0:  0.32  0.126   0.315 0
 0:  0.40  0.187   0.196 0
 0:  0.44  0.222   0.150 0
 0:  0.52  0.300   0.082 0
 0:  0.56  0.348   0.060 0
 0:  0.60  0.400   0.040 0
 0:  0.68  0.505   0.012 0
 0:  0.72  0.562   0.005 0
 0:  0.76  0.620   0.000 0
 0:  0.84  0.740   0.000 0 /
 0: 
 0: 
 0: 
 0: 
 0: -- PVT PROPERTIES OF WATER
 0: --
 0: --    REF. PRES. REF. FVF  COMPRESSIBILITY  REF VISCOSITY  VISCOSIBILITY
 0: PVTW
 0:        3550     1.0         3.0E-6           0.70            0 /
 0: 
 0: -- ROCK COMPRESSIBILITY
 0: --
 0: --    REF. PRES   COMPRESSIBILITY
 0: ROCK
 0:        3550          4.0E-6          /
 0: 
 0: -- SURFACE DENSITIES OF RESERVOIR FLUIDS
 0: --
 0: --        OIL     WATER     GAS
 0: DENSITY
 0:          48.8308  62.4280  0.0725  /
 0: 
 0: -- PVT PROPERTIES OF DRY GAS (NO VAPOURISED OIL)
 0: -- WE WOULD USE PVTG TO SPECIFY THE PROPERTIES OF WET GAS
 0: --
 0: --     'Pressure'   'Oil FVF'   'Oil Visc'
 0: PVDO
 0:        1214.7000      1.0632      0.3668
 0:        1814.7000      1.0518      0.4241
 0:        2414.7000      1.0418      0.5018
 0:        3014.7000      1.0332      0.6068
 0:        3214.7000      1.0308      0.6461
 0:        3364.7000      1.0291      0.6753
 0:        3414.7000      1.0285      0.6852
 0:        3443.8831      1.0282      0.6912
 0: /
 0: --PVTi--End of PVTi generated section--
 0: -- Wet Gas PVT Properties (Vapourised Oil)
 0: -- Column Properties are:
 0: -- 'Gas Pressure'  'Gas OGR'   'Gas FVF'    'Gas Visc'
 0: -- Units: psia     stb /Mscf     rb /Mscf     cp
 0: PVTG
 0:        1214.7000   0.0013130      2.2799     0.0149
 0:                            0      2.2815     0.01488/
 0:        1814.7000     0.00353      1.4401     0.01791
 0:                     0.001313      1.4429     0.01782
 0:                            0      1.4445    0.01735 /
 0:        2414.7000     0.01102      1.0438     0.02328
 0:                      0.00353      1.0495     0.02267
 0:                     0.001313      1.0512      0.0225
 0:                            0      1.0522     0.02240 /
 0:        3014.7000      0.0331      0.8456     0.0318
 0:                      0.01102      0.8489     0.02924
 0:                      0.00353      0.8500     0.02844
 0:                     0.001313      0.8503     0.02820
 0:                            0      0.8505     0.02807 /
 0:        3214.7000      0.0454      0.8082     0.03539
 0:                       0.0331      0.8080     0.03371
 0:                      0.01102      0.8075     0.03113
 0:                      0.00353      0.8073     0.03029
 0:                     0.001313      0.8073     0.03004
 0:                            0      0.8073     0.02989 /
 0:        3364.7000     0.05670      0.7875     0.0384
 0:                      0.04540      0.7860     0.03667
 0:                      0.03310      0.7843     0.03515
 0:                      0.01102      0.7814     0.03429
 0:                      0.00353      0.7804     0.03162
 0:                     0.001313      0.7801     0.03136
 0:                            0      0.7799     0.03121 /
 0:        3416.7575      0.0612      0.7816     0.03955
 0:                       0.0567      0.7809     0.0386
 0:                       0.0454      0.7789     0.03717
 0:                       0.0331      0.7768     0.03564
 0:                      0.01102      0.7731     0.03296
 0:                      0.00353      0.7718     0.03207
 0:                     0.001313      0.7714     0.03181
 0:                            0      0.7712     0.03166 /
 0:        3449.3322      0.0642      0.7783     0.0403
 0:                       0.0612      0.7777     0.0395
 0:                       0.0567      0.7769     0.03892
 0:                       0.0454      0.7747     0.03748
 0:                       0.0331      0.7723     0.03594
 0:                      0.01102      0.7681     0.03325
 0:                      0.00353      0.7666     0.03236
 0:                     0.001313      0.7662     0.0321
 0:                            0      0.7660     0.03194 /
 0: /
 0: -- OUTPUT CONTROLS FOR PROPS DATA
 0: -- ACTIVATED FOR SOF3, SWFN, SGFN, PVTW, PVDG, DENSITY AND ROCK KEYWORDS
 0: --RPTPROPS
 0: --1  1  1  0  1  1  1  1  /
 0: 
 0: SOLUTION ===============================================================
 0: -------- THE SOLUTION SECTION DEFINES THE INITIAL STATE OF THE SOLUTION
 0: -------- VARIABLES (PHASE PRESSURES, SATURATIONS AND GAS-OIL RATIOS)
 0: ------------------------------------------------------------------------
 0: RPTRST
 0:   BASIC=6 /
 0: 
 0: RPTSOL
 0:   FIP=3 /
 0: 
 0: PRESSURE
 0: 81*3524.8
 0: 81*3529.2
 0: 81*3535.1
 0: 81*3542.6
 0: /
 0: 
 0: SWAT
 0: 81*0.1644
 0: 81*0.1825
 0: 81*0.2135
 0: 81*0.3025
 0: /
 0: 
 0: SGAS
 0: 81*0.8356
 0: 81*0.8175
 0: 81*0.7865
 0: 81*0.6975
 0: /
 0: 
 0: RV
 0: 81*0.0711
 0: 81*0.0716
 0: 81*0.0721
 0: 81*0.0728
 0: /
 0: 
 0: -- DATA FOR INITIALISING FLUIDS TO POTENTIAL EQUILIBRIUM
 0: --
 0: --    DATUM  DATUM  CONTACT CONT   GWC    GOC
 0: --    DEPTH  PRESS  DEPTH   PC    DEPTH   PCOG
 0: -- EQUIL
 0: --        7500   3550   7500    0     7500    0      /
 0: 
 0: -- OUTPUT CONTROLS (SWITCH ON OUTPUT OF INITIAL GRID BLOCK PRESSURES)
 0: --RPTSOL
 0: --1  11*0  /
 0: 
 0: -- SUMMARY SECTION FILES ===============================================
 0: -------- THIS SECTION SPECIFIES DATA TO BE WRITTEN TO THE SUMMARY FILES
 0: -------- AND WHICH MAY LATER BE USED WITH THE ECLIPSE GRAPHICS PACKAGE
 0: ------------------------------------------------------------------------
 0: 
 0: --REQUEST PRINTED OUTPUT OF SUMMARY FILE DATA
 0: SUMMARY
 0: RUNSUM
 0: EXCEL
 0: SEPARATE
 0: 
 0: FWIR
 0: FOPR
 0: FOPT
 0: FWPT
 0: FGOR
 0: FPR
 0: FOE
 0: FWPR
 0: FWIT
 0: FGIR
 0: FGPR
 0: FGSAT
 0: WBHP
 0: /
 0: --producer block data
 0: BSOIL
 0: 7 7 4 /
 0: /
 0: BSOIL
 0: 7 7 3 /
 0: /
 0: BSOIL
 0: 7 7 2 /
 0: /
 0: BSOIL
 0: 7 7 1 /
 0: /
 0: --BPRES
 0: --7 7 4 /
 0: --/
 0: --SCHEDULE ===============================================================
 0: -------- THE SCHEDULE SECTION DEFINES THE OPERATIONS TO BE SIMULATED
 0: ------------------------------------------------------------------------
 0: -- CONTROLS ON OUTPUT AT EACH REPORT TIME
 0: SCHEDULE
 0: --RPTSCHED
 0: --   1   0   1   1   0   0   4   2   2   0   0   2   0   0   0
 0: --   0   0   0   0   0   0   0   0   0   0   0   0   0   0   0
 0: --   0   0   0   0   0   0   0   0   1   0   0   0   0   0   0/
 0: --/
 0: --
 0: -- STEPS TO 1400 DAYS
 0: --
 0: DRSDT
 0: 0 /
 0: /
 0: WELSPECS
 0:     'INJECTOR' 'G'    1  1 7500 'GAS'     /
 0:     'PRODUCER' 'G'    7  7 7500 'GAS'     /
 0: 
 0: /
 0: COMPDAT
 0:     'INJECTOR' 1 1 1 1 'OPEN' 0 -1 0.5  /
 0:     'PRODUCER' 7 7 4 4 'OPEN' 0 -1 0.5  /
 0: 
 0: /
 0: -- PRODUCTION WELL CONTROLS
 0: --
 0: --      WELL     OPEN/  CNTL   OIL  WATER   GAS  LIQU   RES   BHP
 0: --      NAME     SHUT   MODE  RATE   RATE  RATE  RATE  RATE
 0: WCONINJE
 0:      'INJECTOR' 'GAS' 'OPEN' 'RATE' 4700 1* 4000 1* 1* /
 0: /
 0: WCONPROD
 0:      'PRODUCER' 'OPEN'  'GRAT' 2* 6200 2*  1050  /
 0: /
 0: 
 0: --first 3 months----------------------------------------------
 0: TUNING
 0: 1.00 365.00 0.1 0.15 20 /
 0: 120.0 0.01 1.0E-6 2* 0.1 1.0E-5 /
 0: /
 0: TSTEP
 0: 1.0 20.0 70.25
 0: /
 0: --second 3 months--------------------------------------------------
 0: --TUNING
 0: 1.00 365.00 0.1 0.15 20 /
 0: 120.0 0.01 1.0E-6 2* 0.1 1.0E-5 /
 0: 12 1 40  1 1* 1* /
 0: /
 0: TSTEP
 0:  91.25
 0: /
 0: --Third 3 months------------------------------------------------------
 0: TSTEP
 0: 91.25
 0: /
 0: --FORTH 3 MONTHES-----------------------------------------------------
 0: TSTEP
 0: 91.25
 0: /
 0: -------------------------------------------------------
 0: TSTEP
 0:  9*365
 0: /
 0: -------------------------------------------------------
 0: WCONINJE
 0:      'INJECTOR' 'GAS' 'OPEN' 'RATE' 0 1* 4000 1* 1* /
 0: /
 0: TSTEP
 0:  10*365
 0: /
 0: END

 ******** END OF INPUT DATA FOR RUN SPE3_MODIFIED
     1 READING RUNSPEC 
     2 READING TITLE   
     3 READING DIMENS  
     4 READING NONNC   
     5 READING OIL     
     6 READING WATER   
     7 READING GAS     
     8 READING VAPOIL  
     9 READING FIELD   
    10 READING TABDIMS 
    11 READING WELLDIMS
    12 READING NUPCOL  
    13 READING VFPPDIMS
    14 READING VFPIDIMS
    15 READING START   
    16 READING NSTACK  
    17 READING UNIFOUT 
    18 READING UNIFIN  
    19 READING GRID    

 @--MESSAGE  AT TIME        0.0   DAYS    ( 1-NOV-2004):
 @           CHECKING FOR LICENSES                                           

 @--MESSAGE  AT TIME        0.0   DAYS    ( 1-NOV-2004):
 @           CHECKING FOR LICENSES                                           

 @--MESSAGE  AT TIME        0.0   DAYS    ( 1-NOV-2004):
 @           THE MEMORY REQUIRED TO PROCESS THE GRID SECTION IS              
 @               136008 BYTES                                                
    20 READING INIT    
    21 READING INCLUDE ./SPE3.GRDECL                                     
    22 READING SPECGRID
    23 READING COORD   
    24 READING ZCORN   
    25 READING ACTNUM  
               END OF INCLUDE FILE 
    26 READING PORO    
    27 READING PERMX   
    28 READING PERMY   
    29 READING PERMZ   
    30 READING PROPS   

 @--MESSAGE  AT TIME        0.0   DAYS    ( 1-NOV-2004):
 @           NEITHER OLDTRAN,OLDTRANR NOR NEWTRAN SPECIFIED                  
 @           TRANSMISSIBILITIES TO BE CALCULATED                             
 @           USING  NEWTRAN                                                  

 @--MESSAGE  AT TIME        0.0   DAYS    ( 1-NOV-2004):
 @           NO FAULT NON-NEIGHBOUR TRANSMISSIBILITIES                       
 @           AS NONNC IS SPECIFIED IN RUNSPEC.                               

 @--MESSAGE  AT TIME        0.0   DAYS    ( 1-NOV-2004):
 @           NUMBER OF ACTIVE CELLS IS 324                                   

 @--MESSAGE  AT TIME        0.0   DAYS    ( 1-NOV-2004):
 @           THE MEMORY REQUIRED TO PROCESS THE SOLUTION SECTION IS          
 @               798740 BYTES                                                

 @--MESSAGE  AT TIME        0.0   DAYS    ( 1-NOV-2004):
 @              62281 CHARACTER VARIABLES USED                               
    31 READING SWOF    
    32 READING SGOF    
    33 READING PVTW    
    34 READING ROCK    
    35 READING DENSITY 
    36 READING PVDO    
    37 READING PVTG    
    38 READING SOLUTION
    39 READING RPTRST  
    40 READING RPTSOL  
    41 READING PRESSURE
    42 READING SWAT    
    43 READING SGAS    
    44 READING RV      
    45 READING SUMMARY 
1                             **********************************************************************   1
  BALANCE  AT      0.00  DAYS *   GAS CONDENSATE TEST                                                  * ECLIPSE  VERSION 2013.2     
  REPORT   0     1 NOV 2004   *SPE3_MODIFIED                                                           * RUN AT 13:58 ON 10 SEP 2014 
                              **************************************************************************


                                                     ==================================================
                                                     :               FIELD TOTALS                     :
                                                     :         PAV =       3533.96  PSIA              :
                                                     :         PORV=     25813978.   RB               :
                                                     :(PRESSURE IS WEIGHTED BY HYDROCARBON PORE VOLUME:
                                                     : PORE VOLUMES ARE TAKEN AT REFERENCE CONDITIONS):
                           :--------------- OIL    STB  ---------------:-- WAT    STB  -:--------------- GAS   MSCF  ---------------:
                           :     LIQUID         VAPOUR         TOTAL   :       TOTAL    :       FREE      DISSOLVED         TOTAL   :
 :-------------------------:-------------------------------------------:----------------:-------------------------------------------:
 :CURRENTLY IN PLACE       :            0.      1867377.       1867377.:       5840502. :     25941529.                    25941529.:
 :-------------------------:-------------------------------------------:----------------:-------------------------------------------:
 :OUTFLOW THROUGH WELLS    :                                         0.:             0. :                                         0.:
 :WELL  MATERIAL BAL. ERROR:                                         0.:             0. :                                         0.:
 :FIELD MATERIAL BAL. ERROR:                                         0.:             0. :                                         0.:
 :-------------------------:-------------------------------------------:----------------:-------------------------------------------:
 :ORIGINALLY IN PLACE      :            0.      1867377.       1867377.:       5840502. :     25941529.                    25941529.:
 ====================================================================================================================================


                                             ===========================================
                                             : FIPNUM REGION AVERAGED GRID QUANTITIES  :
                                             :        ( WEIGHTED BY PORE VOLUMES       :
                                             :          AT REFERENCE CONDITIONS )      :
 :----------:--------------:--------------:--------------:--------------:--------------:                                             
 :  REGION  :     PERMX    :     PERMY    :     PERMZ    :      PORO    :      DZ      :                                             
 :----------:--------------:--------------:--------------:--------------:--------------:                                             
 :   FIELD  :     85.000   :     85.000   :      8.500   :    0.13000   :      42.50   :                                             
 =======================================================================================


                                                      ===========================================
                                                      : FIPNUM REGION AVERAGED GRID QUANTITIES  :
            :-----------------------------------------------------------:-----------------------:                                    
            :   ( WEIGHTED BY BULK VOLUMES AT REFERENCE CONDITIONS )    : ( WEIGHTED BY DX*DY ) :                                    
 :----------:-----------------------------------------------------------:-----------------------:                                    
 :  REGION  :     PERMX    :     PERMY    :     PERMZ    :      PORO    :           DZ          :                                    
 :----------:--------------:--------------:--------------:--------------:-----------------------:                                    
 :   FIELD  :     85.000   :     85.000   :      8.500   :    0.13000   :          40.00        :                                    
 ================================================================================================


                                                     ===================================
                                                     :  FIPNUM OIL RECOVERY FACTORS    :
 :---------:-----------------------------:---------------------------------------------:--------------------------------------------:
 :         :                             : RATIO OF       RATIO OF       RATIO OF      : RATIO OF       RATIO OF       RATIO OF     :
 : REGION  : MOBILE OIIP    MOBILE OIIP  : DISPLACED OIL  DISPLACED OIL  DISPLACED OIL : WELL FLOW      WELL FLOW      WELL FLOW    :
 :         : (W.R.T WATER)  (W.R.T GAS)  : TO INITIAL     TO INITIAL     TO INITIAL    : TO INITIAL     TO INITIAL     TO INITIAL   :
 :         :                             : OIP            MOBILE OIL     MOBILE OIL    : OIP            MOBILE OIL     MOBILE OIL   :
 :         :                             :                (WATER)        (GAS)         :                (WATER)        (GAS)        :
 :---------:-----------------------------:---------------------------------------------:--------------------------------------------:
 :   FIELD :    0.000E+00      1.867E+06 :         0                            0      :         0                             0    :
 ====================================================================================================================================
    46 READING RUNSUM  
    47 READING EXCEL   
    48 READING SEPARATE
    49 READING FWIR    
    50 READING FOPR    
    51 READING FOPT    
    52 READING FWPT    
    53 READING FGOR    
    54 READING FPR     
    55 READING FOE     
    56 READING FWPR    
    57 READING FWIT    
    58 READING FGIR    
    59 READING FGPR    
    60 READING FGSAT   
    61 READING WBHP    
    62 READING BSOIL   
    63 READING BSOIL   
    64 READING BSOIL   
    65 READING BSOIL   
    66 READING SCHEDULE
    67 READING DRSDT   

 @--WARNING  AT TIME        0.0   DAYS    ( 1-NOV-2004):
 @           SPURIOUS DATA BEFORE WELSPECS KEYWORD                           
 @           /                                                               
    68 READING WELSPECS
    69 READING COMPDAT 
    70 READING WCONINJE
    71 READING WCONPROD
    72 READING TUNING  
    73 READING TSTEP   

 @--MESSAGE  AT TIME        0.0   DAYS    ( 1-NOV-2004):
 @           DRVDT KEYWORD HAS NOT BEEN ENTERED, SO THE                      
 @           MAXIMUM OIL RE-VAPOURISATION RATE IS DEFAULTED TO INFINITY.     

 @--MESSAGE  AT TIME        0.0   DAYS    ( 1-NOV-2004):
 @           RESTART FILE WRITTEN   REPORT     0                             
1                             **********************************************************************   2
  SIMULATE AT      0.00  DAYS *   GAS CONDENSATE TEST                                                  * ECLIPSE  VERSION 2013.2     
  REPORT   0     1 NOV 2004   *SPE3_MODIFIED                                                           * RUN AT 13:58 ON 10 SEP 2014 
                              **************************************************************************

 STEP    1 TIME=      1.00  DAYS (    +1.0  DAYS REPT  3 ITS) (2-NOV-2004)       
  PAV=  3533.9  PSIA   WCT=0.033 GOR=    13.99 MSCF/STB WGR=   0.0024 STB/MSCF   

 @--MESSAGE  AT TIME        1.0   DAYS    ( 2-NOV-2004):
 @           RESTART FILE WRITTEN   REPORT     1                             
1                             **********************************************************************   3
  SIMULATE AT      1.00  DAYS *   GAS CONDENSATE TEST                                                  * ECLIPSE  VERSION 2013.2     
  REPORT   1     2 NOV 2004   *SPE3_MODIFIED                                                           * RUN AT 13:58 ON 10 SEP 2014 
                              **************************************************************************

 STEP    2 TIME=     21.00  DAYS (   +20.0  DAYS REPT  3 ITS) (22-NOV-2004)      
  PAV=  3529.1  PSIA   WCT=0.033 GOR=    14.17 MSCF/STB WGR=   0.0024 STB/MSCF   

 @--MESSAGE  AT TIME       21.0   DAYS    (22-NOV-2004):
 @           RESTART FILE WRITTEN   REPORT     2                             
1                             **********************************************************************   4
  SIMULATE AT     21.00  DAYS *   GAS CONDENSATE TEST                                                  * ECLIPSE  VERSION 2013.2     
  REPORT   2    22 NOV 2004   *SPE3_MODIFIED                                                           * RUN AT 13:58 ON 10 SEP 2014 
                              **************************************************************************

 STEP    3 TIME=     91.25  DAYS (   +70.2  DAYS REPT  3 ITS) (31-JAN-2005)      
  PAV=  3511.4  PSIA   WCT=0.033 GOR=    14.51 MSCF/STB WGR=   0.0024 STB/MSCF   

 @--MESSAGE  AT TIME       91.2   DAYS    (31-JAN-2005):
 @           RESTART FILE WRITTEN   REPORT     3                             

 @--WARNING  AT TIME       91.2   DAYS    (31-JAN-2005):
 @           SPURIOUS DATA BEFORE TSTEP    KEYWORD                           
 @           1.00 365.00 0.1 0.15 20 /                                       
 @           120.0 0.01 1.0E-6 2* 0.1 1.0E-5 /                               
 @           12 1 40  1 1* 1* /                                              
 @           /                                                               
    74 READING TSTEP   
1                             **********************************************************************   5
  SIMULATE AT     91.25  DAYS *   GAS CONDENSATE TEST                                                  * ECLIPSE  VERSION 2013.2     
  REPORT   3    31 JAN 2005   *SPE3_MODIFIED                                                           * RUN AT 13:58 ON 10 SEP 2014 
                              **************************************************************************

 STEP    4 TIME=    182.50  DAYS (   +91.2  DAYS REPT  3 ITS) (2-MAY-2005)       
  PAV=  3488.3  PSIA   WCT=0.034 GOR=    14.98 MSCF/STB WGR=   0.0023 STB/MSCF   

 @--MESSAGE  AT TIME      182.5   DAYS    ( 2-MAY-2005):
 @           RESTART FILE WRITTEN   REPORT     4                             
    75 READING TSTEP   
1                             **********************************************************************   6
  SIMULATE AT    182.50  DAYS *   GAS CONDENSATE TEST                                                  * ECLIPSE  VERSION 2013.2     
  REPORT   4     2 MAY 2005   *SPE3_MODIFIED                                                           * RUN AT 13:58 ON 10 SEP 2014 
                              **************************************************************************

 STEP    5 TIME=    273.75  DAYS (   +91.2  DAYS REPT  2 ITS) (1-AUG-2005)       
  PAV=  3465.1  PSIA   WCT=0.034 GOR=    15.47 MSCF/STB WGR=   0.0023 STB/MSCF   

 @--MESSAGE  AT TIME      273.8   DAYS    ( 1-AUG-2005):
 @           RESTART FILE WRITTEN   REPORT     5                             
    76 READING TSTEP   
1                             **********************************************************************   7
  SIMULATE AT    273.75  DAYS *   GAS CONDENSATE TEST                                                  * ECLIPSE  VERSION 2013.2     
  REPORT   5     1 AUG 2005   *SPE3_MODIFIED                                                           * RUN AT 13:58 ON 10 SEP 2014 
                              **************************************************************************

 STEP    6 TIME=    365.00  DAYS (   +91.2  DAYS REPT  2 ITS) (1-NOV-2005)       
  PAV=  3441.6  PSIA   WCT=0.035 GOR=    16.01 MSCF/STB WGR=   0.0023 STB/MSCF   

 @--MESSAGE  AT TIME      365.0   DAYS    ( 1-NOV-2005):
 @           RESTART FILE WRITTEN   REPORT     6                             
    77 READING TSTEP   
1                             **********************************************************************   8
  SIMULATE AT    365.00  DAYS *   GAS CONDENSATE TEST                                                  * ECLIPSE  VERSION 2013.2     
  REPORT   6     1 NOV 2005   *SPE3_MODIFIED                                                           * RUN AT 13:58 ON 10 SEP 2014 
                              **************************************************************************

 STEP    7 TIME=    730.00  DAYS (  +365.0  DAYS REPT  3 ITS) (1-NOV-2006)       
  PAV=  3347.9  PSIA   WCT=0.039 GOR=    18.31 MSCF/STB WGR=   0.0022 STB/MSCF   

 @--MESSAGE  AT TIME      730.0   DAYS    ( 1-NOV-2006):
 @           RESTART FILE WRITTEN   REPORT     7                             
1                             **********************************************************************   9
  SIMULATE AT    730.00  DAYS *   GAS CONDENSATE TEST                                                  * ECLIPSE  VERSION 2013.2     
  REPORT   7     1 NOV 2006   *SPE3_MODIFIED                                                           * RUN AT 13:58 ON 10 SEP 2014 
                              **************************************************************************

 STEP    8 TIME=   1095.00  DAYS (  +365.0  DAYS REPT  3 ITS) (1-NOV-2007)       
  PAV=  3257.2  PSIA   WCT=0.043 GOR=    20.92 MSCF/STB WGR=   0.0021 STB/MSCF   

 @--MESSAGE  AT TIME     1095.0   DAYS    ( 1-NOV-2007):
 @           RESTART FILE WRITTEN   REPORT     8                             
1                             **********************************************************************  10
  SIMULATE AT   1095.00  DAYS *   GAS CONDENSATE TEST                                                  * ECLIPSE  VERSION 2013.2     
  REPORT   8     1 NOV 2007   *SPE3_MODIFIED                                                           * RUN AT 13:58 ON 10 SEP 2014 
                              **************************************************************************

 STEP    9 TIME=   1460.00  DAYS (  +365.0  DAYS REPT  3 ITS) (31-OCT-2008)      
  PAV=  3169.9  PSIA   WCT=0.047 GOR=    23.80 MSCF/STB WGR=   0.0021 STB/MSCF   

 @--MESSAGE  AT TIME     1460.0   DAYS    (31-OCT-2008):
 @           RESTART FILE WRITTEN   REPORT     9                             
1                             **********************************************************************  11
  SIMULATE AT   1460.00  DAYS *   GAS CONDENSATE TEST                                                  * ECLIPSE  VERSION 2013.2     
  REPORT   9    31 OCT 2008   *SPE3_MODIFIED                                                           * RUN AT 13:58 ON 10 SEP 2014 
                              **************************************************************************

 STEP   10 TIME=   1825.00  DAYS (  +365.0  DAYS REPT  3 ITS) (31-OCT-2009)      
  PAV=  3085.7  PSIA   WCT=0.052 GOR=    27.05 MSCF/STB WGR=   0.0020 STB/MSCF   

 @--MESSAGE  AT TIME     1825.0   DAYS    (31-OCT-2009):
 @           RESTART FILE WRITTEN   REPORT    10                             
1                             **********************************************************************  12
  SIMULATE AT   1825.00  DAYS *   GAS CONDENSATE TEST                                                  * ECLIPSE  VERSION 2013.2     
  REPORT  10    31 OCT 2009   *SPE3_MODIFIED                                                           * RUN AT 13:58 ON 10 SEP 2014 
                              **************************************************************************

 STEP   11 TIME=   2190.00  DAYS (  +365.0  DAYS REPT  3 ITS) (31-OCT-2010)      
  PAV=  3002.5  PSIA   WCT=0.057 GOR=    30.80 MSCF/STB WGR=   0.0020 STB/MSCF   

 @--MESSAGE  AT TIME     2190.0   DAYS    (31-OCT-2010):
 @           RESTART FILE WRITTEN   REPORT    11                             
1                             **********************************************************************  13
  SIMULATE AT   2190.00  DAYS *   GAS CONDENSATE TEST                                                  * ECLIPSE  VERSION 2013.2     
  REPORT  11    31 OCT 2010   *SPE3_MODIFIED                                                           * RUN AT 13:58 ON 10 SEP 2014 
                              **************************************************************************

 STEP   12 TIME=   2555.00  DAYS (  +365.0  DAYS REPT  3 ITS) (31-OCT-2011)      
  PAV=  2930.5  PSIA   WCT=0.061 GOR=    33.51 MSCF/STB WGR=   0.0019 STB/MSCF   

 @--MESSAGE  AT TIME     2555.0   DAYS    (31-OCT-2011):
 @           RESTART FILE WRITTEN   REPORT    12                             
1                             **********************************************************************  14
  SIMULATE AT   2555.00  DAYS *   GAS CONDENSATE TEST                                                  * ECLIPSE  VERSION 2013.2     
  REPORT  12    31 OCT 2011   *SPE3_MODIFIED                                                           * RUN AT 13:58 ON 10 SEP 2014 
                              **************************************************************************

 STEP   13 TIME=   2920.00  DAYS (  +365.0  DAYS REPT  4 ITS) (30-OCT-2012)      
  PAV=  2858.2  PSIA   WCT=0.065 GOR=    36.75 MSCF/STB WGR=   0.0019 STB/MSCF   

 @--MESSAGE  AT TIME     2920.0   DAYS    (30-OCT-2012):
 @           RESTART FILE WRITTEN   REPORT    13                             
1                             **********************************************************************  15
  SIMULATE AT   2920.00  DAYS *   GAS CONDENSATE TEST                                                  * ECLIPSE  VERSION 2013.2     
  REPORT  13    30 OCT 2012   *SPE3_MODIFIED                                                           * RUN AT 13:58 ON 10 SEP 2014 
                              **************************************************************************

 STEP   14 TIME=   3285.00  DAYS (  +365.0  DAYS REPT  4 ITS) (30-OCT-2013)      
  PAV=  2785.4  PSIA   WCT=0.071 GOR=    40.73 MSCF/STB WGR=   0.0019 STB/MSCF   

 @--MESSAGE  AT TIME     3285.0   DAYS    (30-OCT-2013):
 @           RESTART FILE WRITTEN   REPORT    14                             
1                             **********************************************************************  16
  SIMULATE AT   3285.00  DAYS *   GAS CONDENSATE TEST                                                  * ECLIPSE  VERSION 2013.2     
  REPORT  14    30 OCT 2013   *SPE3_MODIFIED                                                           * RUN AT 13:58 ON 10 SEP 2014 
                              **************************************************************************

 STEP   15 TIME=   3650.00  DAYS (  +365.0  DAYS REPT  3 ITS) (30-OCT-2014)      
  PAV=  2712.2  PSIA   WCT=0.077 GOR=    45.72 MSCF/STB WGR=   0.0018 STB/MSCF   

 @--MESSAGE  AT TIME     3650.0   DAYS    (30-OCT-2014):
 @           RESTART FILE WRITTEN   REPORT    15                             
    78 READING WCONINJE
    79 READING TSTEP   
1                             **********************************************************************  17
  SIMULATE AT   3650.00  DAYS *   GAS CONDENSATE TEST                                                  * ECLIPSE  VERSION 2013.2     
  REPORT  15    30 OCT 2014   *SPE3_MODIFIED                                                           * RUN AT 13:58 ON 10 SEP 2014 
                              **************************************************************************

 STEP   16 TIME=   4015.00  DAYS (  +365.0  DAYS REPT  3 ITS) (30-OCT-2015)      
  PAV=  2417.7  PSIA   WCT=0.136 GOR=    88.67 MSCF/STB WGR=   0.0018 STB/MSCF   

 @--MESSAGE  AT TIME     4015.0   DAYS    (30-OCT-2015):
 @           RESTART FILE WRITTEN   REPORT    16                             
1                             **********************************************************************  18
  SIMULATE AT   4015.00  DAYS *   GAS CONDENSATE TEST                                                  * ECLIPSE  VERSION 2013.2     
  REPORT  16    30 OCT 2015   *SPE3_MODIFIED                                                           * RUN AT 13:58 ON 10 SEP 2014 
                              **************************************************************************

 STEP   17 TIME=   4380.00  DAYS (  +365.0  DAYS REPT  3 ITS) (29-OCT-2016)      
  PAV=  2151.4  PSIA   WCT=0.186 GOR=   127.15 MSCF/STB WGR=   0.0018 STB/MSCF   

 @--MESSAGE  AT TIME     4380.0   DAYS    (29-OCT-2016):
 @           RESTART FILE WRITTEN   REPORT    17                             
1                             **********************************************************************  19
  SIMULATE AT   4380.00  DAYS *   GAS CONDENSATE TEST                                                  * ECLIPSE  VERSION 2013.2     
  REPORT  17    29 OCT 2016   *SPE3_MODIFIED                                                           * RUN AT 13:58 ON 10 SEP 2014 
                              **************************************************************************

 STEP   18 TIME=   4745.00  DAYS (  +365.0  DAYS REPT  3 ITS) (29-OCT-2017)      
  PAV=  1884.0  PSIA   WCT=0.292 GOR=   223.22 MSCF/STB WGR=   0.0018 STB/MSCF   

 @--MESSAGE  AT TIME     4745.0   DAYS    (29-OCT-2017):
 @           RESTART FILE WRITTEN   REPORT    18                             
1                             **********************************************************************  20
  SIMULATE AT   4745.00  DAYS *   GAS CONDENSATE TEST                                                  * ECLIPSE  VERSION 2013.2     
  REPORT  18    29 OCT 2017   *SPE3_MODIFIED                                                           * RUN AT 13:58 ON 10 SEP 2014 
                              **************************************************************************

 STEP   19 TIME=   5110.00  DAYS (  +365.0  DAYS REPT  3 ITS) (29-OCT-2018)      
  PAV=  1607.8  PSIA   WCT=0.411 GOR=   343.94 MSCF/STB WGR=   0.0020 STB/MSCF   

 @--MESSAGE  AT TIME     5110.0   DAYS    (29-OCT-2018):
 @           RESTART FILE WRITTEN   REPORT    19                             
1                             **********************************************************************  21
  SIMULATE AT   5110.00  DAYS *   GAS CONDENSATE TEST                                                  * ECLIPSE  VERSION 2013.2     
  REPORT  19    29 OCT 2018   *SPE3_MODIFIED                                                           * RUN AT 13:58 ON 10 SEP 2014 
                              **************************************************************************

 STEP   20 TIME=   5475.00  DAYS (  +365.0  DAYS REPT  3 ITS) (29-OCT-2019)      
  PAV=  1328.2  PSIA   WCT=0.556 GOR=   541.95 MSCF/STB WGR=   0.0023 STB/MSCF   

 @--MESSAGE  AT TIME     5475.0   DAYS    (29-OCT-2019):
 @           RESTART FILE WRITTEN   REPORT    20                             
1                             **********************************************************************  22
  SIMULATE AT   5475.00  DAYS *   GAS CONDENSATE TEST                                                  * ECLIPSE  VERSION 2013.2     
  REPORT  20    29 OCT 2019   *SPE3_MODIFIED                                                           * RUN AT 13:58 ON 10 SEP 2014 
                              **************************************************************************

 @--MESSAGE  AT TIME     5475.0   DAYS    (29-OCT-2019):
 @           ******************************************                      
 @           * WELL PRODUCER HAS CHANGED TO           *                      
 @           * CONTROL BY BOTTOM HOLE PRESSURE        *                      
 @           * FROM TIME   5475.00   DAYS  .          *                      
 @           ******************************************                      

 STEP   21 TIME=   5840.00  DAYS (  +365.0  DAYS REPT  5 ITS) (28-OCT-2020)      
  PAV=  1105.1  PSIA   WCT=0.720 GOR=   985.20 MSCF/STB WGR=   0.0026 STB/MSCF   

 @--MESSAGE  AT TIME     5840.0   DAYS    (28-OCT-2020):
 @           RESTART FILE WRITTEN   REPORT    21                             
1                             **********************************************************************  23
  SIMULATE AT   5840.00  DAYS *   GAS CONDENSATE TEST                                                  * ECLIPSE  VERSION 2013.2     
  REPORT  21    28 OCT 2020   *SPE3_MODIFIED                                                           * RUN AT 13:58 ON 10 SEP 2014 
                              **************************************************************************

 STEP   22 TIME=   6205.00  DAYS (  +365.0  DAYS REPT  3 ITS) (28-OCT-2021)      
  PAV=  1059.0  PSIA   WCT=0.758 GOR=  1128.31 MSCF/STB WGR=   0.0028 STB/MSCF   

 @--MESSAGE  AT TIME     6205.0   DAYS    (28-OCT-2021):
 @           RESTART FILE WRITTEN   REPORT    22                             
1                             **********************************************************************  24
  SIMULATE AT   6205.00  DAYS *   GAS CONDENSATE TEST                                                  * ECLIPSE  VERSION 2013.2     
  REPORT  22    28 OCT 2021   *SPE3_MODIFIED                                                           * RUN AT 13:58 ON 10 SEP 2014 
                              **************************************************************************

 STEP   23 TIME=   6570.00  DAYS (  +365.0  DAYS REPT  2 ITS) (28-OCT-2022)      
  PAV=  1049.1  PSIA   WCT=0.773 GOR=  1164.01 MSCF/STB WGR=   0.0029 STB/MSCF   

 @--MESSAGE  AT TIME     6570.0   DAYS    (28-OCT-2022):
 @           RESTART FILE WRITTEN   REPORT    23                             
1                             **********************************************************************  25
  SIMULATE AT   6570.00  DAYS *   GAS CONDENSATE TEST                                                  * ECLIPSE  VERSION 2013.2     
  REPORT  23    28 OCT 2022   *SPE3_MODIFIED                                                           * RUN AT 13:58 ON 10 SEP 2014 
                              **************************************************************************

 STEP   24 TIME=   6935.00  DAYS (  +365.0  DAYS REPT  2 ITS) (28-OCT-2023)      
  PAV=  1047.0  PSIA   WCT=0.781 GOR=  1171.47 MSCF/STB WGR=   0.0030 STB/MSCF   

 @--MESSAGE  AT TIME     6935.0   DAYS    (28-OCT-2023):
 @           RESTART FILE WRITTEN   REPORT    24                             
1                             **********************************************************************  26
  SIMULATE AT   6935.00  DAYS *   GAS CONDENSATE TEST                                                  * ECLIPSE  VERSION 2013.2     
  REPORT  24    28 OCT 2023   *SPE3_MODIFIED                                                           * RUN AT 13:58 ON 10 SEP 2014 
                              **************************************************************************

 STEP   25 TIME=   7300.00  DAYS (  +365.0  DAYS REPT  2 ITS) (27-OCT-2024)      
  PAV=  1046.5  PSIA   WCT=0.787 GOR=  1172.64 MSCF/STB WGR=   0.0031 STB/MSCF   

 @--MESSAGE  AT TIME     7300.0   DAYS    (27-OCT-2024):
 @           RESTART FILE WRITTEN   REPORT    25                             
    80 READING END     
            4 Mbytes of storage required                         
  12.8297     KB/active cell                                     
           72 Mbytes (image size)                                

 Error summary 
 Comments               0
 Warnings               2
 Problems               0
 Errors                 0
 Bugs                   0
 Final cpu       0.16 elapsed       0.62
 Total number of time steps forced to be accepted          0
