
===============Saturation Functions Diagnostics===============

System:  Black-oil system.
Relative permeability input format: Saturation Family I.
Number of saturation regions: 1



================ Starting main simulation loop ===============



---------------    Simulation step number 0    ---------------
      Current time (days)     0
      Current stepsize (days) 10
      Total time (days)       210



Time step    0 at day 0/210, date = 01-Jan-2015

Time step 0, stepsize 3.3 days.
    Switching control mode for well INJE1 from SURFACE_RATE to BHP
well converged iter: 2
    Switching control mode for well PRODU21 from SURFACE_RATE to BHP
    Switching control mode for well PRODU26 from SURFACE_RATE to BHP
Time step summary: well its =  2, newton its =  4, linearizations =  5 ( 1.508 sec), linear its =  24 ( 0.520 sec)

Time step 1, stepsize 6.7 days.
well converged iter: 1
    Switching control mode for well PRODU23 from SURFACE_RATE to BHP
Time step summary: well its =  1, newton its =  4, linearizations =  5 ( 1.594 sec), linear its =  27 ( 0.533 sec)
                                                  ===================================================
                                                  :                   Field Totals                  :
                                                  :      PAV  =       3778.58  PSIA                 :
                                                  :      PORV =     452912333   RB                  :
                                                  : Pressure is weighted by hydrocarbon pore voulme :
                                                  : Pore volumes are taken at reference conditions  :
                         :--------------- Oil    STB ---------------:-- Wat    STB --:--------------- Gas   MSCF ---------------:
                         :      Liquid        Vapour        Total   :      Total     :      Free        Dissolved       Total   :
:------------------------:------------------------------------------:----------------:------------------------------------------:
:Currently   in place    :     217179415             0     217179415:    212399705   :        286088     301599626     301885714:
:------------------------:------------------------------------------:----------------:------------------------------------------:
:Originally  in place    :    1368324949             0    1368324949:   1335891729   :             0      10678711      10678711:
:========================:==========================================:================:==========================================:

                                                  ===================================================
                                                  :        FIPNUM report region   1                 :
                                                  :      PAV  =       3778.58  PSIA                 :
                                                  :      PORV =     452912333   RB                  :
                         :--------------- Oil    STB ---------------:-- Wat    STB --:--------------- Gas   MSCF ---------------:
                         :      Liquid        Vapour        Total   :      Total     :      Free        Dissolved       Total   :
:------------------------:------------------------------------------:----------------:------------------------------------------:
:Currently   in place    :     217179415             0     217179415:    212399705   :        286088     301599626     301885714:
:------------------------:------------------------------------------:----------------:------------------------------------------:
:Originally  in place    :     217546282             0     217546282:    212389812   :             0     302387412     302387412:
:========================:==========================================:================:==========================================:

Fully implicit solver took: 0.000000 seconds. Total solver time taken: 4.224308 seconds.

Warning: Keyword 'BASIC' is unhandled for output to file.


---------------    Simulation step number 1    ---------------
      Current time (days)     10
      Current stepsize (days) 10
      Total time (days)       210



Time step    1 at day 10/210, date = 11-Jan-2015

Time step 0, stepsize 10 days.
    Switching control mode for well INJE1 from SURFACE_RATE to BHP
    Switching control mode for well PRODU21 from SURFACE_RATE to BHP
    Switching control mode for well PRODU23 from SURFACE_RATE to BHP
    Switching control mode for well PRODU26 from SURFACE_RATE to BHP
well converged iter: 2
Time step summary: well its =  2, newton its =  4, linearizations =  5 ( 1.538 sec), linear its =  27 ( 0.535 sec)
                                                  ===================================================
                                                  :                   Field Totals                  :
                                                  :      PAV  =       3752.44  PSIA                 :
                                                  :      PORV =     452912333   RB                  :
                                                  : Pressure is weighted by hydrocarbon pore voulme :
                                                  : Pore volumes are taken at reference conditions  :
                         :--------------- Oil    STB ---------------:-- Wat    STB --:--------------- Gas   MSCF ---------------:
                         :      Liquid        Vapour        Total   :      Total     :      Free        Dissolved       Total   :
:------------------------:------------------------------------------:----------------:------------------------------------------:
:Currently   in place    :     216821269             0     216821269:    212406820   :        723759     300675861     301399620:
:------------------------:------------------------------------------:----------------:------------------------------------------:
:Originally  in place    :    1368324949             0    1368324949:   1335891729   :             0      10678711      10678711:
:========================:==========================================:================:==========================================:

                                                  ===================================================
                                                  :        FIPNUM report region   1                 :
                                                  :      PAV  =       3752.44  PSIA                 :
                                                  :      PORV =     452912333   RB                  :
                         :--------------- Oil    STB ---------------:-- Wat    STB --:--------------- Gas   MSCF ---------------:
                         :      Liquid        Vapour        Total   :      Total     :      Free        Dissolved       Total   :
:------------------------:------------------------------------------:----------------:------------------------------------------:
:Currently   in place    :     216821269             0     216821269:    212406820   :        723759     300675861     301399620:
:------------------------:------------------------------------------:----------------:------------------------------------------:
:Originally  in place    :     217546282             0     217546282:    212389812   :             0     302387412     302387412:
:========================:==========================================:================:==========================================:

Fully implicit solver took: 0.000000 seconds. Total solver time taken: 6.359663 seconds.

Warning: Keyword 'BASIC' is unhandled for output to file.


---------------    Simulation step number 2    ---------------
      Current time (days)     20
      Current stepsize (days) 10
      Total time (days)       210



Time step    2 at day 20/210, date = 21-Jan-2015

Time step 0, stepsize 10 days.
    Switching control mode for well INJE1 from SURFACE_RATE to BHP
    Switching control mode for well PRODU21 from SURFACE_RATE to BHP
    Switching control mode for well PRODU23 from SURFACE_RATE to BHP
    Switching control mode for well PRODU26 from SURFACE_RATE to BHP
well converged iter: 2
Time step summary: well its =  2, newton its =  3, linearizations =  4 ( 1.254 sec), linear its =  19 ( 0.382 sec)
                                                  ===================================================
                                                  :                   Field Totals                  :
                                                  :      PAV  =       3729.78  PSIA                 :
                                                  :      PORV =     452912333   RB                  :
                                                  : Pressure is weighted by hydrocarbon pore voulme :
                                                  : Pore volumes are taken at reference conditions  :
                         :--------------- Oil    STB ---------------:-- Wat    STB --:--------------- Gas   MSCF ---------------:
                         :      Liquid        Vapour        Total   :      Total     :      Free        Dissolved       Total   :
:------------------------:------------------------------------------:----------------:------------------------------------------:
:Currently   in place    :     216465298             0     216465298:    212412919   :       1186141     299725503     300911644:
:------------------------:------------------------------------------:----------------:------------------------------------------:
:Originally  in place    :    1368324949             0    1368324949:   1335891729   :             0      10678711      10678711:
:========================:==========================================:================:==========================================:

                                                  ===================================================
                                                  :        FIPNUM report region   1                 :
                                                  :      PAV  =       3729.78  PSIA                 :
                                                  :      PORV =     452912333   RB                  :
                         :--------------- Oil    STB ---------------:-- Wat    STB --:--------------- Gas   MSCF ---------------:
                         :      Liquid        Vapour        Total   :      Total     :      Free        Dissolved       Total   :
:------------------------:------------------------------------------:----------------:------------------------------------------:
:Currently   in place    :     216465298             0     216465298:    212412919   :       1186141     299725503     300911644:
:------------------------:------------------------------------------:----------------:------------------------------------------:
:Originally  in place    :     217546282             0     217546282:    212389812   :             0     302387412     302387412:
:========================:==========================================:================:==========================================:

Fully implicit solver took: 0.000000 seconds. Total solver time taken: 8.042757 seconds.

Warning: Keyword 'BASIC' is unhandled for output to file.


---------------    Simulation step number 3    ---------------
      Current time (days)     30
      Current stepsize (days) 10
      Total time (days)       210



Time step    3 at day 30/210, date = 31-Jan-2015

Time step 0, stepsize 10 days.
    Switching control mode for well INJE1 from SURFACE_RATE to BHP
    Switching control mode for well PRODU21 from SURFACE_RATE to BHP
    Switching control mode for well PRODU23 from SURFACE_RATE to BHP
    Switching control mode for well PRODU26 from SURFACE_RATE to BHP
well converged iter: 2
    Switching control mode for well PRODU9 from SURFACE_RATE to BHP
    Switching control mode for well PRODU9 from BHP to SURFACE_RATE
Time step summary: well its =  2, newton its =  4, linearizations =  5 ( 1.562 sec), linear its =  21 ( 0.508 sec)
                                                  ===================================================
                                                  :                   Field Totals                  :
                                                  :      PAV  =       3709.23  PSIA                 :
                                                  :      PORV =     452912333   RB                  :
                                                  : Pressure is weighted by hydrocarbon pore voulme :
                                                  : Pore volumes are taken at reference conditions  :
                         :--------------- Oil    STB ---------------:-- Wat    STB --:--------------- Gas   MSCF ---------------:
                         :      Liquid        Vapour        Total   :      Total     :      Free        Dissolved       Total   :
:------------------------:------------------------------------------:----------------:------------------------------------------:
:Currently   in place    :     216111559             0     216111559:    212418507   :       1659026     298764213     300423238:
:------------------------:------------------------------------------:----------------:------------------------------------------:
:Originally  in place    :    1368324949             0    1368324949:   1335891729   :             0      10678711      10678711:
:========================:==========================================:================:==========================================:

                                                  ===================================================
                                                  :        FIPNUM report region   1                 :
                                                  :      PAV  =       3709.23  PSIA                 :
                                                  :      PORV =     452912333   RB                  :
                         :--------------- Oil    STB ---------------:-- Wat    STB --:--------------- Gas   MSCF ---------------:
                         :      Liquid        Vapour        Total   :      Total     :      Free        Dissolved       Total   :
:------------------------:------------------------------------------:----------------:------------------------------------------:
:Currently   in place    :     216111559             0     216111559:    212418507   :       1659026     298764213     300423238:
:------------------------:------------------------------------------:----------------:------------------------------------------:
:Originally  in place    :     217546282             0     217546282:    212389812   :             0     302387412     302387412:
:========================:==========================================:================:==========================================:

Fully implicit solver took: 0.000000 seconds. Total solver time taken: 10.165316 seconds.

Warning: Keyword 'BASIC' is unhandled for output to file.


---------------    Simulation step number 4    ---------------
      Current time (days)     40
      Current stepsize (days) 10
      Total time (days)       210



Time step    4 at day 40/210, date = 10-Feb-2015

Time step 0, stepsize 10 days.
    Switching control mode for well INJE1 from SURFACE_RATE to BHP
    Switching control mode for well PRODU21 from SURFACE_RATE to BHP
    Switching control mode for well PRODU23 from SURFACE_RATE to BHP
    Switching control mode for well PRODU26 from SURFACE_RATE to BHP
well converged iter: 2
Time step summary: well its =  2, newton its =  3, linearizations =  4 ( 1.461 sec), linear its =  16 ( 0.461 sec)
                                                  ===================================================
                                                  :                   Field Totals                  :
                                                  :      PAV  =       3690.04  PSIA                 :
                                                  :      PORV =     452912333   RB                  :
                                                  : Pressure is weighted by hydrocarbon pore voulme :
                                                  : Pore volumes are taken at reference conditions  :
                         :--------------- Oil    STB ---------------:-- Wat    STB --:--------------- Gas   MSCF ---------------:
                         :      Liquid        Vapour        Total   :      Total     :      Free        Dissolved       Total   :
:------------------------:------------------------------------------:----------------:------------------------------------------:
:Currently   in place    :     215759896             0     215759896:    212423791   :       2137944     297785756     299923699:
:------------------------:------------------------------------------:----------------:------------------------------------------:
:Originally  in place    :    1368324949             0    1368324949:   1335891729   :             0      10678711      10678711:
:========================:==========================================:================:==========================================:

                                                  ===================================================
                                                  :        FIPNUM report region   1                 :
                                                  :      PAV  =       3690.04  PSIA                 :
                                                  :      PORV =     452912333   RB                  :
                         :--------------- Oil    STB ---------------:-- Wat    STB --:--------------- Gas   MSCF ---------------:
                         :      Liquid        Vapour        Total   :      Total     :      Free        Dissolved       Total   :
:------------------------:------------------------------------------:----------------:------------------------------------------:
:Currently   in place    :     215759896             0     215759896:    212423791   :       2137944     297785756     299923699:
:------------------------:------------------------------------------:----------------:------------------------------------------:
:Originally  in place    :     217546282             0     217546282:    212389812   :             0     302387412     302387412:
:========================:==========================================:================:==========================================:

Fully implicit solver took: 0.000000 seconds. Total solver time taken: 12.135685 seconds.

Warning: Keyword 'BASIC' is unhandled for output to file.


---------------    Simulation step number 5    ---------------
      Current time (days)     50
      Current stepsize (days) 10
      Total time (days)       210



Time step    5 at day 50/210, date = 20-Feb-2015

Time step 0, stepsize 10 days.
    Switching control mode for well INJE1 from SURFACE_RATE to BHP
    Switching control mode for well PRODU21 from SURFACE_RATE to BHP
    Switching control mode for well PRODU23 from SURFACE_RATE to BHP
    Switching control mode for well PRODU26 from SURFACE_RATE to BHP
well converged iter: 2
Time step summary: well its =  2, newton its =  3, linearizations =  4 ( 1.571 sec), linear its =  21 ( 0.513 sec)
                                                  ===================================================
                                                  :                   Field Totals                  :
                                                  :      PAV  =       3671.64  PSIA                 :
                                                  :      PORV =     452912333   RB                  :
                                                  : Pressure is weighted by hydrocarbon pore voulme :
                                                  : Pore volumes are taken at reference conditions  :
                         :--------------- Oil    STB ---------------:-- Wat    STB --:--------------- Gas   MSCF ---------------:
                         :      Liquid        Vapour        Total   :      Total     :      Free        Dissolved       Total   :
:------------------------:------------------------------------------:----------------:------------------------------------------:
:Currently   in place    :     215409888             0     215409888:    212428861   :       2619548     296784546     299404094:
:------------------------:------------------------------------------:----------------:------------------------------------------:
:Originally  in place    :    1368324949             0    1368324949:   1335891729   :             0      10678711      10678711:
:========================:==========================================:================:==========================================:

                                                  ===================================================
                                                  :        FIPNUM report region   1                 :
                                                  :      PAV  =       3671.64  PSIA                 :
                                                  :      PORV =     452912333   RB                  :
                         :--------------- Oil    STB ---------------:-- Wat    STB --:--------------- Gas   MSCF ---------------:
                         :      Liquid        Vapour        Total   :      Total     :      Free        Dissolved       Total   :
:------------------------:------------------------------------------:----------------:------------------------------------------:
:Currently   in place    :     215409888             0     215409888:    212428861   :       2619548     296784546     299404094:
:------------------------:------------------------------------------:----------------:------------------------------------------:
:Originally  in place    :     217546282             0     217546282:    212389812   :             0     302387412     302387412:
:========================:==========================================:================:==========================================:

Fully implicit solver took: 0.000000 seconds. Total solver time taken: 14.274857 seconds.

Warning: Keyword 'BASIC' is unhandled for output to file.


---------------    Simulation step number 6    ---------------
      Current time (days)     60
      Current stepsize (days) 10
      Total time (days)       210



Time step    6 at day 60/210, date = 02-Mar-2015

Time step 0, stepsize 10 days.
    Switching control mode for well INJE1 from SURFACE_RATE to BHP
    Switching control mode for well PRODU21 from SURFACE_RATE to BHP
    Switching control mode for well PRODU23 from SURFACE_RATE to BHP
    Switching control mode for well PRODU26 from SURFACE_RATE to BHP
well converged iter: 2
Time step summary: well its =  2, newton its =  3, linearizations =  4 ( 1.156 sec), linear its =  19 ( 0.359 sec)
                                                  ===================================================
                                                  :                   Field Totals                  :
                                                  :      PAV  =       3653.55  PSIA                 :
                                                  :      PORV =     452912333   RB                  :
                                                  : Pressure is weighted by hydrocarbon pore voulme :
                                                  : Pore volumes are taken at reference conditions  :
                         :--------------- Oil    STB ---------------:-- Wat    STB --:--------------- Gas   MSCF ---------------:
                         :      Liquid        Vapour        Total   :      Total     :      Free        Dissolved       Total   :
:------------------------:------------------------------------------:----------------:------------------------------------------:
:Currently   in place    :     215060665             0     215060665:    212433348   :       3103454     295748279     298851733:
:------------------------:------------------------------------------:----------------:------------------------------------------:
:Originally  in place    :    1368324949             0    1368324949:   1335891729   :             0      10678711      10678711:
:========================:==========================================:================:==========================================:

                                                  ===================================================
                                                  :        FIPNUM report region   1                 :
                                                  :      PAV  =       3653.55  PSIA                 :
                                                  :      PORV =     452912333   RB                  :
                         :--------------- Oil    STB ---------------:-- Wat    STB --:--------------- Gas   MSCF ---------------:
                         :      Liquid        Vapour        Total   :      Total     :      Free        Dissolved       Total   :
:------------------------:------------------------------------------:----------------:------------------------------------------:
:Currently   in place    :     215060665             0     215060665:    212433348   :       3103454     295748279     298851733:
:------------------------:------------------------------------------:----------------:------------------------------------------:
:Originally  in place    :     217546282             0     217546282:    212389812   :             0     302387412     302387412:
:========================:==========================================:================:==========================================:

Fully implicit solver took: 0.000000 seconds. Total solver time taken: 15.831679 seconds.

Warning: Keyword 'BASIC' is unhandled for output to file.


---------------    Simulation step number 7    ---------------
      Current time (days)     70
      Current stepsize (days) 10
      Total time (days)       210



Time step    7 at day 70/210, date = 12-Mar-2015

Time step 0, stepsize 10 days.
    Switching control mode for well INJE1 from SURFACE_RATE to BHP
    Switching control mode for well PRODU21 from SURFACE_RATE to BHP
    Switching control mode for well PRODU23 from SURFACE_RATE to BHP
    Switching control mode for well PRODU26 from SURFACE_RATE to BHP
well converged iter: 2
    Switching control mode for well PRODU9 from SURFACE_RATE to BHP
Time step summary: well its =  2, newton its =  3, linearizations =  4 ( 1.114 sec), linear its =  17 ( 0.323 sec)
                                                  ===================================================
                                                  :                   Field Totals                  :
                                                  :      PAV  =       3635.61  PSIA                 :
                                                  :      PORV =     452912333   RB                  :
                                                  : Pressure is weighted by hydrocarbon pore voulme :
                                                  : Pore volumes are taken at reference conditions  :
                         :--------------- Oil    STB ---------------:-- Wat    STB --:--------------- Gas   MSCF ---------------:
                         :      Liquid        Vapour        Total   :      Total     :      Free        Dissolved       Total   :
:------------------------:------------------------------------------:----------------:------------------------------------------:
:Currently   in place    :     214712776             0     214712776:    212437323   :       3587704     294672389     298260092:
:------------------------:------------------------------------------:----------------:------------------------------------------:
:Originally  in place    :    1368324949             0    1368324949:   1335891729   :             0      10678711      10678711:
:========================:==========================================:================:==========================================:

                                                  ===================================================
                                                  :        FIPNUM report region   1                 :
                                                  :      PAV  =       3635.61  PSIA                 :
                                                  :      PORV =     452912333   RB                  :
                         :--------------- Oil    STB ---------------:-- Wat    STB --:--------------- Gas   MSCF ---------------:
                         :      Liquid        Vapour        Total   :      Total     :      Free        Dissolved       Total   :
:------------------------:------------------------------------------:----------------:------------------------------------------:
:Currently   in place    :     214712776             0     214712776:    212437323   :       3587704     294672389     298260092:
:------------------------:------------------------------------------:----------------:------------------------------------------:
:Originally  in place    :     217546282             0     217546282:    212389812   :             0     302387412     302387412:
:========================:==========================================:================:==========================================:

Fully implicit solver took: 0.000000 seconds. Total solver time taken: 17.314477 seconds.

Warning: Keyword 'BASIC' is unhandled for output to file.


---------------    Simulation step number 8    ---------------
      Current time (days)     80
      Current stepsize (days) 10
      Total time (days)       210



Time step    8 at day 80/210, date = 22-Mar-2015

Time step 0, stepsize 10 days.
    Switching control mode for well INJE1 from SURFACE_RATE to BHP
    Switching control mode for well PRODU21 from SURFACE_RATE to BHP
    Switching control mode for well PRODU23 from SURFACE_RATE to BHP
    Switching control mode for well PRODU26 from SURFACE_RATE to BHP
well converged iter: 2
    Switching control mode for well PRODU9 from SURFACE_RATE to BHP
Time step summary: well its =  2, newton its =  3, linearizations =  4 ( 1.157 sec), linear its =  15 ( 0.319 sec)
                                                  ===================================================
                                                  :                   Field Totals                  :
                                                  :      PAV  =       3617.72  PSIA                 :
                                                  :      PORV =     452912333   RB                  :
                                                  : Pressure is weighted by hydrocarbon pore voulme :
                                                  : Pore volumes are taken at reference conditions  :
                         :--------------- Oil    STB ---------------:-- Wat    STB --:--------------- Gas   MSCF ---------------:
                         :      Liquid        Vapour        Total   :      Total     :      Free        Dissolved       Total   :
:------------------------:------------------------------------------:----------------:------------------------------------------:
:Currently   in place    :     214366679             0     214366679:    212440693   :       4071222     293552482     297623704:
:------------------------:------------------------------------------:----------------:------------------------------------------:
:Originally  in place    :    1368324949             0    1368324949:   1335891729   :             0      10678711      10678711:
:========================:==========================================:================:==========================================:

                                                  ===================================================
                                                  :        FIPNUM report region   1                 :
                                                  :      PAV  =       3617.72  PSIA                 :
                                                  :      PORV =     452912333   RB                  :
                         :--------------- Oil    STB ---------------:-- Wat    STB --:--------------- Gas   MSCF ---------------:
                         :      Liquid        Vapour        Total   :      Total     :      Free        Dissolved       Total   :
:------------------------:------------------------------------------:----------------:------------------------------------------:
:Currently   in place    :     214366679             0     214366679:    212440693   :       4071222     293552482     297623704:
:------------------------:------------------------------------------:----------------:------------------------------------------:
:Originally  in place    :     217546282             0     217546282:    212389812   :             0     302387412     302387412:
:========================:==========================================:================:==========================================:

Fully implicit solver took: 0.000000 seconds. Total solver time taken: 18.831401 seconds.

Warning: Keyword 'BASIC' is unhandled for output to file.


---------------    Simulation step number 9    ---------------
      Current time (days)     90
      Current stepsize (days) 10
      Total time (days)       210



Time step    9 at day 90/210, date = 01-Apr-2015

Time step 0, stepsize 10 days.
    Switching control mode for well INJE1 from SURFACE_RATE to BHP
    Switching control mode for well PRODU9 from SURFACE_RATE to BHP
    Switching control mode for well PRODU21 from SURFACE_RATE to BHP
    Switching control mode for well PRODU23 from SURFACE_RATE to BHP
    Switching control mode for well PRODU26 from SURFACE_RATE to BHP
well converged iter: 2
Time step summary: well its =  2, newton its =  3, linearizations =  4 ( 1.057 sec), linear its =  18 ( 0.306 sec)
                                                  ===================================================
                                                  :                   Field Totals                  :
                                                  :      PAV  =       3599.82  PSIA                 :
                                                  :      PORV =     452912333   RB                  :
                                                  : Pressure is weighted by hydrocarbon pore voulme :
                                                  : Pore volumes are taken at reference conditions  :
                         :--------------- Oil    STB ---------------:-- Wat    STB --:--------------- Gas   MSCF ---------------:
                         :      Liquid        Vapour        Total   :      Total     :      Free        Dissolved       Total   :
:------------------------:------------------------------------------:----------------:------------------------------------------:
:Currently   in place    :     214022473             0     214022473:    212443331   :       4553241     292388801     296942043:
:------------------------:------------------------------------------:----------------:------------------------------------------:
:Originally  in place    :    1368324949             0    1368324949:   1335891729   :             0      10678711      10678711:
:========================:==========================================:================:==========================================:

                                                  ===================================================
                                                  :        FIPNUM report region   1                 :
                                                  :      PAV  =       3599.82  PSIA                 :
                                                  :      PORV =     452912333   RB                  :
                         :--------------- Oil    STB ---------------:-- Wat    STB --:--------------- Gas   MSCF ---------------:
                         :      Liquid        Vapour        Total   :      Total     :      Free        Dissolved       Total   :
:------------------------:------------------------------------------:----------------:------------------------------------------:
:Currently   in place    :     214022473             0     214022473:    212443331   :       4553241     292388801     296942043:
:------------------------:------------------------------------------:----------------:------------------------------------------:
:Originally  in place    :     217546282             0     217546282:    212389812   :             0     302387412     302387412:
:========================:==========================================:================:==========================================:

Fully implicit solver took: 0.000000 seconds. Total solver time taken: 20.234575 seconds.

Warning: Keyword 'BASIC' is unhandled for output to file.


---------------    Simulation step number 10    ---------------
      Current time (days)     100
      Current stepsize (days) 10
      Total time (days)       210



Time step   10 at day 100/210, date = 11-Apr-2015

Time step 0, stepsize 10 days.
    Switching control mode for well INJE1 from SURFACE_RATE to BHP
well converged iter: 2
Time step summary: well its =  2, newton its =  5, linearizations =  6 ( 1.099 sec), linear its =  20 ( 0.339 sec)
                                                  ===================================================
                                                  :                   Field Totals                  :
                                                  :      PAV  =       3593.39  PSIA                 :
                                                  :      PORV =     452912333   RB                  :
                                                  : Pressure is weighted by hydrocarbon pore voulme :
                                                  : Pore volumes are taken at reference conditions  :
                         :--------------- Oil    STB ---------------:-- Wat    STB --:--------------- Gas   MSCF ---------------:
                         :      Liquid        Vapour        Total   :      Total     :      Free        Dissolved       Total   :
:------------------------:------------------------------------------:----------------:------------------------------------------:
:Currently   in place    :     213997478             0     213997478:    212451210   :       4566655     292342157     296908813:
:------------------------:------------------------------------------:----------------:------------------------------------------:
:Originally  in place    :    1368324949             0    1368324949:   1335891729   :             0      10678711      10678711:
:========================:==========================================:================:==========================================:

                                                  ===================================================
                                                  :        FIPNUM report region   1                 :
                                                  :      PAV  =       3593.39  PSIA                 :
                                                  :      PORV =     452912333   RB                  :
                         :--------------- Oil    STB ---------------:-- Wat    STB --:--------------- Gas   MSCF ---------------:
                         :      Liquid        Vapour        Total   :      Total     :      Free        Dissolved       Total   :
:------------------------:------------------------------------------:----------------:------------------------------------------:
:Currently   in place    :     213997478             0     213997478:    212451210   :       4566655     292342157     296908813:
:------------------------:------------------------------------------:----------------:------------------------------------------:
:Originally  in place    :     217546282             0     217546282:    212389812   :             0     302387412     302387412:
:========================:==========================================:================:==========================================:

Fully implicit solver took: 0.000000 seconds. Total solver time taken: 21.705242 seconds.

Warning: Keyword 'BASIC' is unhandled for output to file.


---------------    Simulation step number 11    ---------------
      Current time (days)     110
      Current stepsize (days) 10
      Total time (days)       210



Time step   11 at day 110/210, date = 21-Apr-2015

Time step 0, stepsize 10 days.
    Switching control mode for well INJE1 from SURFACE_RATE to BHP
well converged iter: 2
Time step summary: well its =  2, newton its =  3, linearizations =  4 ( 1.100 sec), linear its =  17 ( 0.362 sec)
                                                  ===================================================
                                                  :                   Field Totals                  :
                                                  :      PAV  =       3588.06  PSIA                 :
                                                  :      PORV =     452912333   RB                  :
                                                  : Pressure is weighted by hydrocarbon pore voulme :
                                                  : Pore volumes are taken at reference conditions  :
                         :--------------- Oil    STB ---------------:-- Wat    STB --:--------------- Gas   MSCF ---------------:
                         :      Liquid        Vapour        Total   :      Total     :      Free        Dissolved       Total   :
:------------------------:------------------------------------------:----------------:------------------------------------------:
:Currently   in place    :     213972371             0     213972371:    212459190   :       4571078     292305255     296876333:
:------------------------:------------------------------------------:----------------:------------------------------------------:
:Originally  in place    :    1368324949             0    1368324949:   1335891729   :             0      10678711      10678711:
:========================:==========================================:================:==========================================:

                                                  ===================================================
                                                  :        FIPNUM report region   1                 :
                                                  :      PAV  =       3588.06  PSIA                 :
                                                  :      PORV =     452912333   RB                  :
                         :--------------- Oil    STB ---------------:-- Wat    STB --:--------------- Gas   MSCF ---------------:
                         :      Liquid        Vapour        Total   :      Total     :      Free        Dissolved       Total   :
:------------------------:------------------------------------------:----------------:------------------------------------------:
:Currently   in place    :     213972371             0     213972371:    212459190   :       4571078     292305255     296876333:
:------------------------:------------------------------------------:----------------:------------------------------------------:
:Originally  in place    :     217546282             0     217546282:    212389812   :             0     302387412     302387412:
:========================:==========================================:================:==========================================:

Fully implicit solver took: 0.000000 seconds. Total solver time taken: 23.202503 seconds.

Warning: Keyword 'BASIC' is unhandled for output to file.


---------------    Simulation step number 12    ---------------
      Current time (days)     120
      Current stepsize (days) 10
      Total time (days)       210



Time step   12 at day 120/210, date = 01-May-2015

Time step 0, stepsize 10 days.
    Switching control mode for well INJE1 from SURFACE_RATE to BHP
well converged iter: 2
Time step summary: well its =  2, newton its =  3, linearizations =  4 ( 1.388 sec), linear its =  15 ( 0.342 sec)
                                                  ===================================================
                                                  :                   Field Totals                  :
                                                  :      PAV  =       3583.56  PSIA                 :
                                                  :      PORV =     452912333   RB                  :
                                                  : Pressure is weighted by hydrocarbon pore voulme :
                                                  : Pore volumes are taken at reference conditions  :
                         :--------------- Oil    STB ---------------:-- Wat    STB --:--------------- Gas   MSCF ---------------:
                         :      Liquid        Vapour        Total   :      Total     :      Free        Dissolved       Total   :
:------------------------:------------------------------------------:----------------:------------------------------------------:
:Currently   in place    :     213947395             0     213947395:    212467360   :       4574411     292269856     296844266:
:------------------------:------------------------------------------:----------------:------------------------------------------:
:Originally  in place    :    1368324949             0    1368324949:   1335891729   :             0      10678711      10678711:
:========================:==========================================:================:==========================================:

                                                  ===================================================
                                                  :        FIPNUM report region   1                 :
                                                  :      PAV  =       3583.56  PSIA                 :
                                                  :      PORV =     452912333   RB                  :
                         :--------------- Oil    STB ---------------:-- Wat    STB --:--------------- Gas   MSCF ---------------:
                         :      Liquid        Vapour        Total   :      Total     :      Free        Dissolved       Total   :
:------------------------:------------------------------------------:----------------:------------------------------------------:
:Currently   in place    :     213947395             0     213947395:    212467360   :       4574411     292269856     296844266:
:------------------------:------------------------------------------:----------------:------------------------------------------:
:Originally  in place    :     217546282             0     217546282:    212389812   :             0     302387412     302387412:
:========================:==========================================:================:==========================================:

Fully implicit solver took: 0.000000 seconds. Total solver time taken: 24.988281 seconds.

Warning: Keyword 'BASIC' is unhandled for output to file.


---------------    Simulation step number 13    ---------------
      Current time (days)     130
      Current stepsize (days) 10
      Total time (days)       210



Time step   13 at day 130/210, date = 11-May-2015

Time step 0, stepsize 10 days.
    Switching control mode for well INJE1 from SURFACE_RATE to BHP
well converged iter: 2
Time step summary: well its =  2, newton its =  3, linearizations =  4 ( 1.343 sec), linear its =  12 ( 0.376 sec)
                                                  ===================================================
                                                  :                   Field Totals                  :
                                                  :      PAV  =       3579.64  PSIA                 :
                                                  :      PORV =     452912333   RB                  :
                                                  : Pressure is weighted by hydrocarbon pore voulme :
                                                  : Pore volumes are taken at reference conditions  :
                         :--------------- Oil    STB ---------------:-- Wat    STB --:--------------- Gas   MSCF ---------------:
                         :      Liquid        Vapour        Total   :      Total     :      Free        Dissolved       Total   :
:------------------------:------------------------------------------:----------------:------------------------------------------:
:Currently   in place    :     213922174             0     213922174:    212475678   :       4578865     292233010     296811874:
:------------------------:------------------------------------------:----------------:------------------------------------------:
:Originally  in place    :    1368324949             0    1368324949:   1335891729   :             0      10678711      10678711:
:========================:==========================================:================:==========================================:

                                                  ===================================================
                                                  :        FIPNUM report region   1                 :
                                                  :      PAV  =       3579.64  PSIA                 :
                                                  :      PORV =     452912333   RB                  :
                         :--------------- Oil    STB ---------------:-- Wat    STB --:--------------- Gas   MSCF ---------------:
                         :      Liquid        Vapour        Total   :      Total     :      Free        Dissolved       Total   :
:------------------------:------------------------------------------:----------------:------------------------------------------:
:Currently   in place    :     213922174             0     213922174:    212475678   :       4578865     292233010     296811874:
:------------------------:------------------------------------------:----------------:------------------------------------------:
:Originally  in place    :     217546282             0     217546282:    212389812   :             0     302387412     302387412:
:========================:==========================================:================:==========================================:

Fully implicit solver took: 0.000000 seconds. Total solver time taken: 26.751454 seconds.

Warning: Keyword 'BASIC' is unhandled for output to file.


---------------    Simulation step number 14    ---------------
      Current time (days)     140
      Current stepsize (days) 10
      Total time (days)       210



Time step   14 at day 140/210, date = 21-May-2015

Time step 0, stepsize 10 days.
    Switching control mode for well INJE1 from SURFACE_RATE to BHP
well converged iter: 2
Time step summary: well its =  2, newton its =  3, linearizations =  4 ( 1.054 sec), linear its =  14 ( 0.566 sec)
                                                  ===================================================
                                                  :                   Field Totals                  :
                                                  :      PAV  =       3576.22  PSIA                 :
                                                  :      PORV =     452912333   RB                  :
                                                  : Pressure is weighted by hydrocarbon pore voulme :
                                                  : Pore volumes are taken at reference conditions  :
                         :--------------- Oil    STB ---------------:-- Wat    STB --:--------------- Gas   MSCF ---------------:
                         :      Liquid        Vapour        Total   :      Total     :      Free        Dissolved       Total   :
:------------------------:------------------------------------------:----------------:------------------------------------------:
:Currently   in place    :     213897148             0     213897148:    212484062   :       4584980     292194709     296779689:
:------------------------:------------------------------------------:----------------:------------------------------------------:
:Originally  in place    :    1368324949             0    1368324949:   1335891729   :             0      10678711      10678711:
:========================:==========================================:================:==========================================:

                                                  ===================================================
                                                  :        FIPNUM report region   1                 :
                                                  :      PAV  =       3576.22  PSIA                 :
                                                  :      PORV =     452912333   RB                  :
                         :--------------- Oil    STB ---------------:-- Wat    STB --:--------------- Gas   MSCF ---------------:
                         :      Liquid        Vapour        Total   :      Total     :      Free        Dissolved       Total   :
:------------------------:------------------------------------------:----------------:------------------------------------------:
:Currently   in place    :     213897148             0     213897148:    212484062   :       4584980     292194709     296779689:
:------------------------:------------------------------------------:----------------:------------------------------------------:
:Originally  in place    :     217546282             0     217546282:    212389812   :             0     302387412     302387412:
:========================:==========================================:================:==========================================:

Fully implicit solver took: 0.000000 seconds. Total solver time taken: 28.422095 seconds.

Warning: Keyword 'BASIC' is unhandled for output to file.


---------------    Simulation step number 15    ---------------
      Current time (days)     150
      Current stepsize (days) 10
      Total time (days)       210



Time step   15 at day 150/210, date = 31-May-2015

Time step 0, stepsize 10 days.
    Switching control mode for well INJE1 from SURFACE_RATE to BHP
well converged iter: 2
Time step summary: well its =  2, newton its =  3, linearizations =  4 ( 1.038 sec), linear its =  12 ( 0.308 sec)
                                                  ===================================================
                                                  :                   Field Totals                  :
                                                  :      PAV  =       3573.21  PSIA                 :
                                                  :      PORV =     452912333   RB                  :
                                                  : Pressure is weighted by hydrocarbon pore voulme :
                                                  : Pore volumes are taken at reference conditions  :
                         :--------------- Oil    STB ---------------:-- Wat    STB --:--------------- Gas   MSCF ---------------:
                         :      Liquid        Vapour        Total   :      Total     :      Free        Dissolved       Total   :
:------------------------:------------------------------------------:----------------:------------------------------------------:
:Currently   in place    :     213871999             0     213871999:    212492544   :       4593611     292153680     296747291:
:------------------------:------------------------------------------:----------------:------------------------------------------:
:Originally  in place    :    1368324949             0    1368324949:   1335891729   :             0      10678711      10678711:
:========================:==========================================:================:==========================================:

                                                  ===================================================
                                                  :        FIPNUM report region   1                 :
                                                  :      PAV  =       3573.21  PSIA                 :
                                                  :      PORV =     452912333   RB                  :
                         :--------------- Oil    STB ---------------:-- Wat    STB --:--------------- Gas   MSCF ---------------:
                         :      Liquid        Vapour        Total   :      Total     :      Free        Dissolved       Total   :
:------------------------:------------------------------------------:----------------:------------------------------------------:
:Currently   in place    :     213871999             0     213871999:    212492544   :       4593611     292153680     296747291:
:------------------------:------------------------------------------:----------------:------------------------------------------:
:Originally  in place    :     217546282             0     217546282:    212389812   :             0     302387412     302387412:
:========================:==========================================:================:==========================================:

Fully implicit solver took: 0.000000 seconds. Total solver time taken: 29.802536 seconds.

Warning: Keyword 'BASIC' is unhandled for output to file.


---------------    Simulation step number 16    ---------------
      Current time (days)     160
      Current stepsize (days) 10
      Total time (days)       210



Time step   16 at day 160/210, date = 10-Jun-2015

Time step 0, stepsize 10 days.
    Switching control mode for well INJE1 from SURFACE_RATE to BHP
    Switching control mode for well PRODU23 from SURFACE_RATE to BHP
    Switching control mode for well PRODU26 from SURFACE_RATE to BHP
well converged iter: 2
    Switching control mode for well PRODU21 from SURFACE_RATE to BHP
Time step summary: well its =  2, newton its =  6, linearizations =  7 ( 2.291 sec), linear its =  16 ( 0.697 sec)
                                                  ===================================================
                                                  :                   Field Totals                  :
                                                  :      PAV  =       3561.59  PSIA                 :
                                                  :      PORV =     452912333   RB                  :
                                                  : Pressure is weighted by hydrocarbon pore voulme :
                                                  : Pore volumes are taken at reference conditions  :
                         :--------------- Oil    STB ---------------:-- Wat    STB --:--------------- Gas   MSCF ---------------:
                         :      Liquid        Vapour        Total   :      Total     :      Free        Dissolved       Total   :
:------------------------:------------------------------------------:----------------:------------------------------------------:
:Currently   in place    :     213521848             0     213521848:    212494992   :       5122270     291149863     296272133:
:------------------------:------------------------------------------:----------------:------------------------------------------:
:Originally  in place    :    1368324949             0    1368324949:   1335891729   :             0      10678711      10678711:
:========================:==========================================:================:==========================================:

                                                  ===================================================
                                                  :        FIPNUM report region   1                 :
                                                  :      PAV  =       3561.59  PSIA                 :
                                                  :      PORV =     452912333   RB                  :
                         :--------------- Oil    STB ---------------:-- Wat    STB --:--------------- Gas   MSCF ---------------:
                         :      Liquid        Vapour        Total   :      Total     :      Free        Dissolved       Total   :
:------------------------:------------------------------------------:----------------:------------------------------------------:
:Currently   in place    :     213521848             0     213521848:    212494992   :       5122270     291149863     296272133:
:------------------------:------------------------------------------:----------------:------------------------------------------:
:Originally  in place    :     217546282             0     217546282:    212389812   :             0     302387412     302387412:
:========================:==========================================:================:==========================================:

Fully implicit solver took: 0.000000 seconds. Total solver time taken: 32.854297 seconds.

Warning: Keyword 'BASIC' is unhandled for output to file.


---------------    Simulation step number 17    ---------------
      Current time (days)     170
      Current stepsize (days) 10
      Total time (days)       210



Time step   17 at day 170/210, date = 20-Jun-2015

Time step 0, stepsize 10 days.
    Switching control mode for well INJE1 from SURFACE_RATE to BHP
    Switching control mode for well PRODU21 from SURFACE_RATE to BHP
    Switching control mode for well PRODU23 from SURFACE_RATE to BHP
    Switching control mode for well PRODU26 from SURFACE_RATE to BHP
well converged iter: 2
    Switching control mode for well PRODU9 from SURFACE_RATE to BHP
Time step summary: well its =  2, newton its =  5, linearizations =  6 ( 1.863 sec), linear its =  19 ( 0.591 sec)
                                                  ===================================================
                                                  :                   Field Totals                  :
                                                  :      PAV  =        3549.7  PSIA                 :
                                                  :      PORV =     452912333   RB                  :
                                                  : Pressure is weighted by hydrocarbon pore voulme :
                                                  : Pore volumes are taken at reference conditions  :
                         :--------------- Oil    STB ---------------:-- Wat    STB --:--------------- Gas   MSCF ---------------:
                         :      Liquid        Vapour        Total   :      Total     :      Free        Dissolved       Total   :
:------------------------:------------------------------------------:----------------:------------------------------------------:
:Currently   in place    :     213175705             0     213175705:    212496661   :       5638428     290100139     295738567:
:------------------------:------------------------------------------:----------------:------------------------------------------:
:Originally  in place    :    1368324949             0    1368324949:   1335891729   :             0      10678711      10678711:
:========================:==========================================:================:==========================================:

                                                  ===================================================
                                                  :        FIPNUM report region   1                 :
                                                  :      PAV  =        3549.7  PSIA                 :
                                                  :      PORV =     452912333   RB                  :
                         :--------------- Oil    STB ---------------:-- Wat    STB --:--------------- Gas   MSCF ---------------:
                         :      Liquid        Vapour        Total   :      Total     :      Free        Dissolved       Total   :
:------------------------:------------------------------------------:----------------:------------------------------------------:
:Currently   in place    :     213175705             0     213175705:    212496661   :       5638428     290100139     295738567:
:------------------------:------------------------------------------:----------------:------------------------------------------:
:Originally  in place    :     217546282             0     217546282:    212389812   :             0     302387412     302387412:
:========================:==========================================:================:==========================================:

Fully implicit solver took: 0.000000 seconds. Total solver time taken: 35.368196 seconds.

Warning: Keyword 'BASIC' is unhandled for output to file.


---------------    Simulation step number 18    ---------------
      Current time (days)     180
      Current stepsize (days) 10
      Total time (days)       210



Time step   18 at day 180/210, date = 30-Jun-2015

Time step 0, stepsize 10 days.
    Switching control mode for well INJE1 from SURFACE_RATE to BHP
    Switching control mode for well PRODU9 from SURFACE_RATE to BHP
    Switching control mode for well PRODU21 from SURFACE_RATE to BHP
    Switching control mode for well PRODU23 from SURFACE_RATE to BHP
    Switching control mode for well PRODU26 from SURFACE_RATE to BHP
well converged iter: 2
    Switching control mode for well PRODU22 from SURFACE_RATE to BHP
Time step summary: well its =  2, newton its =  3, linearizations =  4 ( 0.731 sec), linear its =  15 ( 0.205 sec)
                                                  ===================================================
                                                  :                   Field Totals                  :
                                                  :      PAV  =       3536.52  PSIA                 :
                                                  :      PORV =     452912333   RB                  :
                                                  : Pressure is weighted by hydrocarbon pore voulme :
                                                  : Pore volumes are taken at reference conditions  :
                         :--------------- Oil    STB ---------------:-- Wat    STB --:--------------- Gas   MSCF ---------------:
                         :      Liquid        Vapour        Total   :      Total     :      Free        Dissolved       Total   :
:------------------------:------------------------------------------:----------------:------------------------------------------:
:Currently   in place    :     212833588             0     212833588:    212497463   :       6144666     288951885     295096551:
:------------------------:------------------------------------------:----------------:------------------------------------------:
:Originally  in place    :    1368324949             0    1368324949:   1335891729   :             0      10678711      10678711:
:========================:==========================================:================:==========================================:

                                                  ===================================================
                                                  :        FIPNUM report region   1                 :
                                                  :      PAV  =       3536.52  PSIA                 :
                                                  :      PORV =     452912333   RB                  :
                         :--------------- Oil    STB ---------------:-- Wat    STB --:--------------- Gas   MSCF ---------------:
                         :      Liquid        Vapour        Total   :      Total     :      Free        Dissolved       Total   :
:------------------------:------------------------------------------:----------------:------------------------------------------:
:Currently   in place    :     212833588             0     212833588:    212497463   :       6144666     288951885     295096551:
:------------------------:------------------------------------------:----------------:------------------------------------------:
:Originally  in place    :     217546282             0     217546282:    212389812   :             0     302387412     302387412:
:========================:==========================================:================:==========================================:

Fully implicit solver took: 0.000000 seconds. Total solver time taken: 36.336255 seconds.

Warning: Keyword 'BASIC' is unhandled for output to file.


---------------    Simulation step number 19    ---------------
      Current time (days)     190
      Current stepsize (days) 10
      Total time (days)       210



Time step   19 at day 190/210, date = 10-Jul-2015

Time step 0, stepsize 10 days.
    Switching control mode for well INJE1 from SURFACE_RATE to BHP
    Switching control mode for well PRODU9 from SURFACE_RATE to BHP
    Switching control mode for well PRODU21 from SURFACE_RATE to BHP
    Switching control mode for well PRODU22 from SURFACE_RATE to BHP
    Switching control mode for well PRODU23 from SURFACE_RATE to BHP
    Switching control mode for well PRODU26 from SURFACE_RATE to BHP
well converged iter: 2
    Switching control mode for well PRODU16 from SURFACE_RATE to BHP
Time step summary: well its =  2, newton its =  3, linearizations =  4 ( 0.694 sec), linear its =  14 ( 0.209 sec)
                                                  ===================================================
                                                  :                   Field Totals                  :
                                                  :      PAV  =       3522.13  PSIA                 :
                                                  :      PORV =     452912333   RB                  :
                                                  : Pressure is weighted by hydrocarbon pore voulme :
                                                  : Pore volumes are taken at reference conditions  :
                         :--------------- Oil    STB ---------------:-- Wat    STB --:--------------- Gas   MSCF ---------------:
                         :      Liquid        Vapour        Total   :      Total     :      Free        Dissolved       Total   :
:------------------------:------------------------------------------:----------------:------------------------------------------:
:Currently   in place    :     212495581             0     212495581:    212497298   :       6639964     287720351     294360315:
:------------------------:------------------------------------------:----------------:------------------------------------------:
:Originally  in place    :    1368324949             0    1368324949:   1335891729   :             0      10678711      10678711:
:========================:==========================================:================:==========================================:

                                                  ===================================================
                                                  :        FIPNUM report region   1                 :
                                                  :      PAV  =       3522.13  PSIA                 :
                                                  :      PORV =     452912333   RB                  :
                         :--------------- Oil    STB ---------------:-- Wat    STB --:--------------- Gas   MSCF ---------------:
                         :      Liquid        Vapour        Total   :      Total     :      Free        Dissolved       Total   :
:------------------------:------------------------------------------:----------------:------------------------------------------:
:Currently   in place    :     212495581             0     212495581:    212497298   :       6639964     287720351     294360315:
:------------------------:------------------------------------------:----------------:------------------------------------------:
:Originally  in place    :     217546282             0     217546282:    212389812   :             0     302387412     302387412:
:========================:==========================================:================:==========================================:

Fully implicit solver took: 0.000000 seconds. Total solver time taken: 37.263659 seconds.

Warning: Keyword 'BASIC' is unhandled for output to file.


---------------    Simulation step number 20    ---------------
      Current time (days)     200
      Current stepsize (days) 10
      Total time (days)       210



Time step   20 at day 200/210, date = 20-Jul-2015

Time step 0, stepsize 10 days.
    Switching control mode for well INJE1 from SURFACE_RATE to BHP
    Switching control mode for well PRODU9 from SURFACE_RATE to BHP
    Switching control mode for well PRODU16 from SURFACE_RATE to BHP
    Switching control mode for well PRODU21 from SURFACE_RATE to BHP
    Switching control mode for well PRODU22 from SURFACE_RATE to BHP
    Switching control mode for well PRODU23 from SURFACE_RATE to BHP
    Switching control mode for well PRODU26 from SURFACE_RATE to BHP
well converged iter: 2
Time step summary: well its =  2, newton its =  3, linearizations =  4 ( 1.316 sec), linear its =  15 ( 0.381 sec)
                                                  ===================================================
                                                  :                   Field Totals                  :
                                                  :      PAV  =       3506.85  PSIA                 :
                                                  :      PORV =     452912333   RB                  :
                                                  : Pressure is weighted by hydrocarbon pore voulme :
                                                  : Pore volumes are taken at reference conditions  :
                         :--------------- Oil    STB ---------------:-- Wat    STB --:--------------- Gas   MSCF ---------------:
                         :      Liquid        Vapour        Total   :      Total     :      Free        Dissolved       Total   :
:------------------------:------------------------------------------:----------------:------------------------------------------:
:Currently   in place    :     212161718             0     212161718:    212496065   :       7124286     286428215     293552500:
:------------------------:------------------------------------------:----------------:------------------------------------------:
:Originally  in place    :    1368324949             0    1368324949:   1335891729   :             0      10678711      10678711:
:========================:==========================================:================:==========================================:

                                                  ===================================================
                                                  :        FIPNUM report region   1                 :
                                                  :      PAV  =       3506.85  PSIA                 :
                                                  :      PORV =     452912333   RB                  :
                         :--------------- Oil    STB ---------------:-- Wat    STB --:--------------- Gas   MSCF ---------------:
                         :      Liquid        Vapour        Total   :      Total     :      Free        Dissolved       Total   :
:------------------------:------------------------------------------:----------------:------------------------------------------:
:Currently   in place    :     212161718             0     212161718:    212496065   :       7124286     286428215     293552500:
:------------------------:------------------------------------------:----------------:------------------------------------------:
:Originally  in place    :     217546282             0     217546282:    212389812   :             0     302387412     302387412:
:========================:==========================================:================:==========================================:

Fully implicit solver took: 0.000000 seconds. Total solver time taken: 39.004927 seconds.

Warning: Keyword 'BASIC' is unhandled for output to file.


================    End of simulation     ===============

Total time (seconds):         39.5476
Solver time (seconds):        39.0049
 Assembly time (seconds):     28.8892
 Linear solve time (seconds): 9.13447
 Update time (seconds):       0.375113
 Output write time (seconds): 0.105126
Overall Well Iterations:      43
Overall Linearizations:       99
Overall Newton Iterations:    77
Overall Linear Iterations:    393



Error summary:
Warnings          21
Info              151
Errors            0
Bugs              0
Debug             0
Problems          0

