


 ########  #          ######   #           #
 #         #         #      #   #         # 
 #####     #         #      #    #   #   #  
 #         #         #      #     # # # #   
 #         #######    ######       #   #    

Flow is a simulator for fully implicit three-phase black-oil flow, and is part of OPM.
For more information visit: http://opm-project.org 

Flow Version  =  2018.04-pre
System        =  opm-deb (Number of cores: 8, RAM: 16051.20 MB) 
Architecture  =  Linux x86_64 (Release: 4.9.0-3-amd64, Version: #1 SMP Debian 4.9.30-2+deb9u2 (2017-06-26) )
Simulation started on 27-11-2017 at 11:34:05 hrs


===============Saturation Functions Diagnostics===============

System:  Black-oil system.
Relative permeability input format: Saturation Family I.
Number of saturation regions: 1



================ Starting main simulation loop ===============

                                                  ===================================================
                                                  :                   Field Totals                  :
                                                  :      PAV  =       3822.01  PSIA                 :
                                                  :      PORV =     453453210   RB                  :
                                                  : Pressure is weighted by hydrocarbon pore volume :
                                                  : Pore volumes are taken at reference conditions  :
                         :--------------- Oil    STB ---------------:-- Wat    STB --:--------------- Gas   MSCF ---------------:
                         :      Liquid        Vapour        Total   :      Total     :      Free        Dissolved       Total   :
:------------------------:------------------------------------------:----------------:------------------------------------------:
:Currently   in place    :     217546282             0     217546282:    212389812   :             0     302387412     302387412:
:------------------------:------------------------------------------:----------------:------------------------------------------:
:Originally  in place    :     217546282             0     217546282:    212389812   :             0     302387412     302387412:
:========================:==========================================:================:==========================================:

                                                  ===================================================
                                                  :        FIPNUM report region   1                 :
                                                  :      PAV  =       3822.01  PSIA                 :
                                                  :      PORV =     453453210   RB                  :
                         :--------------- Oil    STB ---------------:-- Wat    STB --:--------------- Gas   MSCF ---------------:
                         :      Liquid        Vapour        Total   :      Total     :      Free        Dissolved       Total   :
:------------------------:------------------------------------------:----------------:------------------------------------------:
:Currently   in place    :     217546282             0     217546282:    212389812   :             0     302387412     302387412:
:------------------------:------------------------------------------:----------------:------------------------------------------:
:Originally  in place    :     217546282             0     217546282:    212389812   :             0     302387412     302387412:
:========================:==========================================:================:==========================================:


Report step  0/21 at day 0/210, date = 01-Jan-2015

Time step 0, stepsize 3.3 days.
    Switching control mode for well INJE1 from SURFACE_RATE to BHP
    Switching control mode for well PRODU21 from SURFACE_RATE to BHP
    Switching control mode for well PRODU26 from SURFACE_RATE to BHP
Time step summary: well its =  6, newton its =  4, linearizations =  5 ( 0.368 sec), linear its =  26 ( 0.201 sec)

Time step 1, stepsize 6.7 days.
    Switching control mode for well PRODU23 from SURFACE_RATE to BHP
Time step summary: well its =  1, newton its =  4, linearizations =  5 ( 0.507 sec), linear its =  28 ( 0.282 sec)

                              **************************************************************************
  Balance  at        10  Days *                         SPE 9                                          *
  Report    1    11 Jan 2015  *                                             Flow  version 2018.04-pre  *
                              **************************************************************************

                                                  ===================================================
                                                  :                   Field Totals                  :
                                                  :      PAV  =       3778.71  PSIA                 :
                                                  :      PORV =     453391207   RB                  :
                                                  : Pressure is weighted by hydrocarbon pore volume :
                                                  : Pore volumes are taken at reference conditions  :
                         :--------------- Oil    STB ---------------:-- Wat    STB --:--------------- Gas   MSCF ---------------:
                         :      Liquid        Vapour        Total   :      Total     :      Free        Dissolved       Total   :
:------------------------:------------------------------------------:----------------:------------------------------------------:
:Currently   in place    :     217179805             0     217179805:    212399819   :        285602     301600874     301886476:
:------------------------:------------------------------------------:----------------:------------------------------------------:
:Originally  in place    :     217546282             0     217546282:    212389812   :             0     302387412     302387412:
:========================:==========================================:================:==========================================:

                                                  ===================================================
                                                  :        FIPNUM report region   1                 :
                                                  :      PAV  =       3778.71  PSIA                 :
                                                  :      PORV =     453391207   RB                  :
                         :--------------- Oil    STB ---------------:-- Wat    STB --:--------------- Gas   MSCF ---------------:
                         :      Liquid        Vapour        Total   :      Total     :      Free        Dissolved       Total   :
:------------------------:------------------------------------------:----------------:------------------------------------------:
:Currently   in place    :     217179805             0     217179805:    212399819   :        285602     301600874     301886476:
:------------------------:------------------------------------------:----------------:------------------------------------------:
:Originally  in place    :     217546282             0     217546282:    212389812   :             0     302387412     302387412:
:========================:==========================================:================:==========================================:


Warning: Keyword 'BASIC' is unhandled for output to file.

Report step  1/21 at day 10/210, date = 11-Jan-2015

Time step 0, stepsize 10 days.
    Switching control mode for well INJE1 from SURFACE_RATE to BHP
    Switching control mode for well PRODU21 from SURFACE_RATE to BHP
    Switching control mode for well PRODU23 from SURFACE_RATE to BHP
    Switching control mode for well PRODU26 from SURFACE_RATE to BHP
Time step summary: well its =  2, newton its =  4, linearizations =  5 ( 0.372 sec), linear its =  24 ( 0.199 sec)

                              **************************************************************************
  Balance  at        20  Days *                         SPE 9                                          *
  Report    2    21 Jan 2015  *                                             Flow  version 2018.04-pre  *
                              **************************************************************************

                                                  ===================================================
                                                  :                   Field Totals                  :
                                                  :      PAV  =       3752.58  PSIA                 :
                                                  :      PORV =     453347470   RB                  :
                                                  : Pressure is weighted by hydrocarbon pore volume :
                                                  : Pore volumes are taken at reference conditions  :
                         :--------------- Oil    STB ---------------:-- Wat    STB --:--------------- Gas   MSCF ---------------:
                         :      Liquid        Vapour        Total   :      Total     :      Free        Dissolved       Total   :
:------------------------:------------------------------------------:----------------:------------------------------------------:
:Currently   in place    :     216821656             0     216821656:    212406928   :        723219     300677164     301400383:
:------------------------:------------------------------------------:----------------:------------------------------------------:
:Originally  in place    :     217546282             0     217546282:    212389812   :             0     302387412     302387412:
:========================:==========================================:================:==========================================:

                                                  ===================================================
                                                  :        FIPNUM report region   1                 :
                                                  :      PAV  =       3752.58  PSIA                 :
                                                  :      PORV =     453347470   RB                  :
                         :--------------- Oil    STB ---------------:-- Wat    STB --:--------------- Gas   MSCF ---------------:
                         :      Liquid        Vapour        Total   :      Total     :      Free        Dissolved       Total   :
:------------------------:------------------------------------------:----------------:------------------------------------------:
:Currently   in place    :     216821656             0     216821656:    212406928   :        723219     300677164     301400383:
:------------------------:------------------------------------------:----------------:------------------------------------------:
:Originally  in place    :     217546282             0     217546282:    212389812   :             0     302387412     302387412:
:========================:==========================================:================:==========================================:


Warning: Keyword 'BASIC' is unhandled for output to file.

Report step  2/21 at day 20/210, date = 21-Jan-2015

Time step 0, stepsize 10 days.
    Switching control mode for well INJE1 from SURFACE_RATE to BHP
    Switching control mode for well PRODU21 from SURFACE_RATE to BHP
    Switching control mode for well PRODU23 from SURFACE_RATE to BHP
    Switching control mode for well PRODU26 from SURFACE_RATE to BHP
Time step summary: well its =  2, newton its =  3, linearizations =  4 ( 0.183 sec), linear its =  20 ( 0.109 sec)

                              **************************************************************************
  Balance  at        30  Days *                         SPE 9                                          *
  Report    3    31 Jan 2015  *                                             Flow  version 2018.04-pre  *
                              **************************************************************************

                                                  ===================================================
                                                  :                   Field Totals                  :
                                                  :      PAV  =          3730  PSIA                 :
                                                  :      PORV =     453308275   RB                  :
                                                  : Pressure is weighted by hydrocarbon pore volume :
                                                  : Pore volumes are taken at reference conditions  :
                         :--------------- Oil    STB ---------------:-- Wat    STB --:--------------- Gas   MSCF ---------------:
                         :      Liquid        Vapour        Total   :      Total     :      Free        Dissolved       Total   :
:------------------------:------------------------------------------:----------------:------------------------------------------:
:Currently   in place    :     216466087             0     216466087:    212413264   :       1184947     299728708     300913656:
:------------------------:------------------------------------------:----------------:------------------------------------------:
:Originally  in place    :     217546282             0     217546282:    212389812   :             0     302387412     302387412:
:========================:==========================================:================:==========================================:

                                                  ===================================================
                                                  :        FIPNUM report region   1                 :
                                                  :      PAV  =          3730  PSIA                 :
                                                  :      PORV =     453308275   RB                  :
                         :--------------- Oil    STB ---------------:-- Wat    STB --:--------------- Gas   MSCF ---------------:
                         :      Liquid        Vapour        Total   :      Total     :      Free        Dissolved       Total   :
:------------------------:------------------------------------------:----------------:------------------------------------------:
:Currently   in place    :     216466087             0     216466087:    212413264   :       1184947     299728708     300913656:
:------------------------:------------------------------------------:----------------:------------------------------------------:
:Originally  in place    :     217546282             0     217546282:    212389812   :             0     302387412     302387412:
:========================:==========================================:================:==========================================:


Warning: Keyword 'BASIC' is unhandled for output to file.

Report step  3/21 at day 30/210, date = 31-Jan-2015

Time step 0, stepsize 10 days.
    Switching control mode for well INJE1 from SURFACE_RATE to BHP
    Switching control mode for well PRODU21 from SURFACE_RATE to BHP
    Switching control mode for well PRODU23 from SURFACE_RATE to BHP
    Switching control mode for well PRODU26 from SURFACE_RATE to BHP
    Switching control mode for well PRODU9 from SURFACE_RATE to BHP
    Switching control mode for well PRODU9 from BHP to SURFACE_RATE
Time step summary: well its =  2, newton its =  4, linearizations =  5 ( 0.296 sec), linear its =  22 ( 0.146 sec)

                              **************************************************************************
  Balance  at        40  Days *                         SPE 9                                          *
  Report    4    10 Feb 2015  *                                             Flow  version 2018.04-pre  *
                              **************************************************************************

                                                  ===================================================
                                                  :                   Field Totals                  :
                                                  :      PAV  =       3709.47  PSIA                 :
                                                  :      PORV =     453272070   RB                  :
                                                  : Pressure is weighted by hydrocarbon pore volume :
                                                  : Pore volumes are taken at reference conditions  :
                         :--------------- Oil    STB ---------------:-- Wat    STB --:--------------- Gas   MSCF ---------------:
                         :      Liquid        Vapour        Total   :      Total     :      Free        Dissolved       Total   :
:------------------------:------------------------------------------:----------------:------------------------------------------:
:Currently   in place    :     216112320             0     216112320:    212418924   :       1657950     298767334     300425283:
:------------------------:------------------------------------------:----------------:------------------------------------------:
:Originally  in place    :     217546282             0     217546282:    212389812   :             0     302387412     302387412:
:========================:==========================================:================:==========================================:

                                                  ===================================================
                                                  :        FIPNUM report region   1                 :
                                                  :      PAV  =       3709.47  PSIA                 :
                                                  :      PORV =     453272070   RB                  :
                         :--------------- Oil    STB ---------------:-- Wat    STB --:--------------- Gas   MSCF ---------------:
                         :      Liquid        Vapour        Total   :      Total     :      Free        Dissolved       Total   :
:------------------------:------------------------------------------:----------------:------------------------------------------:
:Currently   in place    :     216112320             0     216112320:    212418924   :       1657950     298767334     300425283:
:------------------------:------------------------------------------:----------------:------------------------------------------:
:Originally  in place    :     217546282             0     217546282:    212389812   :             0     302387412     302387412:
:========================:==========================================:================:==========================================:


Warning: Keyword 'BASIC' is unhandled for output to file.

Report step  4/21 at day 40/210, date = 10-Feb-2015

Time step 0, stepsize 10 days.
    Switching control mode for well INJE1 from SURFACE_RATE to BHP
    Switching control mode for well PRODU21 from SURFACE_RATE to BHP
    Switching control mode for well PRODU23 from SURFACE_RATE to BHP
    Switching control mode for well PRODU26 from SURFACE_RATE to BHP
Time step summary: well its =  2, newton its =  3, linearizations =  4 ( 0.263 sec), linear its =  16 ( 0.118 sec)

                              **************************************************************************
  Balance  at        50  Days *                         SPE 9                                          *
  Report    5    20 Feb 2015  *                                             Flow  version 2018.04-pre  *
                              **************************************************************************

                                                  ===================================================
                                                  :                   Field Totals                  :
                                                  :      PAV  =        3690.2  PSIA                 :
                                                  :      PORV =     453237945   RB                  :
                                                  : Pressure is weighted by hydrocarbon pore volume :
                                                  : Pore volumes are taken at reference conditions  :
                         :--------------- Oil    STB ---------------:-- Wat    STB --:--------------- Gas   MSCF ---------------:
                         :      Liquid        Vapour        Total   :      Total     :      Free        Dissolved       Total   :
:------------------------:------------------------------------------:----------------:------------------------------------------:
:Currently   in place    :     215759865             0     215759865:    212424198   :       2137543     297787331     299924874:
:------------------------:------------------------------------------:----------------:------------------------------------------:
:Originally  in place    :     217546282             0     217546282:    212389812   :             0     302387412     302387412:
:========================:==========================================:================:==========================================:

                                                  ===================================================
                                                  :        FIPNUM report region   1                 :
                                                  :      PAV  =        3690.2  PSIA                 :
                                                  :      PORV =     453237945   RB                  :
                         :--------------- Oil    STB ---------------:-- Wat    STB --:--------------- Gas   MSCF ---------------:
                         :      Liquid        Vapour        Total   :      Total     :      Free        Dissolved       Total   :
:------------------------:------------------------------------------:----------------:------------------------------------------:
:Currently   in place    :     215759865             0     215759865:    212424198   :       2137543     297787331     299924874:
:------------------------:------------------------------------------:----------------:------------------------------------------:
:Originally  in place    :     217546282             0     217546282:    212389812   :             0     302387412     302387412:
:========================:==========================================:================:==========================================:


Warning: Keyword 'BASIC' is unhandled for output to file.

Report step  5/21 at day 50/210, date = 20-Feb-2015

Time step 0, stepsize 10 days.
    Switching control mode for well INJE1 from SURFACE_RATE to BHP
    Switching control mode for well PRODU21 from SURFACE_RATE to BHP
    Switching control mode for well PRODU23 from SURFACE_RATE to BHP
    Switching control mode for well PRODU26 from SURFACE_RATE to BHP
Time step summary: well its =  2, newton its =  2, linearizations =  3 ( 0.239 sec), linear its =  14 ( 0.090 sec)

                              **************************************************************************
  Balance  at        60  Days *                         SPE 9                                          *
  Report    6    02 Mar 2015  *                                             Flow  version 2018.04-pre  *
                              **************************************************************************

                                                  ===================================================
                                                  :                   Field Totals                  :
                                                  :      PAV  =       3671.83  PSIA                 :
                                                  :      PORV =     453205478   RB                  :
                                                  : Pressure is weighted by hydrocarbon pore volume :
                                                  : Pore volumes are taken at reference conditions  :
                         :--------------- Oil    STB ---------------:-- Wat    STB --:--------------- Gas   MSCF ---------------:
                         :      Liquid        Vapour        Total   :      Total     :      Free        Dissolved       Total   :
:------------------------:------------------------------------------:----------------:------------------------------------------:
:Currently   in place    :     215409826             0     215409826:    212429204   :       2619258     296786434     299405692:
:------------------------:------------------------------------------:----------------:------------------------------------------:
:Originally  in place    :     217546282             0     217546282:    212389812   :             0     302387412     302387412:
:========================:==========================================:================:==========================================:

                                                  ===================================================
                                                  :        FIPNUM report region   1                 :
                                                  :      PAV  =       3671.83  PSIA                 :
                                                  :      PORV =     453205478   RB                  :
                         :--------------- Oil    STB ---------------:-- Wat    STB --:--------------- Gas   MSCF ---------------:
                         :      Liquid        Vapour        Total   :      Total     :      Free        Dissolved       Total   :
:------------------------:------------------------------------------:----------------:------------------------------------------:
:Currently   in place    :     215409826             0     215409826:    212429204   :       2619258     296786434     299405692:
:------------------------:------------------------------------------:----------------:------------------------------------------:
:Originally  in place    :     217546282             0     217546282:    212389812   :             0     302387412     302387412:
:========================:==========================================:================:==========================================:


Warning: Keyword 'BASIC' is unhandled for output to file.

Report step  6/21 at day 60/210, date = 02-Mar-2015

Time step 0, stepsize 10 days.
    Switching control mode for well INJE1 from SURFACE_RATE to BHP
    Switching control mode for well PRODU21 from SURFACE_RATE to BHP
    Switching control mode for well PRODU23 from SURFACE_RATE to BHP
    Switching control mode for well PRODU26 from SURFACE_RATE to BHP
Time step summary: well its =  2, newton its =  3, linearizations =  4 ( 0.465 sec), linear its =  16 ( 0.196 sec)

                              **************************************************************************
  Balance  at        70  Days *                         SPE 9                                          *
  Report    7    12 Mar 2015  *                                             Flow  version 2018.04-pre  *
                              **************************************************************************

                                                  ===================================================
                                                  :                   Field Totals                  :
                                                  :      PAV  =       3653.79  PSIA                 :
                                                  :      PORV =     453173886   RB                  :
                                                  : Pressure is weighted by hydrocarbon pore volume :
                                                  : Pore volumes are taken at reference conditions  :
                         :--------------- Oil    STB ---------------:-- Wat    STB --:--------------- Gas   MSCF ---------------:
                         :      Liquid        Vapour        Total   :      Total     :      Free        Dissolved       Total   :
:------------------------:------------------------------------------:----------------:------------------------------------------:
:Currently   in place    :     215060923             0     215060923:    212433832   :       3102812     295751044     298853856:
:------------------------:------------------------------------------:----------------:------------------------------------------:
:Originally  in place    :     217546282             0     217546282:    212389812   :             0     302387412     302387412:
:========================:==========================================:================:==========================================:

                                                  ===================================================
                                                  :        FIPNUM report region   1                 :
                                                  :      PAV  =       3653.79  PSIA                 :
                                                  :      PORV =     453173886   RB                  :
                         :--------------- Oil    STB ---------------:-- Wat    STB --:--------------- Gas   MSCF ---------------:
                         :      Liquid        Vapour        Total   :      Total     :      Free        Dissolved       Total   :
:------------------------:------------------------------------------:----------------:------------------------------------------:
:Currently   in place    :     215060923             0     215060923:    212433832   :       3102812     295751044     298853856:
:------------------------:------------------------------------------:----------------:------------------------------------------:
:Originally  in place    :     217546282             0     217546282:    212389812   :             0     302387412     302387412:
:========================:==========================================:================:==========================================:


Warning: Keyword 'BASIC' is unhandled for output to file.

Report step  7/21 at day 70/210, date = 12-Mar-2015

Time step 0, stepsize 10 days.
    Switching control mode for well INJE1 from SURFACE_RATE to BHP
    Switching control mode for well PRODU21 from SURFACE_RATE to BHP
    Switching control mode for well PRODU23 from SURFACE_RATE to BHP
    Switching control mode for well PRODU26 from SURFACE_RATE to BHP
    Switching control mode for well PRODU9 from SURFACE_RATE to BHP
Time step summary: well its =  2, newton its =  2, linearizations =  3 ( 0.286 sec), linear its =  11 ( 0.125 sec)

                              **************************************************************************
  Balance  at        80  Days *                         SPE 9                                          *
  Report    8    22 Mar 2015  *                                             Flow  version 2018.04-pre  *
                              **************************************************************************

                                                  ===================================================
                                                  :                   Field Totals                  :
                                                  :      PAV  =       3635.85  PSIA                 :
                                                  :      PORV =     453142805   RB                  :
                                                  : Pressure is weighted by hydrocarbon pore volume :
                                                  : Pore volumes are taken at reference conditions  :
                         :--------------- Oil    STB ---------------:-- Wat    STB --:--------------- Gas   MSCF ---------------:
                         :      Liquid        Vapour        Total   :      Total     :      Free        Dissolved       Total   :
:------------------------:------------------------------------------:----------------:------------------------------------------:
:Currently   in place    :     214712752             0     214712752:    212437975   :       3587163     294675225     298262387:
:------------------------:------------------------------------------:----------------:------------------------------------------:
:Originally  in place    :     217546282             0     217546282:    212389812   :             0     302387412     302387412:
:========================:==========================================:================:==========================================:

                                                  ===================================================
                                                  :        FIPNUM report region   1                 :
                                                  :      PAV  =       3635.85  PSIA                 :
                                                  :      PORV =     453142805   RB                  :
                         :--------------- Oil    STB ---------------:-- Wat    STB --:--------------- Gas   MSCF ---------------:
                         :      Liquid        Vapour        Total   :      Total     :      Free        Dissolved       Total   :
:------------------------:------------------------------------------:----------------:------------------------------------------:
:Currently   in place    :     214712752             0     214712752:    212437975   :       3587163     294675225     298262387:
:------------------------:------------------------------------------:----------------:------------------------------------------:
:Originally  in place    :     217546282             0     217546282:    212389812   :             0     302387412     302387412:
:========================:==========================================:================:==========================================:


Warning: Keyword 'BASIC' is unhandled for output to file.

Report step  8/21 at day 80/210, date = 22-Mar-2015

Time step 0, stepsize 10 days.
    Switching control mode for well INJE1 from SURFACE_RATE to BHP
    Switching control mode for well PRODU21 from SURFACE_RATE to BHP
    Switching control mode for well PRODU23 from SURFACE_RATE to BHP
    Switching control mode for well PRODU26 from SURFACE_RATE to BHP
    Switching control mode for well PRODU9 from SURFACE_RATE to BHP
Time step summary: well its =  2, newton its =  3, linearizations =  4 ( 0.204 sec), linear its =  13 ( 0.092 sec)

                              **************************************************************************
  Balance  at        90  Days *                         SPE 9                                          *
  Report    9    01 Apr 2015  *                                             Flow  version 2018.04-pre  *
                              **************************************************************************

                                                  ===================================================
                                                  :                   Field Totals                  :
                                                  :      PAV  =       3617.99  PSIA                 :
                                                  :      PORV =     453112152   RB                  :
                                                  : Pressure is weighted by hydrocarbon pore volume :
                                                  : Pore volumes are taken at reference conditions  :
                         :--------------- Oil    STB ---------------:-- Wat    STB --:--------------- Gas   MSCF ---------------:
                         :      Liquid        Vapour        Total   :      Total     :      Free        Dissolved       Total   :
:------------------------:------------------------------------------:----------------:------------------------------------------:
:Currently   in place    :     214366768             0     214366768:    212441317   :       4070556     293555734     297626289:
:------------------------:------------------------------------------:----------------:------------------------------------------:
:Originally  in place    :     217546282             0     217546282:    212389812   :             0     302387412     302387412:
:========================:==========================================:================:==========================================:

                                                  ===================================================
                                                  :        FIPNUM report region   1                 :
                                                  :      PAV  =       3617.99  PSIA                 :
                                                  :      PORV =     453112152   RB                  :
                         :--------------- Oil    STB ---------------:-- Wat    STB --:--------------- Gas   MSCF ---------------:
                         :      Liquid        Vapour        Total   :      Total     :      Free        Dissolved       Total   :
:------------------------:------------------------------------------:----------------:------------------------------------------:
:Currently   in place    :     214366768             0     214366768:    212441317   :       4070556     293555734     297626289:
:------------------------:------------------------------------------:----------------:------------------------------------------:
:Originally  in place    :     217546282             0     217546282:    212389812   :             0     302387412     302387412:
:========================:==========================================:================:==========================================:


Warning: Keyword 'BASIC' is unhandled for output to file.

Report step  9/21 at day 90/210, date = 01-Apr-2015

Time step 0, stepsize 10 days.
    Switching control mode for well INJE1 from SURFACE_RATE to BHP
    Switching control mode for well PRODU9 from SURFACE_RATE to BHP
    Switching control mode for well PRODU21 from SURFACE_RATE to BHP
    Switching control mode for well PRODU23 from SURFACE_RATE to BHP
    Switching control mode for well PRODU26 from SURFACE_RATE to BHP
Time step summary: well its =  2, newton its =  3, linearizations =  4 ( 0.300 sec), linear its =  17 ( 0.128 sec)

                              **************************************************************************
  Balance  at       100  Days *                         SPE 9                                          *
  Report   10    11 Apr 2015  *                                             Flow  version 2018.04-pre  *
                              **************************************************************************

                                                  ===================================================
                                                  :                   Field Totals                  :
                                                  :      PAV  =        3600.1  PSIA                 :
                                                  :      PORV =     453081747   RB                  :
                                                  : Pressure is weighted by hydrocarbon pore volume :
                                                  : Pore volumes are taken at reference conditions  :
                         :--------------- Oil    STB ---------------:-- Wat    STB --:--------------- Gas   MSCF ---------------:
                         :      Liquid        Vapour        Total   :      Total     :      Free        Dissolved       Total   :
:------------------------:------------------------------------------:----------------:------------------------------------------:
:Currently   in place    :     214022567             0     214022567:    212443964   :       4552542     292392156     296944698:
:------------------------:------------------------------------------:----------------:------------------------------------------:
:Originally  in place    :     217546282             0     217546282:    212389812   :             0     302387412     302387412:
:========================:==========================================:================:==========================================:

                                                  ===================================================
                                                  :        FIPNUM report region   1                 :
                                                  :      PAV  =        3600.1  PSIA                 :
                                                  :      PORV =     453081747   RB                  :
                         :--------------- Oil    STB ---------------:-- Wat    STB --:--------------- Gas   MSCF ---------------:
                         :      Liquid        Vapour        Total   :      Total     :      Free        Dissolved       Total   :
:------------------------:------------------------------------------:----------------:------------------------------------------:
:Currently   in place    :     214022567             0     214022567:    212443964   :       4552542     292392156     296944698:
:------------------------:------------------------------------------:----------------:------------------------------------------:
:Originally  in place    :     217546282             0     217546282:    212389812   :             0     302387412     302387412:
:========================:==========================================:================:==========================================:


Warning: Keyword 'BASIC' is unhandled for output to file.

Report step 10/21 at day 100/210, date = 11-Apr-2015

Time step 0, stepsize 10 days.
    Switching control mode for well INJE1 from SURFACE_RATE to BHP
Time step summary: well its =  2, newton its =  4, linearizations =  5 ( 0.270 sec), linear its =  18 ( 0.119 sec)

                              **************************************************************************
  Balance  at       110  Days *                         SPE 9                                          *
  Report   11    21 Apr 2015  *                                             Flow  version 2018.04-pre  *
                              **************************************************************************

                                                  ===================================================
                                                  :                   Field Totals                  :
                                                  :      PAV  =       3593.64  PSIA                 :
                                                  :      PORV =     453066927   RB                  :
                                                  : Pressure is weighted by hydrocarbon pore volume :
                                                  : Pore volumes are taken at reference conditions  :
                         :--------------- Oil    STB ---------------:-- Wat    STB --:--------------- Gas   MSCF ---------------:
                         :      Liquid        Vapour        Total   :      Total     :      Free        Dissolved       Total   :
:------------------------:------------------------------------------:----------------:------------------------------------------:
:Currently   in place    :     213997556             0     213997556:    212451807   :       4565967     292345500     296911468:
:------------------------:------------------------------------------:----------------:------------------------------------------:
:Originally  in place    :     217546282             0     217546282:    212389812   :             0     302387412     302387412:
:========================:==========================================:================:==========================================:

                                                  ===================================================
                                                  :        FIPNUM report region   1                 :
                                                  :      PAV  =       3593.64  PSIA                 :
                                                  :      PORV =     453066927   RB                  :
                         :--------------- Oil    STB ---------------:-- Wat    STB --:--------------- Gas   MSCF ---------------:
                         :      Liquid        Vapour        Total   :      Total     :      Free        Dissolved       Total   :
:------------------------:------------------------------------------:----------------:------------------------------------------:
:Currently   in place    :     213997556             0     213997556:    212451807   :       4565967     292345500     296911468:
:------------------------:------------------------------------------:----------------:------------------------------------------:
:Originally  in place    :     217546282             0     217546282:    212389812   :             0     302387412     302387412:
:========================:==========================================:================:==========================================:


Warning: Keyword 'BASIC' is unhandled for output to file.

Report step 11/21 at day 110/210, date = 21-Apr-2015

Time step 0, stepsize 10 days.
    Switching control mode for well INJE1 from SURFACE_RATE to BHP
Time step summary: well its =  2, newton its =  3, linearizations =  4 ( 0.188 sec), linear its =  16 ( 0.099 sec)

                              **************************************************************************
  Balance  at       120  Days *                         SPE 9                                          *
  Report   12    01 May 2015  *                                             Flow  version 2018.04-pre  *
                              **************************************************************************

                                                  ===================================================
                                                  :                   Field Totals                  :
                                                  :      PAV  =       3588.31  PSIA                 :
                                                  :      PORV =     453054492   RB                  :
                                                  : Pressure is weighted by hydrocarbon pore volume :
                                                  : Pore volumes are taken at reference conditions  :
                         :--------------- Oil    STB ---------------:-- Wat    STB --:--------------- Gas   MSCF ---------------:
                         :      Liquid        Vapour        Total   :      Total     :      Free        Dissolved       Total   :
:------------------------:------------------------------------------:----------------:------------------------------------------:
:Currently   in place    :     213972546             0     213972546:    212459813   :       4570216     292308911     296879127:
:------------------------:------------------------------------------:----------------:------------------------------------------:
:Originally  in place    :     217546282             0     217546282:    212389812   :             0     302387412     302387412:
:========================:==========================================:================:==========================================:

                                                  ===================================================
                                                  :        FIPNUM report region   1                 :
                                                  :      PAV  =       3588.31  PSIA                 :
                                                  :      PORV =     453054492   RB                  :
                         :--------------- Oil    STB ---------------:-- Wat    STB --:--------------- Gas   MSCF ---------------:
                         :      Liquid        Vapour        Total   :      Total     :      Free        Dissolved       Total   :
:------------------------:------------------------------------------:----------------:------------------------------------------:
:Currently   in place    :     213972546             0     213972546:    212459813   :       4570216     292308911     296879127:
:------------------------:------------------------------------------:----------------:------------------------------------------:
:Originally  in place    :     217546282             0     217546282:    212389812   :             0     302387412     302387412:
:========================:==========================================:================:==========================================:


Warning: Keyword 'BASIC' is unhandled for output to file.

Report step 12/21 at day 120/210, date = 01-May-2015

Time step 0, stepsize 10 days.
    Switching control mode for well INJE1 from SURFACE_RATE to BHP
Time step summary: well its =  2, newton its =  3, linearizations =  4 ( 0.203 sec), linear its =  15 ( 0.088 sec)

                              **************************************************************************
  Balance  at       130  Days *                         SPE 9                                          *
  Report   13    11 May 2015  *                                             Flow  version 2018.04-pre  *
                              **************************************************************************

                                                  ===================================================
                                                  :                   Field Totals                  :
                                                  :      PAV  =        3583.8  PSIA                 :
                                                  :      PORV =     453043906   RB                  :
                                                  : Pressure is weighted by hydrocarbon pore volume :
                                                  : Pore volumes are taken at reference conditions  :
                         :--------------- Oil    STB ---------------:-- Wat    STB --:--------------- Gas   MSCF ---------------:
                         :      Liquid        Vapour        Total   :      Total     :      Free        Dissolved       Total   :
:------------------------:------------------------------------------:----------------:------------------------------------------:
:Currently   in place    :     213947604             0     213947604:    212467980   :       4573457     292273695     296847152:
:------------------------:------------------------------------------:----------------:------------------------------------------:
:Originally  in place    :     217546282             0     217546282:    212389812   :             0     302387412     302387412:
:========================:==========================================:================:==========================================:

                                                  ===================================================
                                                  :        FIPNUM report region   1                 :
                                                  :      PAV  =        3583.8  PSIA                 :
                                                  :      PORV =     453043906   RB                  :
                         :--------------- Oil    STB ---------------:-- Wat    STB --:--------------- Gas   MSCF ---------------:
                         :      Liquid        Vapour        Total   :      Total     :      Free        Dissolved       Total   :
:------------------------:------------------------------------------:----------------:------------------------------------------:
:Currently   in place    :     213947604             0     213947604:    212467980   :       4573457     292273695     296847152:
:------------------------:------------------------------------------:----------------:------------------------------------------:
:Originally  in place    :     217546282             0     217546282:    212389812   :             0     302387412     302387412:
:========================:==========================================:================:==========================================:


Warning: Keyword 'BASIC' is unhandled for output to file.

Report step 13/21 at day 130/210, date = 11-May-2015

Time step 0, stepsize 10 days.
    Switching control mode for well INJE1 from SURFACE_RATE to BHP
Time step summary: well its =  2, newton its =  3, linearizations =  4 ( 0.181 sec), linear its =  15 ( 0.089 sec)

                              **************************************************************************
  Balance  at       140  Days *                         SPE 9                                          *
  Report   14    21 May 2015  *                                             Flow  version 2018.04-pre  *
                              **************************************************************************

                                                  ===================================================
                                                  :                   Field Totals                  :
                                                  :      PAV  =       3579.89  PSIA                 :
                                                  :      PORV =     453034775   RB                  :
                                                  : Pressure is weighted by hydrocarbon pore volume :
                                                  : Pore volumes are taken at reference conditions  :
                         :--------------- Oil    STB ---------------:-- Wat    STB --:--------------- Gas   MSCF ---------------:
                         :      Liquid        Vapour        Total   :      Total     :      Free        Dissolved       Total   :
:------------------------:------------------------------------------:----------------:------------------------------------------:
:Currently   in place    :     213922696             0     213922696:    212476247   :       4577509     292237685     296815194:
:------------------------:------------------------------------------:----------------:------------------------------------------:
:Originally  in place    :     217546282             0     217546282:    212389812   :             0     302387412     302387412:
:========================:==========================================:================:==========================================:

                                                  ===================================================
                                                  :        FIPNUM report region   1                 :
                                                  :      PAV  =       3579.89  PSIA                 :
                                                  :      PORV =     453034775   RB                  :
                         :--------------- Oil    STB ---------------:-- Wat    STB --:--------------- Gas   MSCF ---------------:
                         :      Liquid        Vapour        Total   :      Total     :      Free        Dissolved       Total   :
:------------------------:------------------------------------------:----------------:------------------------------------------:
:Currently   in place    :     213922696             0     213922696:    212476247   :       4577509     292237685     296815194:
:------------------------:------------------------------------------:----------------:------------------------------------------:
:Originally  in place    :     217546282             0     217546282:    212389812   :             0     302387412     302387412:
:========================:==========================================:================:==========================================:


Warning: Keyword 'BASIC' is unhandled for output to file.

Report step 14/21 at day 140/210, date = 21-May-2015

Time step 0, stepsize 10 days.
    Switching control mode for well INJE1 from SURFACE_RATE to BHP
Time step summary: well its =  2, newton its =  3, linearizations =  4 ( 0.180 sec), linear its =  15 ( 0.086 sec)

                              **************************************************************************
  Balance  at       150  Days *                         SPE 9                                          *
  Report   15    31 May 2015  *                                             Flow  version 2018.04-pre  *
                              **************************************************************************

                                                  ===================================================
                                                  :                   Field Totals                  :
                                                  :      PAV  =       3576.46  PSIA                 :
                                                  :      PORV =     453026865   RB                  :
                                                  : Pressure is weighted by hydrocarbon pore volume :
                                                  : Pore volumes are taken at reference conditions  :
                         :--------------- Oil    STB ---------------:-- Wat    STB --:--------------- Gas   MSCF ---------------:
                         :      Liquid        Vapour        Total   :      Total     :      Free        Dissolved       Total   :
:------------------------:------------------------------------------:----------------:------------------------------------------:
:Currently   in place    :     213897724             0     213897724:    212484619   :       4583523     292199566     296783089:
:------------------------:------------------------------------------:----------------:------------------------------------------:
:Originally  in place    :     217546282             0     217546282:    212389812   :             0     302387412     302387412:
:========================:==========================================:================:==========================================:

                                                  ===================================================
                                                  :        FIPNUM report region   1                 :
                                                  :      PAV  =       3576.46  PSIA                 :
                                                  :      PORV =     453026865   RB                  :
                         :--------------- Oil    STB ---------------:-- Wat    STB --:--------------- Gas   MSCF ---------------:
                         :      Liquid        Vapour        Total   :      Total     :      Free        Dissolved       Total   :
:------------------------:------------------------------------------:----------------:------------------------------------------:
:Currently   in place    :     213897724             0     213897724:    212484619   :       4583523     292199566     296783089:
:------------------------:------------------------------------------:----------------:------------------------------------------:
:Originally  in place    :     217546282             0     217546282:    212389812   :             0     302387412     302387412:
:========================:==========================================:================:==========================================:


Warning: Keyword 'BASIC' is unhandled for output to file.

Report step 15/21 at day 150/210, date = 31-May-2015

Time step 0, stepsize 10 days.
    Switching control mode for well INJE1 from SURFACE_RATE to BHP
Time step summary: well its =  2, newton its =  3, linearizations =  4 ( 0.210 sec), linear its =  15 ( 0.080 sec)

                              **************************************************************************
  Balance  at       160  Days *                         SPE 9                                          *
  Report   16    10 Jun 2015  *                                             Flow  version 2018.04-pre  *
                              **************************************************************************

                                                  ===================================================
                                                  :                   Field Totals                  :
                                                  :      PAV  =       3573.46  PSIA                 :
                                                  :      PORV =     453020011   RB                  :
                                                  : Pressure is weighted by hydrocarbon pore volume :
                                                  : Pore volumes are taken at reference conditions  :
                         :--------------- Oil    STB ---------------:-- Wat    STB --:--------------- Gas   MSCF ---------------:
                         :      Liquid        Vapour        Total   :      Total     :      Free        Dissolved       Total   :
:------------------------:------------------------------------------:----------------:------------------------------------------:
:Currently   in place    :     213872739             0     213872739:    212493079   :       4591932     292158981     296750912:
:------------------------:------------------------------------------:----------------:------------------------------------------:
:Originally  in place    :     217546282             0     217546282:    212389812   :             0     302387412     302387412:
:========================:==========================================:================:==========================================:

                                                  ===================================================
                                                  :        FIPNUM report region   1                 :
                                                  :      PAV  =       3573.46  PSIA                 :
                                                  :      PORV =     453020011   RB                  :
                         :--------------- Oil    STB ---------------:-- Wat    STB --:--------------- Gas   MSCF ---------------:
                         :      Liquid        Vapour        Total   :      Total     :      Free        Dissolved       Total   :
:------------------------:------------------------------------------:----------------:------------------------------------------:
:Currently   in place    :     213872739             0     213872739:    212493079   :       4591932     292158981     296750912:
:------------------------:------------------------------------------:----------------:------------------------------------------:
:Originally  in place    :     217546282             0     217546282:    212389812   :             0     302387412     302387412:
:========================:==========================================:================:==========================================:


Warning: Keyword 'BASIC' is unhandled for output to file.

Report step 16/21 at day 160/210, date = 10-Jun-2015

Time step 0, stepsize 10 days.
    Switching control mode for well INJE1 from SURFACE_RATE to BHP
    Switching control mode for well PRODU23 from SURFACE_RATE to BHP
    Switching control mode for well PRODU26 from SURFACE_RATE to BHP
    Switching control mode for well PRODU21 from SURFACE_RATE to BHP
Time step summary: well its =  2, newton its =  5, linearizations =  6 ( 0.306 sec), linear its =  18 ( 0.121 sec)

                              **************************************************************************
  Balance  at       170  Days *                         SPE 9                                          *
  Report   17    20 Jun 2015  *                                             Flow  version 2018.04-pre  *
                              **************************************************************************

                                                  ===================================================
                                                  :                   Field Totals                  :
                                                  :      PAV  =       3561.86  PSIA                 :
                                                  :      PORV =     453001860   RB                  :
                                                  : Pressure is weighted by hydrocarbon pore volume :
                                                  : Pore volumes are taken at reference conditions  :
                         :--------------- Oil    STB ---------------:-- Wat    STB --:--------------- Gas   MSCF ---------------:
                         :      Liquid        Vapour        Total   :      Total     :      Free        Dissolved       Total   :
:------------------------:------------------------------------------:----------------:------------------------------------------:
:Currently   in place    :     213523178             0     213523178:    212495517   :       5119657     291156974     296276631:
:------------------------:------------------------------------------:----------------:------------------------------------------:
:Originally  in place    :     217546282             0     217546282:    212389812   :             0     302387412     302387412:
:========================:==========================================:================:==========================================:

                                                  ===================================================
                                                  :        FIPNUM report region   1                 :
                                                  :      PAV  =       3561.86  PSIA                 :
                                                  :      PORV =     453001860   RB                  :
                         :--------------- Oil    STB ---------------:-- Wat    STB --:--------------- Gas   MSCF ---------------:
                         :      Liquid        Vapour        Total   :      Total     :      Free        Dissolved       Total   :
:------------------------:------------------------------------------:----------------:------------------------------------------:
:Currently   in place    :     213523178             0     213523178:    212495517   :       5119657     291156974     296276631:
:------------------------:------------------------------------------:----------------:------------------------------------------:
:Originally  in place    :     217546282             0     217546282:    212389812   :             0     302387412     302387412:
:========================:==========================================:================:==========================================:


Warning: Keyword 'BASIC' is unhandled for output to file.

Report step 17/21 at day 170/210, date = 20-Jun-2015

Time step 0, stepsize 10 days.
    Switching control mode for well INJE1 from SURFACE_RATE to BHP
    Switching control mode for well PRODU21 from SURFACE_RATE to BHP
    Switching control mode for well PRODU23 from SURFACE_RATE to BHP
    Switching control mode for well PRODU26 from SURFACE_RATE to BHP
    Switching control mode for well PRODU9 from SURFACE_RATE to BHP
Time step summary: well its =  2, newton its =  5, linearizations =  6 ( 0.348 sec), linear its =  21 ( 0.139 sec)

                              **************************************************************************
  Balance  at       180  Days *                         SPE 9                                          *
  Report   18    30 Jun 2015  *                                             Flow  version 2018.04-pre  *
                              **************************************************************************

                                                  ===================================================
                                                  :                   Field Totals                  :
                                                  :      PAV  =       3549.98  PSIA                 :
                                                  :      PORV =     452983177   RB                  :
                                                  : Pressure is weighted by hydrocarbon pore volume :
                                                  : Pore volumes are taken at reference conditions  :
                         :--------------- Oil    STB ---------------:-- Wat    STB --:--------------- Gas   MSCF ---------------:
                         :      Liquid        Vapour        Total   :      Total     :      Free        Dissolved       Total   :
:------------------------:------------------------------------------:----------------:------------------------------------------:
:Currently   in place    :     213176968             0     213176968:    212497134   :       5635963     290107220     295743183:
:------------------------:------------------------------------------:----------------:------------------------------------------:
:Originally  in place    :     217546282             0     217546282:    212389812   :             0     302387412     302387412:
:========================:==========================================:================:==========================================:

                                                  ===================================================
                                                  :        FIPNUM report region   1                 :
                                                  :      PAV  =       3549.98  PSIA                 :
                                                  :      PORV =     452983177   RB                  :
                         :--------------- Oil    STB ---------------:-- Wat    STB --:--------------- Gas   MSCF ---------------:
                         :      Liquid        Vapour        Total   :      Total     :      Free        Dissolved       Total   :
:------------------------:------------------------------------------:----------------:------------------------------------------:
:Currently   in place    :     213176968             0     213176968:    212497134   :       5635963     290107220     295743183:
:------------------------:------------------------------------------:----------------:------------------------------------------:
:Originally  in place    :     217546282             0     217546282:    212389812   :             0     302387412     302387412:
:========================:==========================================:================:==========================================:


Warning: Keyword 'BASIC' is unhandled for output to file.

Report step 18/21 at day 180/210, date = 30-Jun-2015

Time step 0, stepsize 10 days.
    Switching control mode for well INJE1 from SURFACE_RATE to BHP
    Switching control mode for well PRODU9 from SURFACE_RATE to BHP
    Switching control mode for well PRODU21 from SURFACE_RATE to BHP
    Switching control mode for well PRODU23 from SURFACE_RATE to BHP
    Switching control mode for well PRODU26 from SURFACE_RATE to BHP
    Switching control mode for well PRODU22 from SURFACE_RATE to BHP
Time step summary: well its =  2, newton its =  3, linearizations =  4 ( 0.217 sec), linear its =  18 ( 0.104 sec)

                              **************************************************************************
  Balance  at       190  Days *                         SPE 9                                          *
  Report   19    10 Jul 2015  *                                             Flow  version 2018.04-pre  *
                              **************************************************************************

                                                  ===================================================
                                                  :                   Field Totals                  :
                                                  :      PAV  =       3536.81  PSIA                 :
                                                  :      PORV =     452962557   RB                  :
                                                  : Pressure is weighted by hydrocarbon pore volume :
                                                  : Pore volumes are taken at reference conditions  :
                         :--------------- Oil    STB ---------------:-- Wat    STB --:--------------- Gas   MSCF ---------------:
                         :      Liquid        Vapour        Total   :      Total     :      Free        Dissolved       Total   :
:------------------------:------------------------------------------:----------------:------------------------------------------:
:Currently   in place    :     212834766             0     212834766:    212497871   :       6142378     288958873     295101251:
:------------------------:------------------------------------------:----------------:------------------------------------------:
:Originally  in place    :     217546282             0     217546282:    212389812   :             0     302387412     302387412:
:========================:==========================================:================:==========================================:

                                                  ===================================================
                                                  :        FIPNUM report region   1                 :
                                                  :      PAV  =       3536.81  PSIA                 :
                                                  :      PORV =     452962557   RB                  :
                         :--------------- Oil    STB ---------------:-- Wat    STB --:--------------- Gas   MSCF ---------------:
                         :      Liquid        Vapour        Total   :      Total     :      Free        Dissolved       Total   :
:------------------------:------------------------------------------:----------------:------------------------------------------:
:Currently   in place    :     212834766             0     212834766:    212497871   :       6142378     288958873     295101251:
:------------------------:------------------------------------------:----------------:------------------------------------------:
:Originally  in place    :     217546282             0     217546282:    212389812   :             0     302387412     302387412:
:========================:==========================================:================:==========================================:


Warning: Keyword 'BASIC' is unhandled for output to file.

Report step 19/21 at day 190/210, date = 10-Jul-2015

Time step 0, stepsize 10 days.
    Switching control mode for well INJE1 from SURFACE_RATE to BHP
    Switching control mode for well PRODU9 from SURFACE_RATE to BHP
    Switching control mode for well PRODU21 from SURFACE_RATE to BHP
    Switching control mode for well PRODU22 from SURFACE_RATE to BHP
    Switching control mode for well PRODU23 from SURFACE_RATE to BHP
    Switching control mode for well PRODU26 from SURFACE_RATE to BHP
    Switching control mode for well PRODU16 from SURFACE_RATE to BHP
Time step summary: well its =  2, newton its =  3, linearizations =  4 ( 0.252 sec), linear its =  17 ( 0.120 sec)

                              **************************************************************************
  Balance  at       200  Days *                         SPE 9                                          *
  Report   20    20 Jul 2015  *                                             Flow  version 2018.04-pre  *
                              **************************************************************************

                                                  ===================================================
                                                  :                   Field Totals                  :
                                                  :      PAV  =       3522.44  PSIA                 :
                                                  :      PORV =     452940098   RB                  :
                                                  : Pressure is weighted by hydrocarbon pore volume :
                                                  : Pore volumes are taken at reference conditions  :
                         :--------------- Oil    STB ---------------:-- Wat    STB --:--------------- Gas   MSCF ---------------:
                         :      Liquid        Vapour        Total   :      Total     :      Free        Dissolved       Total   :
:------------------------:------------------------------------------:----------------:------------------------------------------:
:Currently   in place    :     212496732             0     212496732:    212497643   :       6637800     287727357     294365157:
:------------------------:------------------------------------------:----------------:------------------------------------------:
:Originally  in place    :     217546282             0     217546282:    212389812   :             0     302387412     302387412:
:========================:==========================================:================:==========================================:

                                                  ===================================================
                                                  :        FIPNUM report region   1                 :
                                                  :      PAV  =       3522.44  PSIA                 :
                                                  :      PORV =     452940098   RB                  :
                         :--------------- Oil    STB ---------------:-- Wat    STB --:--------------- Gas   MSCF ---------------:
                         :      Liquid        Vapour        Total   :      Total     :      Free        Dissolved       Total   :
:------------------------:------------------------------------------:----------------:------------------------------------------:
:Currently   in place    :     212496732             0     212496732:    212497643   :       6637800     287727357     294365157:
:------------------------:------------------------------------------:----------------:------------------------------------------:
:Originally  in place    :     217546282             0     217546282:    212389812   :             0     302387412     302387412:
:========================:==========================================:================:==========================================:


Warning: Keyword 'BASIC' is unhandled for output to file.

Report step 20/21 at day 200/210, date = 20-Jul-2015

Time step 0, stepsize 10 days.
    Switching control mode for well INJE1 from SURFACE_RATE to BHP
    Switching control mode for well PRODU9 from SURFACE_RATE to BHP
    Switching control mode for well PRODU16 from SURFACE_RATE to BHP
    Switching control mode for well PRODU21 from SURFACE_RATE to BHP
    Switching control mode for well PRODU22 from SURFACE_RATE to BHP
    Switching control mode for well PRODU23 from SURFACE_RATE to BHP
    Switching control mode for well PRODU26 from SURFACE_RATE to BHP
Time step summary: well its =  2, newton its =  3, linearizations =  4 ( 0.293 sec), linear its =  16 ( 0.125 sec)

                              **************************************************************************
  Balance  at       210  Days *                         SPE 9                                          *
  Report   21    30 Jul 2015  *                                             Flow  version 2018.04-pre  *
                              **************************************************************************

                                                  ===================================================
                                                  :                   Field Totals                  :
                                                  :      PAV  =       3507.19  PSIA                 :
                                                  :      PORV =     452916277   RB                  :
                                                  : Pressure is weighted by hydrocarbon pore volume :
                                                  : Pore volumes are taken at reference conditions  :
                         :--------------- Oil    STB ---------------:-- Wat    STB --:--------------- Gas   MSCF ---------------:
                         :      Liquid        Vapour        Total   :      Total     :      Free        Dissolved       Total   :
:------------------------:------------------------------------------:----------------:------------------------------------------:
:Currently   in place    :     212162856             0     212162856:    212496438   :       7122159     286435294     293557452:
:------------------------:------------------------------------------:----------------:------------------------------------------:
:Originally  in place    :     217546282             0     217546282:    212389812   :             0     302387412     302387412:
:========================:==========================================:================:==========================================:

                                                  ===================================================
                                                  :        FIPNUM report region   1                 :
                                                  :      PAV  =       3507.19  PSIA                 :
                                                  :      PORV =     452916277   RB                  :
                         :--------------- Oil    STB ---------------:-- Wat    STB --:--------------- Gas   MSCF ---------------:
                         :      Liquid        Vapour        Total   :      Total     :      Free        Dissolved       Total   :
:------------------------:------------------------------------------:----------------:------------------------------------------:
:Currently   in place    :     212162856             0     212162856:    212496438   :       7122159     286435294     293557452:
:------------------------:------------------------------------------:----------------:------------------------------------------:
:Originally  in place    :     217546282             0     217546282:    212389812   :             0     302387412     302387412:
:========================:==========================================:================:==========================================:


Warning: Keyword 'BASIC' is unhandled for output to file.


================    End of simulation     ===============

Total time (seconds):         10.2009
Solver time (seconds):        9.66149
 Assembly time (seconds):     6.13103 (Failed: 0; 0%)
 Linear solve time (seconds): 2.85588 (Failed: 0; 0%)
 Update time (seconds):       0.403421 (Failed: 0; 0%)
 Output write time (seconds): 0.470152
Overall Well Iterations:      47 (Failed: 0; 0%)
Overall Linearizations:       95 (Failed: 0; 0%)
Overall Newton Iterations:    73 (Failed: 0; 0%)
Overall Linear Iterations:    391 (Failed: 0; 0%)



Error summary:
Warnings          21
Info              151
Errors            0
Bugs              0
Debug             0
Problems          0

